<?xml version="1.0" encoding="UTF-8"?>
<robot generator="Robot 7.2.2 (Python 3.13.3 on win32)" generated="2025-05-29T16:22:39.055220" rpa="false" schemaversion="5">
<suite id="s1" name="Testcases &amp; Smartcliff RobotFramework Project">
<suite id="s1-s1" name="Testcases" source="D:\smartcliff_project\Smartcliff_RobotFramework_Project\Testcases">
<suite id="s1-s1-s1" name="CareerTest" source="D:\smartcliff_project\Smartcliff_RobotFramework_Project\Testcases\CareerTest.robot">
<test id="s1-s1-s1-t1" name="clicking on the three lines icon on Career Page" line="15">
<kw name="Open the browser with url" owner="GenericResources" type="SETUP">
<kw name="Evaluate" owner="BuiltIn">
<msg time="2025-05-29T16:22:39.561188" level="INFO">${options} = &lt;selenium.webdriver.chrome.options.Options object at 0x0000023E326DD7F0&gt;</msg>
<var>${options}</var>
<arg>sys.modules['selenium.webdriver'].ChromeOptions()</arg>
<arg>sys, selenium.webdriver</arg>
<doc>Evaluates the given expression in Python and returns the result.</doc>
<status status="PASS" start="2025-05-29T16:22:39.560703" elapsed="0.000562"/>
</kw>
<kw name="Call Method" owner="BuiltIn">
<arg>${options}</arg>
<arg>add_argument</arg>
<arg>--incognito</arg>
<doc>Calls the named method of the given object with the provided arguments.</doc>
<status status="PASS" start="2025-05-29T16:22:39.561478" elapsed="0.000168"/>
</kw>
<kw name="Call Method" owner="BuiltIn">
<arg>${options}</arg>
<arg>add_argument</arg>
<arg>--disable-extensions</arg>
<doc>Calls the named method of the given object with the provided arguments.</doc>
<status status="PASS" start="2025-05-29T16:22:39.561737" elapsed="0.000108"/>
</kw>
<kw name="Call Method" owner="BuiltIn">
<arg>${options}</arg>
<arg>add_argument</arg>
<arg>--disable-notifications</arg>
<doc>Calls the named method of the given object with the provided arguments.</doc>
<status status="PASS" start="2025-05-29T16:22:39.561932" elapsed="0.000089"/>
</kw>
<kw name="Call Method" owner="BuiltIn">
<arg>${options}</arg>
<arg>add_argument</arg>
<arg>--disable-popup-blocking</arg>
<doc>Calls the named method of the given object with the provided arguments.</doc>
<status status="PASS" start="2025-05-29T16:22:39.562100" elapsed="0.000088"/>
</kw>
<kw name="Call Method" owner="BuiltIn">
<arg>${options}</arg>
<arg>add_argument</arg>
<arg>--start-maximized</arg>
<doc>Calls the named method of the given object with the provided arguments.</doc>
<status status="PASS" start="2025-05-29T16:22:39.562270" elapsed="0.000088"/>
</kw>
<kw name="Evaluate" owner="BuiltIn">
<msg time="2025-05-29T16:22:39.562627" level="INFO">${prefs} = {'credentials_enable_service': False, 'profile.password_manager_enabled': False}</msg>
<var>${prefs}</var>
<arg>{"credentials_enable_service": False, "profile.password_manager_enabled": False}</arg>
<doc>Evaluates the given expression in Python and returns the result.</doc>
<status status="PASS" start="2025-05-29T16:22:39.562449" elapsed="0.000208"/>
</kw>
<kw name="Call Method" owner="BuiltIn">
<arg>${options}</arg>
<arg>add_experimental_option</arg>
<arg>prefs</arg>
<arg>${prefs}</arg>
<doc>Calls the named method of the given object with the provided arguments.</doc>
<status status="PASS" start="2025-05-29T16:22:39.562747" elapsed="0.000148"/>
</kw>
<kw name="Open Browser" owner="SeleniumLibrary">
<msg time="2025-05-29T16:22:39.563329" level="INFO">Opening browser 'chrome' to base url 'https://smart-cliff-admin.vercel.app/'.</msg>
<arg>${url}</arg>
<arg>${browser}</arg>
<arg>options=${options}</arg>
<doc>Opens a new browser instance to the optional ``url``.</doc>
<status status="PASS" start="2025-05-29T16:22:39.563016" elapsed="4.143564"/>
</kw>
<kw name="Maximize Browser Window" owner="SeleniumLibrary">
<doc>Maximizes current browser window.</doc>
<status status="PASS" start="2025-05-29T16:22:43.706915" elapsed="0.003919"/>
</kw>
<kw name="Set Selenium Implicit Wait" owner="SeleniumLibrary">
<arg>5</arg>
<doc>Sets the implicit wait value used by Selenium.</doc>
<status status="PASS" start="2025-05-29T16:22:43.711046" elapsed="0.001469"/>
</kw>
<status status="PASS" start="2025-05-29T16:22:39.559838" elapsed="4.152868"/>
</kw>
<kw name="Working with Career Page By clicking on the three lines icon">
<kw name="fill the login form" owner="LoginResources">
<kw name="Input Text" owner="SeleniumLibrary">
<msg time="2025-05-29T16:22:43.715246" level="INFO">Typing text 'smart@gmail.com' into text field 'xpath=//div[@class='MuiInputBase-root MuiOutlinedInput-root MuiInputBase-colorPrimary MuiInputBase-fullWidth MuiInputBase-formControl css-1bp1ao6']/descendant::input[@name='email']'.</msg>
<arg>${user}</arg>
<arg>${Username}</arg>
<doc>Types the given ``text`` into the text field identified by ``locator``.</doc>
<status status="PASS" start="2025-05-29T16:22:43.714262" elapsed="0.252298"/>
</kw>
<kw name="Input Password" owner="SeleniumLibrary">
<msg time="2025-05-29T16:22:43.967245" level="INFO">Typing password into text field 'xpath=//div[@class='MuiInputBase-root MuiOutlinedInput-root MuiInputBase-colorPrimary MuiInputBase-fullWidth MuiInputBase-formControl css-1bp1ao6']/descendant::input[@name='password']'.</msg>
<msg time="2025-05-29T16:22:44.086405" level="INFO">Temporally setting log level to: NONE</msg>
<arg>${pass}</arg>
<arg>${Password}</arg>
<doc>Types the given password into the text field identified by ``locator``.</doc>
<status status="PASS" start="2025-05-29T16:22:43.966906" elapsed="0.236948"/>
</kw>
<kw name="Click Button" owner="SeleniumLibrary">
<msg time="2025-05-29T16:22:44.204371" level="INFO">Clicking button 'xpath=//button[@id='signin-submit']'.</msg>
<arg>${login}</arg>
<doc>Clicks the button identified by ``locator``.</doc>
<status status="PASS" start="2025-05-29T16:22:44.204115" elapsed="0.182738"/>
</kw>
<kw name="Sleep" owner="BuiltIn">
<msg time="2025-05-29T16:22:49.390210" level="INFO">Slept 5 seconds.</msg>
<arg>5</arg>
<doc>Pauses the test executed for the given time.</doc>
<status status="PASS" start="2025-05-29T16:22:44.388589" elapsed="5.001914"/>
</kw>
<arg>${Username}</arg>
<arg>${Password}</arg>
<status status="PASS" start="2025-05-29T16:22:43.713822" elapsed="5.676988"/>
</kw>
<kw name="User visit the Career Page By clicking on the three lines icon" owner="CareerResources">
<kw name="Click Element" owner="SeleniumLibrary">
<msg time="2025-05-29T16:22:49.393828" level="INFO">Clicking element 'xpath = (//*[@class="MuiSvgIcon-root MuiSvgIcon-fontSizeMedium css-vubbuv"])[1]'.</msg>
<arg>${threelines}</arg>
<doc>Click the element identified by ``locator``.</doc>
<status status="PASS" start="2025-05-29T16:22:49.393251" elapsed="0.274463"/>
</kw>
<kw name="Click Element" owner="SeleniumLibrary">
<msg time="2025-05-29T16:22:49.668882" level="INFO">Clicking element 'xpath = //*[@class="MuiList-root MuiList-padding css-1ontqvh"]//child::li[7]'.</msg>
<arg>${Career}</arg>
<doc>Click the element identified by ``locator``.</doc>
<status status="PASS" start="2025-05-29T16:22:49.668196" elapsed="0.239074"/>
</kw>
<kw name="Click Element" owner="SeleniumLibrary">
<msg time="2025-05-29T16:22:49.908207" level="INFO">Clicking element 'xpath = (//*[@class="MuiList-root css-1uzmcsd"]//child::div[2])[1]'.</msg>
<arg>${CareerPage}</arg>
<doc>Click the element identified by ``locator``.</doc>
<status status="PASS" start="2025-05-29T16:22:49.907683" elapsed="0.353295"/>
</kw>
<kw name="Element Should Be Visible" owner="SeleniumLibrary">
<msg time="2025-05-29T16:22:50.752528" level="INFO">Element 'xpath = //*[@class="MuiBox-root css-19kzrtu"]//child::h4' is displayed.</msg>
<arg>${CareerPageTitle}</arg>
<doc>Verifies that the element identified by ``locator`` is visible.</doc>
<status status="PASS" start="2025-05-29T16:22:50.261326" elapsed="0.491341"/>
</kw>
<status status="PASS" start="2025-05-29T16:22:49.392045" elapsed="1.360756"/>
</kw>
<status status="PASS" start="2025-05-29T16:22:43.713234" elapsed="7.039680"/>
</kw>
<kw name="close the browser session" owner="GenericResources" type="TEARDOWN">
<kw name="Close Browser" owner="SeleniumLibrary">
<doc>Closes the current browser.</doc>
<status status="PASS" start="2025-05-29T16:22:50.754488" elapsed="2.391805"/>
</kw>
<status status="PASS" start="2025-05-29T16:22:50.753809" elapsed="2.392732"/>
</kw>
<tag>smoke</tag>
<status status="PASS" start="2025-05-29T16:22:39.558620" elapsed="13.588274"/>
</test>
<test id="s1-s1-s1-t2" name="clicking Icon on Career Page" line="18">
<kw name="Open the browser with url" owner="GenericResources" type="SETUP">
<kw name="Evaluate" owner="BuiltIn">
<msg time="2025-05-29T16:22:53.149829" level="INFO">${options} = &lt;selenium.webdriver.chrome.options.Options object at 0x0000023E32798B90&gt;</msg>
<var>${options}</var>
<arg>sys.modules['selenium.webdriver'].ChromeOptions()</arg>
<arg>sys, selenium.webdriver</arg>
<doc>Evaluates the given expression in Python and returns the result.</doc>
<status status="PASS" start="2025-05-29T16:22:53.149350" elapsed="0.000533"/>
</kw>
<kw name="Call Method" owner="BuiltIn">
<arg>${options}</arg>
<arg>add_argument</arg>
<arg>--incognito</arg>
<doc>Calls the named method of the given object with the provided arguments.</doc>
<status status="PASS" start="2025-05-29T16:22:53.150082" elapsed="0.000209"/>
</kw>
<kw name="Call Method" owner="BuiltIn">
<arg>${options}</arg>
<arg>add_argument</arg>
<arg>--disable-extensions</arg>
<doc>Calls the named method of the given object with the provided arguments.</doc>
<status status="PASS" start="2025-05-29T16:22:53.150432" elapsed="0.000149"/>
</kw>
<kw name="Call Method" owner="BuiltIn">
<arg>${options}</arg>
<arg>add_argument</arg>
<arg>--disable-notifications</arg>
<doc>Calls the named method of the given object with the provided arguments.</doc>
<status status="PASS" start="2025-05-29T16:22:53.150712" elapsed="0.000163"/>
</kw>
<kw name="Call Method" owner="BuiltIn">
<arg>${options}</arg>
<arg>add_argument</arg>
<arg>--disable-popup-blocking</arg>
<doc>Calls the named method of the given object with the provided arguments.</doc>
<status status="PASS" start="2025-05-29T16:22:53.151005" elapsed="0.000146"/>
</kw>
<kw name="Call Method" owner="BuiltIn">
<arg>${options}</arg>
<arg>add_argument</arg>
<arg>--start-maximized</arg>
<doc>Calls the named method of the given object with the provided arguments.</doc>
<status status="PASS" start="2025-05-29T16:22:53.151297" elapsed="0.000155"/>
</kw>
<kw name="Evaluate" owner="BuiltIn">
<msg time="2025-05-29T16:22:53.151879" level="INFO">${prefs} = {'credentials_enable_service': False, 'profile.password_manager_enabled': False}</msg>
<var>${prefs}</var>
<arg>{"credentials_enable_service": False, "profile.password_manager_enabled": False}</arg>
<doc>Evaluates the given expression in Python and returns the result.</doc>
<status status="PASS" start="2025-05-29T16:22:53.151594" elapsed="0.000332"/>
</kw>
<kw name="Call Method" owner="BuiltIn">
<arg>${options}</arg>
<arg>add_experimental_option</arg>
<arg>prefs</arg>
<arg>${prefs}</arg>
<doc>Calls the named method of the given object with the provided arguments.</doc>
<status status="PASS" start="2025-05-29T16:22:53.152074" elapsed="0.000198"/>
</kw>
<kw name="Open Browser" owner="SeleniumLibrary">
<msg time="2025-05-29T16:22:53.152855" level="INFO">Opening browser 'chrome' to base url 'https://smart-cliff-admin.vercel.app/'.</msg>
<arg>${url}</arg>
<arg>${browser}</arg>
<arg>options=${options}</arg>
<doc>Opens a new browser instance to the optional ``url``.</doc>
<status status="PASS" start="2025-05-29T16:22:53.152488" elapsed="4.695047"/>
</kw>
<kw name="Maximize Browser Window" owner="SeleniumLibrary">
<doc>Maximizes current browser window.</doc>
<status status="PASS" start="2025-05-29T16:22:57.848112" elapsed="0.024635"/>
</kw>
<kw name="Set Selenium Implicit Wait" owner="SeleniumLibrary">
<arg>5</arg>
<doc>Sets the implicit wait value used by Selenium.</doc>
<status status="PASS" start="2025-05-29T16:22:57.873251" elapsed="0.002087"/>
</kw>
<status status="PASS" start="2025-05-29T16:22:53.148908" elapsed="4.726650"/>
</kw>
<kw name="Working with Career Page By clicking icon">
<kw name="fill the login form" owner="LoginResources">
<kw name="Input Text" owner="SeleniumLibrary">
<msg time="2025-05-29T16:22:57.877667" level="INFO">Typing text 'smart@gmail.com' into text field 'xpath=//div[@class='MuiInputBase-root MuiOutlinedInput-root MuiInputBase-colorPrimary MuiInputBase-fullWidth MuiInputBase-formControl css-1bp1ao6']/descendant::input[@name='email']'.</msg>
<arg>${user}</arg>
<arg>${Username}</arg>
<doc>Types the given ``text`` into the text field identified by ``locator``.</doc>
<status status="PASS" start="2025-05-29T16:22:57.877324" elapsed="0.702824"/>
</kw>
<kw name="Input Password" owner="SeleniumLibrary">
<msg time="2025-05-29T16:22:58.581145" level="INFO">Typing password into text field 'xpath=//div[@class='MuiInputBase-root MuiOutlinedInput-root MuiInputBase-colorPrimary MuiInputBase-fullWidth MuiInputBase-formControl css-1bp1ao6']/descendant::input[@name='password']'.</msg>
<msg time="2025-05-29T16:22:58.662926" level="INFO">Temporally setting log level to: NONE</msg>
<arg>${pass}</arg>
<arg>${Password}</arg>
<doc>Types the given password into the text field identified by ``locator``.</doc>
<status status="PASS" start="2025-05-29T16:22:58.580492" elapsed="0.257644"/>
</kw>
<kw name="Click Button" owner="SeleniumLibrary">
<msg time="2025-05-29T16:22:58.838780" level="INFO">Clicking button 'xpath=//button[@id='signin-submit']'.</msg>
<arg>${login}</arg>
<doc>Clicks the button identified by ``locator``.</doc>
<status status="PASS" start="2025-05-29T16:22:58.838442" elapsed="0.437210"/>
</kw>
<kw name="Sleep" owner="BuiltIn">
<msg time="2025-05-29T16:23:04.277304" level="INFO">Slept 5 seconds.</msg>
<arg>5</arg>
<doc>Pauses the test executed for the given time.</doc>
<status status="PASS" start="2025-05-29T16:22:59.276328" elapsed="5.001275"/>
</kw>
<arg>${Username}</arg>
<arg>${Password}</arg>
<status status="PASS" start="2025-05-29T16:22:57.876773" elapsed="6.401138"/>
</kw>
<kw name="User visit the Career Page By clicking icon" owner="CareerResources">
<kw name="Click Element" owner="SeleniumLibrary">
<msg time="2025-05-29T16:23:04.279274" level="INFO">Clicking element 'xpath = //*[@class="MuiList-root MuiList-padding css-1ontqvh"]//child::li[7]'.</msg>
<arg>${Career}</arg>
<doc>Click the element identified by ``locator``.</doc>
<status status="PASS" start="2025-05-29T16:23:04.278934" elapsed="0.149340"/>
</kw>
<kw name="Click Element" owner="SeleniumLibrary">
<msg time="2025-05-29T16:23:04.429352" level="INFO">Clicking element 'xpath = (//*[@class="MuiList-root css-1uzmcsd"]//child::div[2])[1]'.</msg>
<arg>${CareerPage}</arg>
<doc>Click the element identified by ``locator``.</doc>
<status status="PASS" start="2025-05-29T16:23:04.428760" elapsed="0.353496"/>
</kw>
<kw name="Element Should Be Visible" owner="SeleniumLibrary">
<msg time="2025-05-29T16:23:04.820610" level="INFO">Element 'xpath = //*[@class="MuiBox-root css-19kzrtu"]//child::h4' is displayed.</msg>
<arg>${CareerPageTitle}</arg>
<doc>Verifies that the element identified by ``locator`` is visible.</doc>
<status status="PASS" start="2025-05-29T16:23:04.782660" elapsed="0.038133"/>
</kw>
<status status="PASS" start="2025-05-29T16:23:04.278408" elapsed="0.542545"/>
</kw>
<status status="PASS" start="2025-05-29T16:22:57.876231" elapsed="6.944800"/>
</kw>
<kw name="close the browser session" owner="GenericResources" type="TEARDOWN">
<kw name="Close Browser" owner="SeleniumLibrary">
<doc>Closes the current browser.</doc>
<status status="PASS" start="2025-05-29T16:23:04.822985" elapsed="2.459011"/>
</kw>
<status status="PASS" start="2025-05-29T16:23:04.822025" elapsed="2.460210"/>
</kw>
<tag>sanity</tag>
<status status="PASS" start="2025-05-29T16:22:53.147935" elapsed="14.134632"/>
</test>
<status status="PASS" start="2025-05-29T16:22:39.095947" elapsed="28.187816"/>
</suite>
<suite id="s1-s1-s2" name="ClientTest" source="D:\smartcliff_project\Smartcliff_RobotFramework_Project\Testcases\ClientTest.robot">
<test id="s1-s1-s2-t1" name="Access Client Page" line="13">
<kw name="Verify that the &quot;Client&quot; page loads successfully">
<kw name="Open the browser with url" owner="GenericResources">
<kw name="Evaluate" owner="BuiltIn">
<msg time="2025-05-29T16:23:07.676597" level="INFO">${options} = &lt;selenium.webdriver.chrome.options.Options object at 0x0000023E322F42D0&gt;</msg>
<var>${options}</var>
<arg>sys.modules['selenium.webdriver'].ChromeOptions()</arg>
<arg>sys, selenium.webdriver</arg>
<doc>Evaluates the given expression in Python and returns the result.</doc>
<status status="PASS" start="2025-05-29T16:23:07.676145" elapsed="0.000510"/>
</kw>
<kw name="Call Method" owner="BuiltIn">
<arg>${options}</arg>
<arg>add_argument</arg>
<arg>--incognito</arg>
<doc>Calls the named method of the given object with the provided arguments.</doc>
<status status="PASS" start="2025-05-29T16:23:07.676834" elapsed="0.000175"/>
</kw>
<kw name="Call Method" owner="BuiltIn">
<arg>${options}</arg>
<arg>add_argument</arg>
<arg>--disable-extensions</arg>
<doc>Calls the named method of the given object with the provided arguments.</doc>
<status status="PASS" start="2025-05-29T16:23:07.677144" elapsed="0.000151"/>
</kw>
<kw name="Call Method" owner="BuiltIn">
<arg>${options}</arg>
<arg>add_argument</arg>
<arg>--disable-notifications</arg>
<doc>Calls the named method of the given object with the provided arguments.</doc>
<status status="PASS" start="2025-05-29T16:23:07.677425" elapsed="0.000151"/>
</kw>
<kw name="Call Method" owner="BuiltIn">
<arg>${options}</arg>
<arg>add_argument</arg>
<arg>--disable-popup-blocking</arg>
<doc>Calls the named method of the given object with the provided arguments.</doc>
<status status="PASS" start="2025-05-29T16:23:07.677718" elapsed="0.000150"/>
</kw>
<kw name="Call Method" owner="BuiltIn">
<arg>${options}</arg>
<arg>add_argument</arg>
<arg>--start-maximized</arg>
<doc>Calls the named method of the given object with the provided arguments.</doc>
<status status="PASS" start="2025-05-29T16:23:07.677999" elapsed="0.000146"/>
</kw>
<kw name="Evaluate" owner="BuiltIn">
<msg time="2025-05-29T16:23:07.678492" level="INFO">${prefs} = {'credentials_enable_service': False, 'profile.password_manager_enabled': False}</msg>
<var>${prefs}</var>
<arg>{"credentials_enable_service": False, "profile.password_manager_enabled": False}</arg>
<doc>Evaluates the given expression in Python and returns the result.</doc>
<status status="PASS" start="2025-05-29T16:23:07.678282" elapsed="0.000320"/>
</kw>
<kw name="Call Method" owner="BuiltIn">
<arg>${options}</arg>
<arg>add_experimental_option</arg>
<arg>prefs</arg>
<arg>${prefs}</arg>
<doc>Calls the named method of the given object with the provided arguments.</doc>
<status status="PASS" start="2025-05-29T16:23:07.678738" elapsed="0.000178"/>
</kw>
<kw name="Open Browser" owner="SeleniumLibrary">
<msg time="2025-05-29T16:23:07.679438" level="INFO">Opening browser 'chrome' to base url 'https://smart-cliff-admin.vercel.app/'.</msg>
<arg>${url}</arg>
<arg>${browser}</arg>
<arg>options=${options}</arg>
<doc>Opens a new browser instance to the optional ``url``.</doc>
<status status="PASS" start="2025-05-29T16:23:07.679108" elapsed="4.693172"/>
</kw>
<kw name="Maximize Browser Window" owner="SeleniumLibrary">
<doc>Maximizes current browser window.</doc>
<status status="PASS" start="2025-05-29T16:23:12.372870" elapsed="0.055703"/>
</kw>
<kw name="Set Selenium Implicit Wait" owner="SeleniumLibrary">
<arg>5</arg>
<doc>Sets the implicit wait value used by Selenium.</doc>
<status status="PASS" start="2025-05-29T16:23:12.428953" elapsed="0.001888"/>
</kw>
<status status="PASS" start="2025-05-29T16:23:07.675712" elapsed="4.755289"/>
</kw>
<kw name="fill the login form" owner="LoginResources">
<kw name="Input Text" owner="SeleniumLibrary">
<msg time="2025-05-29T16:23:12.432134" level="INFO">Typing text 'smart@gmail.com' into text field 'xpath=//div[@class='MuiInputBase-root MuiOutlinedInput-root MuiInputBase-colorPrimary MuiInputBase-fullWidth MuiInputBase-formControl css-1bp1ao6']/descendant::input[@name='email']'.</msg>
<arg>${user}</arg>
<arg>${Username}</arg>
<doc>Types the given ``text`` into the text field identified by ``locator``.</doc>
<status status="PASS" start="2025-05-29T16:23:12.431697" elapsed="0.351560"/>
</kw>
<kw name="Input Password" owner="SeleniumLibrary">
<msg time="2025-05-29T16:23:12.783916" level="INFO">Typing password into text field 'xpath=//div[@class='MuiInputBase-root MuiOutlinedInput-root MuiInputBase-colorPrimary MuiInputBase-fullWidth MuiInputBase-formControl css-1bp1ao6']/descendant::input[@name='password']'.</msg>
<msg time="2025-05-29T16:23:13.259758" level="INFO">Temporally setting log level to: NONE</msg>
<arg>${pass}</arg>
<arg>${Password}</arg>
<doc>Types the given password into the text field identified by ``locator``.</doc>
<status status="PASS" start="2025-05-29T16:23:12.783549" elapsed="0.646821"/>
</kw>
<kw name="Click Button" owner="SeleniumLibrary">
<msg time="2025-05-29T16:23:13.431001" level="INFO">Clicking button 'xpath=//button[@id='signin-submit']'.</msg>
<arg>${login}</arg>
<doc>Clicks the button identified by ``locator``.</doc>
<status status="PASS" start="2025-05-29T16:23:13.430686" elapsed="0.451663"/>
</kw>
<kw name="Sleep" owner="BuiltIn">
<msg time="2025-05-29T16:23:18.883858" level="INFO">Slept 5 seconds.</msg>
<arg>5</arg>
<doc>Pauses the test executed for the given time.</doc>
<status status="PASS" start="2025-05-29T16:23:13.882871" elapsed="5.001241"/>
</kw>
<arg>smart@gmail.com</arg>
<arg>1234</arg>
<status status="PASS" start="2025-05-29T16:23:12.431243" elapsed="6.453064"/>
</kw>
<kw name="Click the menu button to open the sidebar." owner="ClientResources">
<kw name="Wait Until Element Is Visible" owner="SeleniumLibrary">
<arg>${menu}</arg>
<arg>10</arg>
<doc>Waits until the element ``locator`` is visible.</doc>
<status status="PASS" start="2025-05-29T16:23:18.885270" elapsed="0.240565"/>
</kw>
<kw name="Click Button" owner="SeleniumLibrary">
<msg time="2025-05-29T16:23:19.127757" level="INFO">Clicking button 'xpath=//div[@class='MuiToolbar-root MuiToolbar-gutters MuiToolbar-regular css-i6s8oy']/child::button[1]'.</msg>
<arg>${menu}</arg>
<doc>Clicks the button identified by ``locator``.</doc>
<status status="PASS" start="2025-05-29T16:23:19.126988" elapsed="0.200632"/>
</kw>
<status status="PASS" start="2025-05-29T16:23:18.884743" elapsed="0.443181"/>
</kw>
<kw name="Click the Business option in the menu." owner="ClientResources">
<kw name="Wait Until Element Is Visible" owner="SeleniumLibrary">
<arg>${business}</arg>
<arg>10</arg>
<doc>Waits until the element ``locator`` is visible.</doc>
<status status="PASS" start="2025-05-29T16:23:19.329673" elapsed="0.059225"/>
</kw>
<kw name="Click Element" owner="SeleniumLibrary">
<msg time="2025-05-29T16:23:19.390427" level="INFO">Clicking element 'xpath=(//li[@class='MuiListItem-root MuiListItem-gutters css-bkmufr'])[6]/child::div'.</msg>
<arg>${business}</arg>
<doc>Click the element identified by ``locator``.</doc>
<status status="PASS" start="2025-05-29T16:23:19.389466" elapsed="0.565724"/>
</kw>
<status status="PASS" start="2025-05-29T16:23:19.328580" elapsed="0.626981"/>
</kw>
<kw name="Click the Client option under Business." owner="ClientResources">
<kw name="Click Element" owner="SeleniumLibrary">
<msg time="2025-05-29T16:23:19.958009" level="INFO">Clicking element 'xpath=(//div[@class='MuiListItemText-root css-1tsvksn'])[4]/child::span'.</msg>
<arg>${client}</arg>
<doc>Click the element identified by ``locator``.</doc>
<status status="PASS" start="2025-05-29T16:23:19.957151" elapsed="0.509771"/>
</kw>
<status status="PASS" start="2025-05-29T16:23:19.956098" elapsed="0.511147"/>
</kw>
<kw name="To Verify that the &quot;Client&quot; page." owner="ClientResources">
<kw name="Location Should Be" owner="SeleniumLibrary">
<msg time="2025-05-29T16:23:20.482556" level="INFO">Current location is 'https://smart-cliff-admin.vercel.app/business/Client-control'.</msg>
<arg>${client-url}</arg>
<doc>Verifies that the current URL is exactly ``url``.</doc>
<status status="PASS" start="2025-05-29T16:23:20.468740" elapsed="0.014021"/>
</kw>
<status status="PASS" start="2025-05-29T16:23:20.467848" elapsed="0.015394"/>
</kw>
<status status="PASS" start="2025-05-29T16:23:07.675090" elapsed="12.808252"/>
</kw>
<tag>client</tag>
<tag>smoke</tag>
<status status="PASS" start="2025-05-29T16:23:07.672176" elapsed="12.811718"/>
</test>
<test id="s1-s1-s2-t2" name="Add New Client" line="16">
<kw name="Verify that a new client can be added.">
<kw name="Open the browser with url" owner="GenericResources">
<kw name="Evaluate" owner="BuiltIn">
<msg time="2025-05-29T16:23:20.489972" level="INFO">${options} = &lt;selenium.webdriver.chrome.options.Options object at 0x0000023E3277DF30&gt;</msg>
<var>${options}</var>
<arg>sys.modules['selenium.webdriver'].ChromeOptions()</arg>
<arg>sys, selenium.webdriver</arg>
<doc>Evaluates the given expression in Python and returns the result.</doc>
<status status="PASS" start="2025-05-29T16:23:20.489052" elapsed="0.001027"/>
</kw>
<kw name="Call Method" owner="BuiltIn">
<arg>${options}</arg>
<arg>add_argument</arg>
<arg>--incognito</arg>
<doc>Calls the named method of the given object with the provided arguments.</doc>
<status status="PASS" start="2025-05-29T16:23:20.490564" elapsed="0.000483"/>
</kw>
<kw name="Call Method" owner="BuiltIn">
<arg>${options}</arg>
<arg>add_argument</arg>
<arg>--disable-extensions</arg>
<doc>Calls the named method of the given object with the provided arguments.</doc>
<status status="PASS" start="2025-05-29T16:23:20.491413" elapsed="0.000414"/>
</kw>
<kw name="Call Method" owner="BuiltIn">
<arg>${options}</arg>
<arg>add_argument</arg>
<arg>--disable-notifications</arg>
<doc>Calls the named method of the given object with the provided arguments.</doc>
<status status="PASS" start="2025-05-29T16:23:20.492124" elapsed="0.000306"/>
</kw>
<kw name="Call Method" owner="BuiltIn">
<arg>${options}</arg>
<arg>add_argument</arg>
<arg>--disable-popup-blocking</arg>
<doc>Calls the named method of the given object with the provided arguments.</doc>
<status status="PASS" start="2025-05-29T16:23:20.492646" elapsed="0.000268"/>
</kw>
<kw name="Call Method" owner="BuiltIn">
<arg>${options}</arg>
<arg>add_argument</arg>
<arg>--start-maximized</arg>
<doc>Calls the named method of the given object with the provided arguments.</doc>
<status status="PASS" start="2025-05-29T16:23:20.493164" elapsed="0.000246"/>
</kw>
<kw name="Evaluate" owner="BuiltIn">
<msg time="2025-05-29T16:23:20.494073" level="INFO">${prefs} = {'credentials_enable_service': False, 'profile.password_manager_enabled': False}</msg>
<var>${prefs}</var>
<arg>{"credentials_enable_service": False, "profile.password_manager_enabled": False}</arg>
<doc>Evaluates the given expression in Python and returns the result.</doc>
<status status="PASS" start="2025-05-29T16:23:20.493636" elapsed="0.000510"/>
</kw>
<kw name="Call Method" owner="BuiltIn">
<arg>${options}</arg>
<arg>add_experimental_option</arg>
<arg>prefs</arg>
<arg>${prefs}</arg>
<doc>Calls the named method of the given object with the provided arguments.</doc>
<status status="PASS" start="2025-05-29T16:23:20.494395" elapsed="0.000337"/>
</kw>
<kw name="Open Browser" owner="SeleniumLibrary">
<msg time="2025-05-29T16:23:20.495795" level="INFO">Opening browser 'chrome' to base url 'https://smart-cliff-admin.vercel.app/'.</msg>
<arg>${url}</arg>
<arg>${browser}</arg>
<arg>options=${options}</arg>
<doc>Opens a new browser instance to the optional ``url``.</doc>
<status status="PASS" start="2025-05-29T16:23:20.495099" elapsed="4.773116"/>
</kw>
<kw name="Maximize Browser Window" owner="SeleniumLibrary">
<doc>Maximizes current browser window.</doc>
<status status="PASS" start="2025-05-29T16:23:25.268540" elapsed="0.013609"/>
</kw>
<kw name="Set Selenium Implicit Wait" owner="SeleniumLibrary">
<arg>5</arg>
<doc>Sets the implicit wait value used by Selenium.</doc>
<status status="PASS" start="2025-05-29T16:23:25.282505" elapsed="0.002644"/>
</kw>
<status status="PASS" start="2025-05-29T16:23:20.488144" elapsed="4.797163"/>
</kw>
<kw name="fill the login form" owner="LoginResources">
<kw name="Input Text" owner="SeleniumLibrary">
<msg time="2025-05-29T16:23:25.286258" level="INFO">Typing text 'smart@gmail.com' into text field 'xpath=//div[@class='MuiInputBase-root MuiOutlinedInput-root MuiInputBase-colorPrimary MuiInputBase-fullWidth MuiInputBase-formControl css-1bp1ao6']/descendant::input[@name='email']'.</msg>
<arg>${user}</arg>
<arg>${Username}</arg>
<doc>Types the given ``text`` into the text field identified by ``locator``.</doc>
<status status="PASS" start="2025-05-29T16:23:25.285952" elapsed="0.418639"/>
</kw>
<kw name="Input Password" owner="SeleniumLibrary">
<msg time="2025-05-29T16:23:25.706074" level="INFO">Typing password into text field 'xpath=//div[@class='MuiInputBase-root MuiOutlinedInput-root MuiInputBase-colorPrimary MuiInputBase-fullWidth MuiInputBase-formControl css-1bp1ao6']/descendant::input[@name='password']'.</msg>
<msg time="2025-05-29T16:23:26.032712" level="INFO">Temporally setting log level to: NONE</msg>
<arg>${pass}</arg>
<arg>${Password}</arg>
<doc>Types the given password into the text field identified by ``locator``.</doc>
<status status="PASS" start="2025-05-29T16:23:25.705207" elapsed="0.482189"/>
</kw>
<kw name="Click Button" owner="SeleniumLibrary">
<msg time="2025-05-29T16:23:26.188172" level="INFO">Clicking button 'xpath=//button[@id='signin-submit']'.</msg>
<arg>${login}</arg>
<doc>Clicks the button identified by ``locator``.</doc>
<status status="PASS" start="2025-05-29T16:23:26.187742" elapsed="0.259217"/>
</kw>
<kw name="Sleep" owner="BuiltIn">
<msg time="2025-05-29T16:23:31.448670" level="INFO">Slept 5 seconds.</msg>
<arg>5</arg>
<doc>Pauses the test executed for the given time.</doc>
<status status="PASS" start="2025-05-29T16:23:26.447594" elapsed="5.001520"/>
</kw>
<arg>smart@gmail.com</arg>
<arg>1234</arg>
<status status="PASS" start="2025-05-29T16:23:25.285547" elapsed="6.164111"/>
</kw>
<kw name="Click the menu button to open the sidebar." owner="ClientResources">
<kw name="Wait Until Element Is Visible" owner="SeleniumLibrary">
<arg>${menu}</arg>
<arg>10</arg>
<doc>Waits until the element ``locator`` is visible.</doc>
<status status="PASS" start="2025-05-29T16:23:31.451063" elapsed="0.176712"/>
</kw>
<kw name="Click Button" owner="SeleniumLibrary">
<msg time="2025-05-29T16:23:31.628713" level="INFO">Clicking button 'xpath=//div[@class='MuiToolbar-root MuiToolbar-gutters MuiToolbar-regular css-i6s8oy']/child::button[1]'.</msg>
<arg>${menu}</arg>
<doc>Clicks the button identified by ``locator``.</doc>
<status status="PASS" start="2025-05-29T16:23:31.628286" elapsed="0.203982"/>
</kw>
<status status="PASS" start="2025-05-29T16:23:31.450320" elapsed="0.382306"/>
</kw>
<kw name="Click the Business option in the menu." owner="ClientResources">
<kw name="Wait Until Element Is Visible" owner="SeleniumLibrary">
<arg>${business}</arg>
<arg>10</arg>
<doc>Waits until the element ``locator`` is visible.</doc>
<status status="PASS" start="2025-05-29T16:23:31.834070" elapsed="0.070263"/>
</kw>
<kw name="Click Element" owner="SeleniumLibrary">
<msg time="2025-05-29T16:23:31.905996" level="INFO">Clicking element 'xpath=(//li[@class='MuiListItem-root MuiListItem-gutters css-bkmufr'])[6]/child::div'.</msg>
<arg>${business}</arg>
<doc>Click the element identified by ``locator``.</doc>
<status status="PASS" start="2025-05-29T16:23:31.904948" elapsed="0.292580"/>
</kw>
<status status="PASS" start="2025-05-29T16:23:31.833206" elapsed="0.364513"/>
</kw>
<kw name="Click the Client option under Business." owner="ClientResources">
<kw name="Click Element" owner="SeleniumLibrary">
<msg time="2025-05-29T16:23:32.198956" level="INFO">Clicking element 'xpath=(//div[@class='MuiListItemText-root css-1tsvksn'])[4]/child::span'.</msg>
<arg>${client}</arg>
<doc>Click the element identified by ``locator``.</doc>
<status status="PASS" start="2025-05-29T16:23:32.198591" elapsed="0.488091"/>
</kw>
<status status="PASS" start="2025-05-29T16:23:32.198054" elapsed="0.489146"/>
</kw>
<kw name="Click the Add New Client button." owner="ClientResources">
<kw name="Click Button" owner="SeleniumLibrary">
<msg time="2025-05-29T16:23:32.688738" level="INFO">Clicking button 'xpath=(//button)[5]'.</msg>
<arg>${add}</arg>
<doc>Clicks the button identified by ``locator``.</doc>
<status status="PASS" start="2025-05-29T16:23:32.688130" elapsed="0.645806"/>
</kw>
<status status="PASS" start="2025-05-29T16:23:32.687564" elapsed="0.646554"/>
</kw>
<kw name="Click the Type dropdown." owner="ClientResources">
<kw name="Click Element" owner="SeleniumLibrary">
<msg time="2025-05-29T16:23:33.335490" level="INFO">Clicking element 'xpath=//div[@role='combobox']'.</msg>
<arg>${type-dropdown}</arg>
<doc>Click the element identified by ``locator``.</doc>
<status status="PASS" start="2025-05-29T16:23:33.335095" elapsed="0.154683"/>
</kw>
<status status="PASS" start="2025-05-29T16:23:33.334436" elapsed="0.155644"/>
</kw>
<kw name="Select Institute from the dropdown." owner="ClientResources">
<kw name="Click Element" owner="SeleniumLibrary">
<msg time="2025-05-29T16:23:33.492076" level="INFO">Clicking element 'xpath=//li[@class='MuiButtonBase-root MuiMenuItem-root MuiMenuItem-gutters MuiMenuItem-root MuiMenuItem-gutters css-1km1ehz'][3]'.</msg>
<arg>${type}</arg>
<doc>Click the element identified by ``locator``.</doc>
<status status="PASS" start="2025-05-29T16:23:33.491373" elapsed="0.181091"/>
</kw>
<status status="PASS" start="2025-05-29T16:23:33.490599" elapsed="0.182052"/>
</kw>
<kw name="Enter the client name in the input field." owner="ClientResources">
<kw name="Input Text" owner="SeleniumLibrary">
<msg time="2025-05-29T16:23:33.673619" level="INFO">Typing text 'Jeevika' into text field 'xpath=//input[@id='name']'.</msg>
<arg>${client-name}</arg>
<arg>${name}</arg>
<doc>Types the given ``text`` into the text field identified by ``locator``.</doc>
<status status="PASS" start="2025-05-29T16:23:33.673310" elapsed="0.289779"/>
</kw>
<status status="PASS" start="2025-05-29T16:23:33.672936" elapsed="0.290413"/>
</kw>
<kw name="Upload an image in the drag and drop area." owner="ClientResources">
<kw name="Sleep" owner="BuiltIn">
<msg time="2025-05-29T16:23:34.965736" level="INFO">Slept 1 second.</msg>
<arg>1s</arg>
<doc>Pauses the test executed for the given time.</doc>
<status status="PASS" start="2025-05-29T16:23:33.964255" elapsed="1.001661"/>
</kw>
<kw name="Choose File" owner="SeleniumLibrary">
<msg time="2025-05-29T16:23:34.966652" level="INFO">Sending D:\smartcliff_project\Smartcliff_RobotFramework_Project\Resources\bookmyshow.png to browser.</msg>
<arg>//input[@type="file"]</arg>
<arg>${image-path}</arg>
<doc>Inputs the ``file_path`` into the file input field ``locator``.</doc>
<status status="PASS" start="2025-05-29T16:23:34.966213" elapsed="0.060646"/>
</kw>
<status status="PASS" start="2025-05-29T16:23:33.963726" elapsed="1.063339"/>
</kw>
<kw name="Click the Submit button." owner="ClientResources">
<kw name="Wait Until Element Is Visible" owner="SeleniumLibrary">
<arg>${submit}</arg>
<arg>timeout=10s</arg>
<doc>Waits until the element ``locator`` is visible.</doc>
<status status="PASS" start="2025-05-29T16:23:35.028041" elapsed="0.094503"/>
</kw>
<kw name="Click Button" owner="SeleniumLibrary">
<msg time="2025-05-29T16:23:35.123321" level="INFO">Clicking button 'xpath=//button[@class='MuiButtonBase-root MuiButton-root MuiButton-contained MuiButton-containedPrimary MuiButton-sizeMedium MuiButton-containedSizeMedium MuiButton-fullWidth MuiButton-root MuiButton-contained MuiButton-containedPrimary MuiButton-sizeMedium MuiButton-containedSizeMedium MuiButton-fullWidth css-986jpq']'.</msg>
<arg>${submit}</arg>
<doc>Clicks the button identified by ``locator``.</doc>
<status status="PASS" start="2025-05-29T16:23:35.122960" elapsed="0.195609"/>
</kw>
<kw name="Sleep" owner="BuiltIn">
<msg time="2025-05-29T16:23:40.320131" level="INFO">Slept 5 seconds.</msg>
<arg>5s</arg>
<doc>Pauses the test executed for the given time.</doc>
<status status="PASS" start="2025-05-29T16:23:35.318827" elapsed="5.001597"/>
</kw>
<status status="PASS" start="2025-05-29T16:23:35.027468" elapsed="5.293224"/>
</kw>
<kw name="To verify the new client added." owner="ClientResources">
<kw name="Get WebElements" owner="SeleniumLibrary">
<msg time="2025-05-29T16:23:40.339710" level="INFO">${elements} = [&lt;selenium.webdriver.remote.webelement.WebElement (session="db2763207ee602edc1ae4b87c5a1068e", element="f.DFC9D1621DCD6088106F5A3C256C2921.d.6AF4F1545A4A24ADA8248BC9570EC39A.e.199")&gt;, &lt;selenium.webdri...</msg>
<var>${elements}</var>
<arg>${actual-name-list}</arg>
<doc>Returns a list of WebElement objects matching the ``locator``.</doc>
<status status="PASS" start="2025-05-29T16:23:40.321862" elapsed="0.017939"/>
</kw>
<kw name="Set Variable" owner="BuiltIn">
<msg time="2025-05-29T16:23:40.340383" level="INFO">${found} = False</msg>
<var>${found}</var>
<arg>False</arg>
<doc>Returns the given values which can then be assigned to a variables.</doc>
<status status="PASS" start="2025-05-29T16:23:40.340126" elapsed="0.000294"/>
</kw>
<for flavor="IN">
<iter>
<kw name="Get Text" owner="SeleniumLibrary">
<msg time="2025-05-29T16:23:40.364550" level="INFO">${text} = Jeevika</msg>
<var>${text}</var>
<arg>${element}</arg>
<doc>Returns the text value of the element identified by ``locator``.</doc>
<status status="PASS" start="2025-05-29T16:23:40.341177" elapsed="0.023454"/>
</kw>
<kw name="Log To Console" owner="BuiltIn">
<arg>${text}</arg>
<doc>Logs the given message to the console.</doc>
<status status="PASS" start="2025-05-29T16:23:40.364979" elapsed="0.000710"/>
</kw>
<if>
<branch type="IF" condition="'${text}'=='${name}'">
<kw name="Set Variable" owner="BuiltIn">
<msg time="2025-05-29T16:23:40.366759" level="INFO">${found} = True</msg>
<var>${found}</var>
<arg>True</arg>
<doc>Returns the given values which can then be assigned to a variables.</doc>
<status status="PASS" start="2025-05-29T16:23:40.366519" elapsed="0.000288"/>
</kw>
<break>
<status status="PASS" start="2025-05-29T16:23:40.366905" elapsed="0.000089"/>
</break>
<status status="PASS" start="2025-05-29T16:23:40.365994" elapsed="0.001069"/>
</branch>
<status status="PASS" start="2025-05-29T16:23:40.365925" elapsed="0.001198"/>
</if>
<var name="${element}">&lt;selenium.webdriver.remote.webelement.WebElement (session="db2763207ee602edc1ae4b87c5a1068e", element="f.DFC9D1621DCD6088106F5A3C256C2921.d.6AF4F1545A4A24ADA8248BC9570EC39A.e.199")&gt;</var>
<status status="PASS" start="2025-05-29T16:23:40.340983" elapsed="0.026193"/>
</iter>
<var>${element}</var>
<value>@{elements}</value>
<status status="PASS" start="2025-05-29T16:23:40.340554" elapsed="0.026702"/>
</for>
<kw name="Should Be True" owner="BuiltIn">
<arg>${found}</arg>
<doc>Fails if the given condition is not true.</doc>
<status status="PASS" start="2025-05-29T16:23:40.367427" elapsed="0.000240"/>
</kw>
<status status="PASS" start="2025-05-29T16:23:40.321401" elapsed="0.046369"/>
</kw>
<status status="PASS" start="2025-05-29T16:23:20.487301" elapsed="19.880569"/>
</kw>
<tag>client</tag>
<tag>smoke</tag>
<status status="PASS" start="2025-05-29T16:23:20.484801" elapsed="19.883508"/>
</test>
<test id="s1-s1-s2-t3" name="Access Clear functionality" line="19">
<kw name="Validate 'Clear Filters' Functionality">
<kw name="Open the browser with url" owner="GenericResources">
<kw name="Evaluate" owner="BuiltIn">
<msg time="2025-05-29T16:23:40.372137" level="INFO">${options} = &lt;selenium.webdriver.chrome.options.Options object at 0x0000023E3277F5C0&gt;</msg>
<var>${options}</var>
<arg>sys.modules['selenium.webdriver'].ChromeOptions()</arg>
<arg>sys, selenium.webdriver</arg>
<doc>Evaluates the given expression in Python and returns the result.</doc>
<status status="PASS" start="2025-05-29T16:23:40.371739" elapsed="0.000448"/>
</kw>
<kw name="Call Method" owner="BuiltIn">
<arg>${options}</arg>
<arg>add_argument</arg>
<arg>--incognito</arg>
<doc>Calls the named method of the given object with the provided arguments.</doc>
<status status="PASS" start="2025-05-29T16:23:40.372349" elapsed="0.000167"/>
</kw>
<kw name="Call Method" owner="BuiltIn">
<arg>${options}</arg>
<arg>add_argument</arg>
<arg>--disable-extensions</arg>
<doc>Calls the named method of the given object with the provided arguments.</doc>
<status status="PASS" start="2025-05-29T16:23:40.372770" elapsed="0.000165"/>
</kw>
<kw name="Call Method" owner="BuiltIn">
<arg>${options}</arg>
<arg>add_argument</arg>
<arg>--disable-notifications</arg>
<doc>Calls the named method of the given object with the provided arguments.</doc>
<status status="PASS" start="2025-05-29T16:23:40.373067" elapsed="0.000150"/>
</kw>
<kw name="Call Method" owner="BuiltIn">
<arg>${options}</arg>
<arg>add_argument</arg>
<arg>--disable-popup-blocking</arg>
<doc>Calls the named method of the given object with the provided arguments.</doc>
<status status="PASS" start="2025-05-29T16:23:40.373347" elapsed="0.000148"/>
</kw>
<kw name="Call Method" owner="BuiltIn">
<arg>${options}</arg>
<arg>add_argument</arg>
<arg>--start-maximized</arg>
<doc>Calls the named method of the given object with the provided arguments.</doc>
<status status="PASS" start="2025-05-29T16:23:40.373628" elapsed="0.000153"/>
</kw>
<kw name="Evaluate" owner="BuiltIn">
<msg time="2025-05-29T16:23:40.374146" level="INFO">${prefs} = {'credentials_enable_service': False, 'profile.password_manager_enabled': False}</msg>
<var>${prefs}</var>
<arg>{"credentials_enable_service": False, "profile.password_manager_enabled": False}</arg>
<doc>Evaluates the given expression in Python and returns the result.</doc>
<status status="PASS" start="2025-05-29T16:23:40.373918" elapsed="0.000268"/>
</kw>
<kw name="Call Method" owner="BuiltIn">
<arg>${options}</arg>
<arg>add_experimental_option</arg>
<arg>prefs</arg>
<arg>${prefs}</arg>
<doc>Calls the named method of the given object with the provided arguments.</doc>
<status status="PASS" start="2025-05-29T16:23:40.374315" elapsed="0.000179"/>
</kw>
<kw name="Open Browser" owner="SeleniumLibrary">
<msg time="2025-05-29T16:23:40.374972" level="INFO">Opening browser 'chrome' to base url 'https://smart-cliff-admin.vercel.app/'.</msg>
<arg>${url}</arg>
<arg>${browser}</arg>
<arg>options=${options}</arg>
<doc>Opens a new browser instance to the optional ``url``.</doc>
<status status="PASS" start="2025-05-29T16:23:40.374662" elapsed="4.499762"/>
</kw>
<kw name="Maximize Browser Window" owner="SeleniumLibrary">
<doc>Maximizes current browser window.</doc>
<status status="PASS" start="2025-05-29T16:23:44.874804" elapsed="0.014050"/>
</kw>
<kw name="Set Selenium Implicit Wait" owner="SeleniumLibrary">
<arg>5</arg>
<doc>Sets the implicit wait value used by Selenium.</doc>
<status status="PASS" start="2025-05-29T16:23:44.889112" elapsed="0.003598"/>
</kw>
<status status="PASS" start="2025-05-29T16:23:40.371443" elapsed="4.521432"/>
</kw>
<kw name="fill the login form" owner="LoginResources">
<kw name="Input Text" owner="SeleniumLibrary">
<msg time="2025-05-29T16:23:44.894544" level="INFO">Typing text 'smart@gmail.com' into text field 'xpath=//div[@class='MuiInputBase-root MuiOutlinedInput-root MuiInputBase-colorPrimary MuiInputBase-fullWidth MuiInputBase-formControl css-1bp1ao6']/descendant::input[@name='email']'.</msg>
<arg>${user}</arg>
<arg>${Username}</arg>
<doc>Types the given ``text`` into the text field identified by ``locator``.</doc>
<status status="PASS" start="2025-05-29T16:23:44.893814" elapsed="0.345002"/>
</kw>
<kw name="Input Password" owner="SeleniumLibrary">
<msg time="2025-05-29T16:23:45.239534" level="INFO">Typing password into text field 'xpath=//div[@class='MuiInputBase-root MuiOutlinedInput-root MuiInputBase-colorPrimary MuiInputBase-fullWidth MuiInputBase-formControl css-1bp1ao6']/descendant::input[@name='password']'.</msg>
<msg time="2025-05-29T16:23:45.661154" level="INFO">Temporally setting log level to: NONE</msg>
<arg>${pass}</arg>
<arg>${Password}</arg>
<doc>Types the given password into the text field identified by ``locator``.</doc>
<status status="PASS" start="2025-05-29T16:23:45.239137" elapsed="0.581251"/>
</kw>
<kw name="Click Button" owner="SeleniumLibrary">
<msg time="2025-05-29T16:23:45.822331" level="INFO">Clicking button 'xpath=//button[@id='signin-submit']'.</msg>
<arg>${login}</arg>
<doc>Clicks the button identified by ``locator``.</doc>
<status status="PASS" start="2025-05-29T16:23:45.821254" elapsed="0.331188"/>
</kw>
<kw name="Sleep" owner="BuiltIn">
<msg time="2025-05-29T16:23:51.154512" level="INFO">Slept 5 seconds.</msg>
<arg>5</arg>
<doc>Pauses the test executed for the given time.</doc>
<status status="PASS" start="2025-05-29T16:23:46.153170" elapsed="5.001636"/>
</kw>
<arg>smart@gmail.com</arg>
<arg>1234</arg>
<status status="PASS" start="2025-05-29T16:23:44.893123" elapsed="6.261887"/>
</kw>
<kw name="Click the menu button to open the sidebar." owner="ClientResources">
<kw name="Wait Until Element Is Visible" owner="SeleniumLibrary">
<arg>${menu}</arg>
<arg>10</arg>
<doc>Waits until the element ``locator`` is visible.</doc>
<status status="PASS" start="2025-05-29T16:23:51.155901" elapsed="1.713662"/>
</kw>
<kw name="Click Button" owner="SeleniumLibrary">
<msg time="2025-05-29T16:23:52.871417" level="INFO">Clicking button 'xpath=//div[@class='MuiToolbar-root MuiToolbar-gutters MuiToolbar-regular css-i6s8oy']/child::button[1]'.</msg>
<arg>${menu}</arg>
<doc>Clicks the button identified by ``locator``.</doc>
<status status="PASS" start="2025-05-29T16:23:52.870176" elapsed="0.332754"/>
</kw>
<status status="PASS" start="2025-05-29T16:23:51.155428" elapsed="2.047978"/>
</kw>
<kw name="Click the Business option in the menu." owner="ClientResources">
<kw name="Wait Until Element Is Visible" owner="SeleniumLibrary">
<arg>${business}</arg>
<arg>10</arg>
<doc>Waits until the element ``locator`` is visible.</doc>
<status status="PASS" start="2025-05-29T16:23:53.205121" elapsed="0.130439"/>
</kw>
<kw name="Click Element" owner="SeleniumLibrary">
<msg time="2025-05-29T16:23:53.336989" level="INFO">Clicking element 'xpath=(//li[@class='MuiListItem-root MuiListItem-gutters css-bkmufr'])[6]/child::div'.</msg>
<arg>${business}</arg>
<doc>Click the element identified by ``locator``.</doc>
<status status="PASS" start="2025-05-29T16:23:53.336181" elapsed="0.269139"/>
</kw>
<status status="PASS" start="2025-05-29T16:23:53.204159" elapsed="0.401513"/>
</kw>
<kw name="Click the Client option under Business." owner="ClientResources">
<kw name="Click Element" owner="SeleniumLibrary">
<msg time="2025-05-29T16:23:53.607414" level="INFO">Clicking element 'xpath=(//div[@class='MuiListItemText-root css-1tsvksn'])[4]/child::span'.</msg>
<arg>${client}</arg>
<doc>Click the element identified by ``locator``.</doc>
<status status="PASS" start="2025-05-29T16:23:53.606867" elapsed="0.410267"/>
</kw>
<status status="PASS" start="2025-05-29T16:23:53.606176" elapsed="0.411228"/>
</kw>
<kw name="Enter a name in the input field." owner="ClientResources">
<kw name="Input Text" owner="SeleniumLibrary">
<msg time="2025-05-29T16:23:54.019294" level="INFO">Typing text 'Jeevika' into text field 'xpath=//div[@class='MuiInputBase-root MuiOutlinedInput-root MuiInputBase-colorPrimary MuiInputBase-fullWidth MuiInputBase-formControl MuiInputBase-sizeSmall MuiInputBase-adornedStart css-2xhzvc']/child::input'.</msg>
<arg>${search-name}</arg>
<arg>${name}</arg>
<doc>Types the given ``text`` into the text field identified by ``locator``.</doc>
<status status="PASS" start="2025-05-29T16:23:54.018710" elapsed="0.973678"/>
</kw>
<status status="PASS" start="2025-05-29T16:23:54.017944" elapsed="0.974666"/>
</kw>
<kw name="Click the 'Clear' button" owner="ClientResources">
<kw name="Click Button" owner="SeleniumLibrary">
<msg time="2025-05-29T16:23:54.993550" level="INFO">Clicking button 'xpath=//div[@class='MuiGrid-root MuiGrid-item MuiGrid-grid-xs-6 MuiGrid-grid-md-3 css-18tn63a']/child::button'.</msg>
<arg>${clear}</arg>
<doc>Clicks the button identified by ``locator``.</doc>
<status status="PASS" start="2025-05-29T16:23:54.993261" elapsed="0.201714"/>
</kw>
<status status="PASS" start="2025-05-29T16:23:54.992873" elapsed="0.202537"/>
</kw>
<kw name="verify that the filter is removed correctly." owner="ClientResources">
<kw name="Element Should Not Contain" owner="SeleniumLibrary">
<msg time="2025-05-29T16:23:55.237100" level="INFO">Element 'xpath=//div[@class='MuiInputBase-root MuiOutlinedInput-root MuiInputBase-colorPrimary MuiInputBase-fullWidth MuiInputBase-formControl MuiInputBase-sizeSmall MuiInputBase-adornedStart css-2xhzvc']/child::input' does not contain text 'Jeevika'.</msg>
<arg>${search-name}</arg>
<arg>${name}</arg>
<doc>Verifies that element ``locator`` does not contain text ``expected``.</doc>
<status status="PASS" start="2025-05-29T16:23:55.196834" elapsed="0.040595"/>
</kw>
<status status="PASS" start="2025-05-29T16:23:55.195824" elapsed="0.041984"/>
</kw>
<status status="PASS" start="2025-05-29T16:23:40.371005" elapsed="14.866947"/>
</kw>
<tag>client</tag>
<tag>smoke</tag>
<status status="PASS" start="2025-05-29T16:23:40.369266" elapsed="14.869761"/>
</test>
<test id="s1-s1-s2-t4" name="Search Client by Name" line="22">
<kw name="Verify the search functionality.">
<kw name="Open the browser with url" owner="GenericResources">
<kw name="Evaluate" owner="BuiltIn">
<msg time="2025-05-29T16:23:55.247342" level="INFO">${options} = &lt;selenium.webdriver.chrome.options.Options object at 0x0000023E3281CA70&gt;</msg>
<var>${options}</var>
<arg>sys.modules['selenium.webdriver'].ChromeOptions()</arg>
<arg>sys, selenium.webdriver</arg>
<doc>Evaluates the given expression in Python and returns the result.</doc>
<status status="PASS" start="2025-05-29T16:23:55.246583" elapsed="0.000855"/>
</kw>
<kw name="Call Method" owner="BuiltIn">
<arg>${options}</arg>
<arg>add_argument</arg>
<arg>--incognito</arg>
<doc>Calls the named method of the given object with the provided arguments.</doc>
<status status="PASS" start="2025-05-29T16:23:55.247788" elapsed="0.000428"/>
</kw>
<kw name="Call Method" owner="BuiltIn">
<arg>${options}</arg>
<arg>add_argument</arg>
<arg>--disable-extensions</arg>
<doc>Calls the named method of the given object with the provided arguments.</doc>
<status status="PASS" start="2025-05-29T16:23:55.248752" elapsed="0.000443"/>
</kw>
<kw name="Call Method" owner="BuiltIn">
<arg>${options}</arg>
<arg>add_argument</arg>
<arg>--disable-notifications</arg>
<doc>Calls the named method of the given object with the provided arguments.</doc>
<status status="PASS" start="2025-05-29T16:23:55.249525" elapsed="0.000387"/>
</kw>
<kw name="Call Method" owner="BuiltIn">
<arg>${options}</arg>
<arg>add_argument</arg>
<arg>--disable-popup-blocking</arg>
<doc>Calls the named method of the given object with the provided arguments.</doc>
<status status="PASS" start="2025-05-29T16:23:55.250222" elapsed="0.000346"/>
</kw>
<kw name="Call Method" owner="BuiltIn">
<arg>${options}</arg>
<arg>add_argument</arg>
<arg>--start-maximized</arg>
<doc>Calls the named method of the given object with the provided arguments.</doc>
<status status="PASS" start="2025-05-29T16:23:55.250867" elapsed="0.000376"/>
</kw>
<kw name="Evaluate" owner="BuiltIn">
<msg time="2025-05-29T16:23:55.252170" level="INFO">${prefs} = {'credentials_enable_service': False, 'profile.password_manager_enabled': False}</msg>
<var>${prefs}</var>
<arg>{"credentials_enable_service": False, "profile.password_manager_enabled": False}</arg>
<doc>Evaluates the given expression in Python and returns the result.</doc>
<status status="PASS" start="2025-05-29T16:23:55.251579" elapsed="0.000689"/>
</kw>
<kw name="Call Method" owner="BuiltIn">
<arg>${options}</arg>
<arg>add_experimental_option</arg>
<arg>prefs</arg>
<arg>${prefs}</arg>
<doc>Calls the named method of the given object with the provided arguments.</doc>
<status status="PASS" start="2025-05-29T16:23:55.252650" elapsed="0.000482"/>
</kw>
<kw name="Open Browser" owner="SeleniumLibrary">
<msg time="2025-05-29T16:23:55.254307" level="INFO">Opening browser 'chrome' to base url 'https://smart-cliff-admin.vercel.app/'.</msg>
<arg>${url}</arg>
<arg>${browser}</arg>
<arg>options=${options}</arg>
<doc>Opens a new browser instance to the optional ``url``.</doc>
<status status="PASS" start="2025-05-29T16:23:55.253562" elapsed="4.844269"/>
</kw>
<kw name="Maximize Browser Window" owner="SeleniumLibrary">
<doc>Maximizes current browser window.</doc>
<status status="PASS" start="2025-05-29T16:24:00.098126" elapsed="0.012889"/>
</kw>
<kw name="Set Selenium Implicit Wait" owner="SeleniumLibrary">
<arg>5</arg>
<doc>Sets the implicit wait value used by Selenium.</doc>
<status status="PASS" start="2025-05-29T16:24:00.111431" elapsed="0.006829"/>
</kw>
<status status="PASS" start="2025-05-29T16:23:55.245688" elapsed="4.872750"/>
</kw>
<kw name="fill the login form" owner="LoginResources">
<kw name="Input Text" owner="SeleniumLibrary">
<msg time="2025-05-29T16:24:00.119980" level="INFO">Typing text 'smart@gmail.com' into text field 'xpath=//div[@class='MuiInputBase-root MuiOutlinedInput-root MuiInputBase-colorPrimary MuiInputBase-fullWidth MuiInputBase-formControl css-1bp1ao6']/descendant::input[@name='email']'.</msg>
<arg>${user}</arg>
<arg>${Username}</arg>
<doc>Types the given ``text`` into the text field identified by ``locator``.</doc>
<status status="PASS" start="2025-05-29T16:24:00.119357" elapsed="0.839151"/>
</kw>
<kw name="Input Password" owner="SeleniumLibrary">
<msg time="2025-05-29T16:24:00.959690" level="INFO">Typing password into text field 'xpath=//div[@class='MuiInputBase-root MuiOutlinedInput-root MuiInputBase-colorPrimary MuiInputBase-fullWidth MuiInputBase-formControl css-1bp1ao6']/descendant::input[@name='password']'.</msg>
<msg time="2025-05-29T16:24:01.026686" level="INFO">Temporally setting log level to: NONE</msg>
<arg>${pass}</arg>
<arg>${Password}</arg>
<doc>Types the given password into the text field identified by ``locator``.</doc>
<status status="PASS" start="2025-05-29T16:24:00.958994" elapsed="0.279984"/>
</kw>
<kw name="Click Button" owner="SeleniumLibrary">
<msg time="2025-05-29T16:24:01.240505" level="INFO">Clicking button 'xpath=//button[@id='signin-submit']'.</msg>
<arg>${login}</arg>
<doc>Clicks the button identified by ``locator``.</doc>
<status status="PASS" start="2025-05-29T16:24:01.239665" elapsed="0.377524"/>
</kw>
<kw name="Sleep" owner="BuiltIn">
<msg time="2025-05-29T16:24:06.618875" level="INFO">Slept 5 seconds.</msg>
<arg>5</arg>
<doc>Pauses the test executed for the given time.</doc>
<status status="PASS" start="2025-05-29T16:24:01.617797" elapsed="5.001314"/>
</kw>
<arg>smart@gmail.com</arg>
<arg>1234</arg>
<status status="PASS" start="2025-05-29T16:24:00.118716" elapsed="6.500584"/>
</kw>
<kw name="Click the menu button to open the sidebar." owner="ClientResources">
<kw name="Wait Until Element Is Visible" owner="SeleniumLibrary">
<arg>${menu}</arg>
<arg>10</arg>
<doc>Waits until the element ``locator`` is visible.</doc>
<status status="PASS" start="2025-05-29T16:24:06.620158" elapsed="0.786532"/>
</kw>
<kw name="Click Button" owner="SeleniumLibrary">
<msg time="2025-05-29T16:24:07.407479" level="INFO">Clicking button 'xpath=//div[@class='MuiToolbar-root MuiToolbar-gutters MuiToolbar-regular css-i6s8oy']/child::button[1]'.</msg>
<arg>${menu}</arg>
<doc>Clicks the button identified by ``locator``.</doc>
<status status="PASS" start="2025-05-29T16:24:07.407081" elapsed="0.341258"/>
</kw>
<status status="PASS" start="2025-05-29T16:24:06.619702" elapsed="1.129005"/>
</kw>
<kw name="Click the Business option in the menu." owner="ClientResources">
<kw name="Wait Until Element Is Visible" owner="SeleniumLibrary">
<arg>${business}</arg>
<arg>10</arg>
<doc>Waits until the element ``locator`` is visible.</doc>
<status status="PASS" start="2025-05-29T16:24:07.750451" elapsed="0.073564"/>
</kw>
<kw name="Click Element" owner="SeleniumLibrary">
<msg time="2025-05-29T16:24:07.825828" level="INFO">Clicking element 'xpath=(//li[@class='MuiListItem-root MuiListItem-gutters css-bkmufr'])[6]/child::div'.</msg>
<arg>${business}</arg>
<doc>Click the element identified by ``locator``.</doc>
<status status="PASS" start="2025-05-29T16:24:07.824867" elapsed="0.269688"/>
</kw>
<status status="PASS" start="2025-05-29T16:24:07.749277" elapsed="0.345517"/>
</kw>
<kw name="Click the Client option under Business." owner="ClientResources">
<kw name="Click Element" owner="SeleniumLibrary">
<msg time="2025-05-29T16:24:08.095999" level="INFO">Clicking element 'xpath=(//div[@class='MuiListItemText-root css-1tsvksn'])[4]/child::span'.</msg>
<arg>${client}</arg>
<doc>Click the element identified by ``locator``.</doc>
<status status="PASS" start="2025-05-29T16:24:08.095668" elapsed="0.576529"/>
</kw>
<status status="PASS" start="2025-05-29T16:24:08.095165" elapsed="0.577337"/>
</kw>
<kw name="Enter a name in the input field." owner="ClientResources">
<kw name="Input Text" owner="SeleniumLibrary">
<msg time="2025-05-29T16:24:08.674822" level="INFO">Typing text 'Jeevika' into text field 'xpath=//div[@class='MuiInputBase-root MuiOutlinedInput-root MuiInputBase-colorPrimary MuiInputBase-fullWidth MuiInputBase-formControl MuiInputBase-sizeSmall MuiInputBase-adornedStart css-2xhzvc']/child::input'.</msg>
<arg>${search-name}</arg>
<arg>${name}</arg>
<doc>Types the given ``text`` into the text field identified by ``locator``.</doc>
<status status="PASS" start="2025-05-29T16:24:08.674102" elapsed="0.816588"/>
</kw>
<status status="PASS" start="2025-05-29T16:24:08.673039" elapsed="0.817959"/>
</kw>
<kw name="The entered name should be displayed in the filter section below." owner="ClientResources">
<kw name="Get WebElements" owner="SeleniumLibrary">
<msg time="2025-05-29T16:24:09.513284" level="INFO">${elements} = [&lt;selenium.webdriver.remote.webelement.WebElement (session="6923142db94eefa3e216c5a5cf4c6e52", element="f.342CB7ED2A9968B97C7E5159DF08E076.d.7E8AB3DBDDE4A8E4CC0A606F5867DAE4.e.124")&gt;, &lt;selenium.webdri...</msg>
<var>${elements}</var>
<arg>${actual-name-list}</arg>
<doc>Returns a list of WebElement objects matching the ``locator``.</doc>
<status status="PASS" start="2025-05-29T16:24:09.492280" elapsed="0.021216"/>
</kw>
<kw name="Set Variable" owner="BuiltIn">
<msg time="2025-05-29T16:24:09.514662" level="INFO">${found} = False</msg>
<var>${found}</var>
<arg>False</arg>
<doc>Returns the given values which can then be assigned to a variables.</doc>
<status status="PASS" start="2025-05-29T16:24:09.514143" elapsed="0.000660"/>
</kw>
<for flavor="IN">
<iter>
<kw name="Get Text" owner="SeleniumLibrary">
<msg time="2025-05-29T16:24:09.541033" level="INFO">${text} = Jeevika</msg>
<var>${text}</var>
<arg>${element}</arg>
<doc>Returns the text value of the element identified by ``locator``.</doc>
<status status="PASS" start="2025-05-29T16:24:09.515908" elapsed="0.025285"/>
</kw>
<kw name="Log To Console" owner="BuiltIn">
<arg>${text}</arg>
<doc>Logs the given message to the console.</doc>
<status status="PASS" start="2025-05-29T16:24:09.541609" elapsed="0.000655"/>
</kw>
<if>
<branch type="IF" condition="'${text}'=='${name}'">
<kw name="Set Variable" owner="BuiltIn">
<msg time="2025-05-29T16:24:09.543706" level="INFO">${found} = True</msg>
<var>${found}</var>
<arg>True</arg>
<doc>Returns the given values which can then be assigned to a variables.</doc>
<status status="PASS" start="2025-05-29T16:24:09.543276" elapsed="0.000546"/>
</kw>
<break>
<status status="PASS" start="2025-05-29T16:24:09.544015" elapsed="0.000104"/>
</break>
<status status="PASS" start="2025-05-29T16:24:09.542610" elapsed="0.001579"/>
</branch>
<status status="PASS" start="2025-05-29T16:24:09.542535" elapsed="0.001715"/>
</if>
<var name="${element}">&lt;selenium.webdriver.remote.webelement.WebElement (session="6923142db94eefa3e216c5a5cf4c6e52", element="f.342CB7ED2A9968B97C7E5159DF08E076.d.7E8AB3DBDDE4A8E4CC0A606F5867DAE4.e.124")&gt;</var>
<status status="PASS" start="2025-05-29T16:24:09.515598" elapsed="0.028705"/>
</iter>
<var>${element}</var>
<value>@{elements}</value>
<status status="PASS" start="2025-05-29T16:24:09.515048" elapsed="0.029338"/>
</for>
<kw name="Should Be True" owner="BuiltIn">
<arg>${found}</arg>
<doc>Fails if the given condition is not true.</doc>
<status status="PASS" start="2025-05-29T16:24:09.544628" elapsed="0.000504"/>
</kw>
<status status="PASS" start="2025-05-29T16:24:09.491629" elapsed="0.053709"/>
</kw>
<status status="PASS" start="2025-05-29T16:23:55.244387" elapsed="14.301080"/>
</kw>
<tag>client</tag>
<tag>smoke</tag>
<status status="PASS" start="2025-05-29T16:23:55.241734" elapsed="14.304178"/>
</test>
<test id="s1-s1-s2-t5" name="Filter by Type" line="25">
<kw name="Verify that clients can be filtered by type.">
<kw name="Open the browser with url" owner="GenericResources">
<kw name="Evaluate" owner="BuiltIn">
<msg time="2025-05-29T16:24:09.553351" level="INFO">${options} = &lt;selenium.webdriver.chrome.options.Options object at 0x0000023E327B1BF0&gt;</msg>
<var>${options}</var>
<arg>sys.modules['selenium.webdriver'].ChromeOptions()</arg>
<arg>sys, selenium.webdriver</arg>
<doc>Evaluates the given expression in Python and returns the result.</doc>
<status status="PASS" start="2025-05-29T16:24:09.552638" elapsed="0.000817"/>
</kw>
<kw name="Call Method" owner="BuiltIn">
<arg>${options}</arg>
<arg>add_argument</arg>
<arg>--incognito</arg>
<doc>Calls the named method of the given object with the provided arguments.</doc>
<status status="PASS" start="2025-05-29T16:24:09.553855" elapsed="0.000456"/>
</kw>
<kw name="Call Method" owner="BuiltIn">
<arg>${options}</arg>
<arg>add_argument</arg>
<arg>--disable-extensions</arg>
<doc>Calls the named method of the given object with the provided arguments.</doc>
<status status="PASS" start="2025-05-29T16:24:09.554700" elapsed="0.000431"/>
</kw>
<kw name="Call Method" owner="BuiltIn">
<arg>${options}</arg>
<arg>add_argument</arg>
<arg>--disable-notifications</arg>
<doc>Calls the named method of the given object with the provided arguments.</doc>
<status status="PASS" start="2025-05-29T16:24:09.555445" elapsed="0.000340"/>
</kw>
<kw name="Call Method" owner="BuiltIn">
<arg>${options}</arg>
<arg>add_argument</arg>
<arg>--disable-popup-blocking</arg>
<doc>Calls the named method of the given object with the provided arguments.</doc>
<status status="PASS" start="2025-05-29T16:24:09.556163" elapsed="0.000517"/>
</kw>
<kw name="Call Method" owner="BuiltIn">
<arg>${options}</arg>
<arg>add_argument</arg>
<arg>--start-maximized</arg>
<doc>Calls the named method of the given object with the provided arguments.</doc>
<status status="PASS" start="2025-05-29T16:24:09.557151" elapsed="0.000518"/>
</kw>
<kw name="Evaluate" owner="BuiltIn">
<msg time="2025-05-29T16:24:09.558661" level="INFO">${prefs} = {'credentials_enable_service': False, 'profile.password_manager_enabled': False}</msg>
<var>${prefs}</var>
<arg>{"credentials_enable_service": False, "profile.password_manager_enabled": False}</arg>
<doc>Evaluates the given expression in Python and returns the result.</doc>
<status status="PASS" start="2025-05-29T16:24:09.558085" elapsed="0.000673"/>
</kw>
<kw name="Call Method" owner="BuiltIn">
<arg>${options}</arg>
<arg>add_experimental_option</arg>
<arg>prefs</arg>
<arg>${prefs}</arg>
<doc>Calls the named method of the given object with the provided arguments.</doc>
<status status="PASS" start="2025-05-29T16:24:09.559123" elapsed="0.000420"/>
</kw>
<kw name="Open Browser" owner="SeleniumLibrary">
<msg time="2025-05-29T16:24:09.560829" level="INFO">Opening browser 'chrome' to base url 'https://smart-cliff-admin.vercel.app/'.</msg>
<arg>${url}</arg>
<arg>${browser}</arg>
<arg>options=${options}</arg>
<doc>Opens a new browser instance to the optional ``url``.</doc>
<status status="PASS" start="2025-05-29T16:24:09.560019" elapsed="4.339676"/>
</kw>
<kw name="Maximize Browser Window" owner="SeleniumLibrary">
<doc>Maximizes current browser window.</doc>
<status status="PASS" start="2025-05-29T16:24:13.900252" elapsed="0.011703"/>
</kw>
<kw name="Set Selenium Implicit Wait" owner="SeleniumLibrary">
<arg>5</arg>
<doc>Sets the implicit wait value used by Selenium.</doc>
<status status="PASS" start="2025-05-29T16:24:13.912320" elapsed="0.007978"/>
</kw>
<status status="PASS" start="2025-05-29T16:24:09.551999" elapsed="4.368536"/>
</kw>
<kw name="fill the login form" owner="LoginResources">
<kw name="Input Text" owner="SeleniumLibrary">
<msg time="2025-05-29T16:24:13.921810" level="INFO">Typing text 'smart@gmail.com' into text field 'xpath=//div[@class='MuiInputBase-root MuiOutlinedInput-root MuiInputBase-colorPrimary MuiInputBase-fullWidth MuiInputBase-formControl css-1bp1ao6']/descendant::input[@name='email']'.</msg>
<arg>${user}</arg>
<arg>${Username}</arg>
<doc>Types the given ``text`` into the text field identified by ``locator``.</doc>
<status status="PASS" start="2025-05-29T16:24:13.921417" elapsed="0.363983"/>
</kw>
<kw name="Input Password" owner="SeleniumLibrary">
<msg time="2025-05-29T16:24:14.286345" level="INFO">Typing password into text field 'xpath=//div[@class='MuiInputBase-root MuiOutlinedInput-root MuiInputBase-colorPrimary MuiInputBase-fullWidth MuiInputBase-formControl css-1bp1ao6']/descendant::input[@name='password']'.</msg>
<msg time="2025-05-29T16:24:14.882390" level="INFO">Temporally setting log level to: NONE</msg>
<arg>${pass}</arg>
<arg>${Password}</arg>
<doc>Types the given password into the text field identified by ``locator``.</doc>
<status status="PASS" start="2025-05-29T16:24:14.285821" elapsed="0.735747"/>
</kw>
<kw name="Click Button" owner="SeleniumLibrary">
<msg time="2025-05-29T16:24:15.023043" level="INFO">Clicking button 'xpath=//button[@id='signin-submit']'.</msg>
<arg>${login}</arg>
<doc>Clicks the button identified by ``locator``.</doc>
<status status="PASS" start="2025-05-29T16:24:15.022238" elapsed="0.289003"/>
</kw>
<kw name="Sleep" owner="BuiltIn">
<msg time="2025-05-29T16:24:20.313004" level="INFO">Slept 5 seconds.</msg>
<arg>5</arg>
<doc>Pauses the test executed for the given time.</doc>
<status status="PASS" start="2025-05-29T16:24:15.311864" elapsed="5.001530"/>
</kw>
<arg>smart@gmail.com</arg>
<arg>1234</arg>
<status status="PASS" start="2025-05-29T16:24:13.920826" elapsed="6.392924"/>
</kw>
<kw name="Click the menu button to open the sidebar." owner="ClientResources">
<kw name="Wait Until Element Is Visible" owner="SeleniumLibrary">
<arg>${menu}</arg>
<arg>10</arg>
<doc>Waits until the element ``locator`` is visible.</doc>
<status status="PASS" start="2025-05-29T16:24:20.316730" elapsed="0.113007"/>
</kw>
<kw name="Click Button" owner="SeleniumLibrary">
<msg time="2025-05-29T16:24:20.430554" level="INFO">Clicking button 'xpath=//div[@class='MuiToolbar-root MuiToolbar-gutters MuiToolbar-regular css-i6s8oy']/child::button[1]'.</msg>
<arg>${menu}</arg>
<doc>Clicks the button identified by ``locator``.</doc>
<status status="PASS" start="2025-05-29T16:24:20.430133" elapsed="0.177361"/>
</kw>
<status status="PASS" start="2025-05-29T16:24:20.315688" elapsed="0.292093"/>
</kw>
<kw name="Click the Business option in the menu." owner="ClientResources">
<kw name="Wait Until Element Is Visible" owner="SeleniumLibrary">
<arg>${business}</arg>
<arg>10</arg>
<doc>Waits until the element ``locator`` is visible.</doc>
<status status="PASS" start="2025-05-29T16:24:20.608868" elapsed="0.053228"/>
</kw>
<kw name="Click Element" owner="SeleniumLibrary">
<msg time="2025-05-29T16:24:20.663208" level="INFO">Clicking element 'xpath=(//li[@class='MuiListItem-root MuiListItem-gutters css-bkmufr'])[6]/child::div'.</msg>
<arg>${business}</arg>
<doc>Click the element identified by ``locator``.</doc>
<status status="PASS" start="2025-05-29T16:24:20.662611" elapsed="0.247088"/>
</kw>
<status status="PASS" start="2025-05-29T16:24:20.608266" elapsed="0.301712"/>
</kw>
<kw name="Click the Client option under Business." owner="ClientResources">
<kw name="Click Element" owner="SeleniumLibrary">
<msg time="2025-05-29T16:24:20.911742" level="INFO">Clicking element 'xpath=(//div[@class='MuiListItemText-root css-1tsvksn'])[4]/child::span'.</msg>
<arg>${client}</arg>
<doc>Click the element identified by ``locator``.</doc>
<status status="PASS" start="2025-05-29T16:24:20.911013" elapsed="0.409532"/>
</kw>
<status status="PASS" start="2025-05-29T16:24:20.910403" elapsed="0.410399"/>
</kw>
<kw name="The user selects a specific type." owner="ClientResources">
<kw name="Click Element" owner="SeleniumLibrary">
<msg time="2025-05-29T16:24:21.321952" level="INFO">Clicking element 'xpath=//div[@id='type-filter']'.</msg>
<arg>${choose-filter}</arg>
<doc>Click the element identified by ``locator``.</doc>
<status status="PASS" start="2025-05-29T16:24:21.321614" elapsed="0.542094"/>
</kw>
<status status="PASS" start="2025-05-29T16:24:21.321158" elapsed="0.542717"/>
</kw>
<kw name="Verify that the corresponding items are displayed below." owner="ClientResources">
<kw name="Log To Console" owner="BuiltIn">
<arg>${Filtertype}</arg>
<doc>Logs the given message to the console.</doc>
<status status="PASS" start="2025-05-29T16:24:21.866090" elapsed="0.000672"/>
</kw>
<if>
<branch type="IF" condition="'${Filtertype}' == 'Train From Us'">
<kw name="Wait Until Element Is Visible" owner="SeleniumLibrary">
<arg>${train_from_us}</arg>
<arg>timeout=10</arg>
<doc>Waits until the element ``locator`` is visible.</doc>
<status status="NOT RUN" start="2025-05-29T16:24:21.867672" elapsed="0.000140"/>
</kw>
<kw name="Click Element" owner="SeleniumLibrary">
<arg>${train_from_us}</arg>
<doc>Click the element identified by ``locator``.</doc>
<status status="NOT RUN" start="2025-05-29T16:24:21.868196" elapsed="0.000122"/>
</kw>
<kw name="Get WebElements" owner="SeleniumLibrary">
<var>${elements}</var>
<arg>${filter-list}</arg>
<doc>Returns a list of WebElement objects matching the ``locator``.</doc>
<status status="NOT RUN" start="2025-05-29T16:24:21.868651" elapsed="0.000112"/>
</kw>
<kw name="Get Length" owner="BuiltIn">
<var>${length}</var>
<arg>${elements}</arg>
<doc>Returns and logs the length of the given item as an integer.</doc>
<status status="NOT RUN" start="2025-05-29T16:24:21.869196" elapsed="0.000145"/>
</kw>
<if>
<branch type="IF" condition="${length} == 0">
<kw name="Log To Console" owner="BuiltIn">
<arg>No elements present</arg>
<doc>Logs the given message to the console.</doc>
<status status="NOT RUN" start="2025-05-29T16:24:21.869789" elapsed="0.000046"/>
</kw>
<status status="NOT RUN" start="2025-05-29T16:24:21.869575" elapsed="0.000330"/>
</branch>
<branch type="ELSE">
<kw name="Set Variable" owner="BuiltIn">
<var>${found}</var>
<arg>True</arg>
<doc>Returns the given values which can then be assigned to a variables.</doc>
<status status="NOT RUN" start="2025-05-29T16:24:21.870139" elapsed="0.000061"/>
</kw>
<for flavor="IN">
<iter>
<kw name="Get Text" owner="SeleniumLibrary">
<var>${text}</var>
<arg>${element}</arg>
<doc>Returns the text value of the element identified by ``locator``.</doc>
<status status="NOT RUN" start="2025-05-29T16:24:21.870726" elapsed="0.000048"/>
</kw>
<if>
<branch type="IF" condition="'${text}'!='Train From Us'">
<kw name="Set Variable" owner="BuiltIn">
<var>${found}</var>
<arg>False</arg>
<doc>Returns the given values which can then be assigned to a variables.</doc>
<status status="NOT RUN" start="2025-05-29T16:24:21.871056" elapsed="0.000040"/>
</kw>
<break>
<status status="NOT RUN" start="2025-05-29T16:24:21.871170" elapsed="0.000036"/>
</break>
<status status="NOT RUN" start="2025-05-29T16:24:21.870912" elapsed="0.000343"/>
</branch>
<status status="NOT RUN" start="2025-05-29T16:24:21.870886" elapsed="0.000416"/>
</if>
<kw name="Should Be True" owner="BuiltIn">
<arg>${found}</arg>
<doc>Fails if the given condition is not true.</doc>
<status status="NOT RUN" start="2025-05-29T16:24:21.871428" elapsed="0.000040"/>
</kw>
<var name="${element}"/>
<status status="NOT RUN" start="2025-05-29T16:24:21.870540" elapsed="0.000991"/>
</iter>
<var>${element}</var>
<value>@{elements}</value>
<status status="NOT RUN" start="2025-05-29T16:24:21.870311" elapsed="0.001288"/>
</for>
<status status="NOT RUN" start="2025-05-29T16:24:21.869963" elapsed="0.001836"/>
</branch>
<status status="NOT RUN" start="2025-05-29T16:24:21.869522" elapsed="0.002358"/>
</if>
<status status="NOT RUN" start="2025-05-29T16:24:21.867075" elapsed="0.004852"/>
</branch>
<status status="PASS" start="2025-05-29T16:24:21.867008" elapsed="0.004964"/>
</if>
<if>
<branch type="IF" condition="'${Filtertype}' == 'Institute'">
<kw name="Wait Until Element Is Visible" owner="SeleniumLibrary">
<arg>${institute}</arg>
<arg>timeout=10</arg>
<doc>Waits until the element ``locator`` is visible.</doc>
<status status="NOT RUN" start="2025-05-29T16:24:21.872481" elapsed="0.000050"/>
</kw>
<kw name="Click Element" owner="SeleniumLibrary">
<arg>${institute}</arg>
<doc>Click the element identified by ``locator``.</doc>
<status status="NOT RUN" start="2025-05-29T16:24:21.872687" elapsed="0.000036"/>
</kw>
<kw name="Get WebElements" owner="SeleniumLibrary">
<var>${elements}</var>
<arg>${filter-list}</arg>
<doc>Returns a list of WebElement objects matching the ``locator``.</doc>
<status status="NOT RUN" start="2025-05-29T16:24:21.872851" elapsed="0.000036"/>
</kw>
<kw name="Set Variable" owner="BuiltIn">
<var>${found}</var>
<arg>True</arg>
<doc>Returns the given values which can then be assigned to a variables.</doc>
<status status="NOT RUN" start="2025-05-29T16:24:21.873021" elapsed="0.000036"/>
</kw>
<for flavor="IN">
<iter>
<kw name="Get Text" owner="SeleniumLibrary">
<var>${text}</var>
<arg>${element}</arg>
<doc>Returns the text value of the element identified by ``locator``.</doc>
<status status="NOT RUN" start="2025-05-29T16:24:21.873492" elapsed="0.000041"/>
</kw>
<if>
<branch type="IF" condition="'${text}'!='Institute'">
<kw name="Set Variable" owner="BuiltIn">
<var>${found}</var>
<arg>False</arg>
<doc>Returns the given values which can then be assigned to a variables.</doc>
<status status="NOT RUN" start="2025-05-29T16:24:21.873788" elapsed="0.000038"/>
</kw>
<break>
<status status="NOT RUN" start="2025-05-29T16:24:21.873902" elapsed="0.000036"/>
</break>
<status status="NOT RUN" start="2025-05-29T16:24:21.873651" elapsed="0.000334"/>
</branch>
<status status="NOT RUN" start="2025-05-29T16:24:21.873625" elapsed="0.000408"/>
</if>
<kw name="Should Be True" owner="BuiltIn">
<arg>${found}</arg>
<doc>Fails if the given condition is not true.</doc>
<status status="NOT RUN" start="2025-05-29T16:24:21.874165" elapsed="0.000042"/>
</kw>
<var name="${element}"/>
<status status="NOT RUN" start="2025-05-29T16:24:21.873345" elapsed="0.000962"/>
</iter>
<var>${element}</var>
<value>@{elements}</value>
<status status="NOT RUN" start="2025-05-29T16:24:21.873142" elapsed="0.001267"/>
</for>
<status status="NOT RUN" start="2025-05-29T16:24:21.872081" elapsed="0.002435"/>
</branch>
<status status="PASS" start="2025-05-29T16:24:21.872047" elapsed="0.002537"/>
</if>
<if>
<branch type="IF" condition="'${Filtertype}' == 'Home'">
<kw name="Wait Until Element Is Visible" owner="SeleniumLibrary">
<arg>${home}</arg>
<arg>timeout=10</arg>
<doc>Waits until the element ``locator`` is visible.</doc>
<status status="NOT RUN" start="2025-05-29T16:24:21.875339" elapsed="0.000109"/>
</kw>
<kw name="Click Element" owner="SeleniumLibrary">
<arg>${home}</arg>
<doc>Click the element identified by ``locator``.</doc>
<status status="NOT RUN" start="2025-05-29T16:24:21.875775" elapsed="0.000078"/>
</kw>
<kw name="Get WebElements" owner="SeleniumLibrary">
<var>${elements}</var>
<arg>${filter-list}</arg>
<doc>Returns a list of WebElement objects matching the ``locator``.</doc>
<status status="NOT RUN" start="2025-05-29T16:24:21.876081" elapsed="0.000065"/>
</kw>
<kw name="Get Length" owner="BuiltIn">
<var>${length}</var>
<arg>${elements}</arg>
<doc>Returns and logs the length of the given item as an integer.</doc>
<status status="NOT RUN" start="2025-05-29T16:24:21.876396" elapsed="0.000086"/>
</kw>
<if>
<branch type="IF" condition="${length} == 0">
<kw name="Log To Console" owner="BuiltIn">
<arg>No elements present</arg>
<doc>Logs the given message to the console.</doc>
<status status="NOT RUN" start="2025-05-29T16:24:21.876981" elapsed="0.000096"/>
</kw>
<status status="NOT RUN" start="2025-05-29T16:24:21.876687" elapsed="0.000497"/>
</branch>
<branch type="ELSE">
<kw name="Set Variable" owner="BuiltIn">
<var>${found}</var>
<arg>True</arg>
<doc>Returns the given values which can then be assigned to a variables.</doc>
<status status="NOT RUN" start="2025-05-29T16:24:21.877737" elapsed="0.000120"/>
</kw>
<for flavor="IN">
<iter>
<kw name="Get Text" owner="SeleniumLibrary">
<var>${text}</var>
<arg>${element}</arg>
<doc>Returns the text value of the element identified by ``locator``.</doc>
<status status="NOT RUN" start="2025-05-29T16:24:21.878579" elapsed="0.000084"/>
</kw>
<if>
<branch type="IF" condition="'${text}'!='Home'">
<kw name="Set Variable" owner="BuiltIn">
<var>${found}</var>
<arg>False</arg>
<doc>Returns the given values which can then be assigned to a variables.</doc>
<status status="NOT RUN" start="2025-05-29T16:24:21.879170" elapsed="0.000071"/>
</kw>
<break>
<status status="NOT RUN" start="2025-05-29T16:24:21.879338" elapsed="0.000039"/>
</break>
<status status="NOT RUN" start="2025-05-29T16:24:21.878824" elapsed="0.000605"/>
</branch>
<status status="NOT RUN" start="2025-05-29T16:24:21.878792" elapsed="0.000689"/>
</if>
<kw name="Should Be True" owner="BuiltIn">
<arg>${found}</arg>
<doc>Fails if the given condition is not true.</doc>
<status status="NOT RUN" start="2025-05-29T16:24:21.879634" elapsed="0.000043"/>
</kw>
<var name="${element}"/>
<status status="NOT RUN" start="2025-05-29T16:24:21.878363" elapsed="0.001372"/>
</iter>
<var>${element}</var>
<value>@{elements}</value>
<status status="NOT RUN" start="2025-05-29T16:24:21.878031" elapsed="0.001765"/>
</for>
<status status="NOT RUN" start="2025-05-29T16:24:21.877282" elapsed="0.002740"/>
</branch>
<status status="NOT RUN" start="2025-05-29T16:24:21.876636" elapsed="0.003797"/>
</if>
<status status="NOT RUN" start="2025-05-29T16:24:21.874742" elapsed="0.005809"/>
</branch>
<status status="PASS" start="2025-05-29T16:24:21.874697" elapsed="0.005965"/>
</if>
<arg>${Filtertype}</arg>
<status status="PASS" start="2025-05-29T16:24:21.864732" elapsed="0.016066"/>
</kw>
<arg>${Filtertype}</arg>
<status status="PASS" start="2025-05-29T16:24:09.551099" elapsed="12.329815"/>
</kw>
<tag>client</tag>
<tag>smoke</tag>
<status status="PASS" start="2025-05-29T16:24:09.547088" elapsed="12.334282"/>
</test>
<test id="s1-s1-s2-t6" name="Edit Client Details" line="29">
<kw name="To verify Update Client Details After Editing">
<kw name="Open the browser with url" owner="GenericResources">
<kw name="Evaluate" owner="BuiltIn">
<msg time="2025-05-29T16:24:21.888803" level="INFO">${options} = &lt;selenium.webdriver.chrome.options.Options object at 0x0000023E327B2E00&gt;</msg>
<var>${options}</var>
<arg>sys.modules['selenium.webdriver'].ChromeOptions()</arg>
<arg>sys, selenium.webdriver</arg>
<doc>Evaluates the given expression in Python and returns the result.</doc>
<status status="PASS" start="2025-05-29T16:24:21.887772" elapsed="0.001142"/>
</kw>
<kw name="Call Method" owner="BuiltIn">
<arg>${options}</arg>
<arg>add_argument</arg>
<arg>--incognito</arg>
<doc>Calls the named method of the given object with the provided arguments.</doc>
[...]
</kw>
<kw name="Evaluate" owner="BuiltIn">
<msg time="2025-05-29T16:44:31.774017" level="INFO">${prefs} = {'credentials_enable_service': False, 'profile.password_manager_enabled': False}</msg>
<var>${prefs}</var>
<arg>{"credentials_enable_service": False, "profile.password_manager_enabled": False}</arg>
<doc>Evaluates the given expression in Python and returns the result.</doc>
<status status="PASS" start="2025-05-29T16:44:31.771080" elapsed="0.003044"/>
</kw>
<kw name="Call Method" owner="BuiltIn">
<arg>${options}</arg>
<arg>add_experimental_option</arg>
<arg>prefs</arg>
<arg>${prefs}</arg>
<doc>Calls the named method of the given object with the provided arguments.</doc>
<status status="PASS" start="2025-05-29T16:44:31.774478" elapsed="0.000325"/>
</kw>
<kw name="Open Browser" owner="SeleniumLibrary">
<msg time="2025-05-29T16:44:31.775776" level="INFO">Opening browser 'chrome' to base url 'https://smart-cliff-admin.vercel.app/'.</msg>
<arg>${url}</arg>
<arg>${browser}</arg>
<arg>options=${options}</arg>
<doc>Opens a new browser instance to the optional ``url``.</doc>
<status status="PASS" start="2025-05-29T16:44:31.775020" elapsed="4.220276"/>
</kw>
<kw name="Maximize Browser Window" owner="SeleniumLibrary">
<doc>Maximizes current browser window.</doc>
<status status="PASS" start="2025-05-29T16:44:35.995641" elapsed="0.064267"/>
</kw>
<kw name="Set Selenium Implicit Wait" owner="SeleniumLibrary">
<arg>5</arg>
<doc>Sets the implicit wait value used by Selenium.</doc>
<status status="PASS" start="2025-05-29T16:44:36.060766" elapsed="0.042581"/>
</kw>
<status status="PASS" start="2025-05-29T16:44:31.768343" elapsed="4.335211"/>
</kw>
<kw name="fill the login form" owner="LoginResources">
<kw name="Input Text" owner="SeleniumLibrary">
<msg time="2025-05-29T16:44:36.104693" level="INFO">Typing text 'smart@gmail.com' into text field 'xpath=//div[@class='MuiInputBase-root MuiOutlinedInput-root MuiInputBase-colorPrimary MuiInputBase-fullWidth MuiInputBase-formControl css-1bp1ao6']/descendant::input[@name='email']'.</msg>
<arg>${user}</arg>
<arg>${Username}</arg>
<doc>Types the given ``text`` into the text field identified by ``locator``.</doc>
<status status="PASS" start="2025-05-29T16:44:36.104390" elapsed="0.572923"/>
</kw>
<kw name="Input Password" owner="SeleniumLibrary">
<msg time="2025-05-29T16:44:36.678327" level="INFO">Typing password into text field 'xpath=//div[@class='MuiInputBase-root MuiOutlinedInput-root MuiInputBase-colorPrimary MuiInputBase-fullWidth MuiInputBase-formControl css-1bp1ao6']/descendant::input[@name='password']'.</msg>
<msg time="2025-05-29T16:44:36.770997" level="INFO">Temporally setting log level to: NONE</msg>
<arg>${pass}</arg>
<arg>${Password}</arg>
<doc>Types the given password into the text field identified by ``locator``.</doc>
<status status="PASS" start="2025-05-29T16:44:36.677733" elapsed="0.232931"/>
</kw>
<kw name="Click Button" owner="SeleniumLibrary">
<msg time="2025-05-29T16:44:36.912017" level="INFO">Clicking button 'xpath=//button[@id='signin-submit']'.</msg>
<arg>${login}</arg>
<doc>Clicks the button identified by ``locator``.</doc>
<status status="PASS" start="2025-05-29T16:44:36.911273" elapsed="0.487501"/>
</kw>
<kw name="Sleep" owner="BuiltIn">
<arg>5</arg>
<doc>Pauses the test executed for the given time.</doc>
<status status="FAIL" start="2025-05-29T16:44:37.399300" elapsed="0.134374">Execution terminated by signal</status>
</kw>
<arg>${Username}</arg>
<arg>${Password}</arg>
<status status="FAIL" start="2025-05-29T16:44:36.103858" elapsed="1.430395">Execution terminated by signal</status>
</kw>
<if>
<branch type="IF" condition="'${Username}' == '' and '${Password}' == ''">
<kw name="Page Should Contain Element" owner="SeleniumLibrary">
<arg>${erroremail}</arg>
<doc>Verifies that element ``locator`` is found on the current page.</doc>
<status status="NOT RUN" start="2025-05-29T16:44:37.555288" elapsed="0.000306"/>
</kw>
<kw name="Page Should Contain Element" owner="SeleniumLibrary">
<arg>${errorpwd}</arg>
<doc>Verifies that element ``locator`` is found on the current page.</doc>
<status status="NOT RUN" start="2025-05-29T16:44:37.556201" elapsed="0.000223"/>
</kw>
<status status="NOT RUN" start="2025-05-29T16:44:37.554504" elapsed="0.002310"/>
</branch>
<branch type="ELSE IF" condition="'${Username}' == ''">
<kw name="Page Should Contain Element" owner="SeleniumLibrary">
<arg>${erroremail}</arg>
<doc>Verifies that element ``locator`` is found on the current page.</doc>
<status status="NOT RUN" start="2025-05-29T16:44:37.557771" elapsed="0.000234"/>
</kw>
<status status="NOT RUN" start="2025-05-29T16:44:37.557016" elapsed="0.001262"/>
</branch>
<branch type="ELSE IF" condition="'${Password}' == ''">
<kw name="Page Should Contain Element" owner="SeleniumLibrary">
<arg>${errorpwd}</arg>
<doc>Verifies that element ``locator`` is found on the current page.</doc>
<status status="NOT RUN" start="2025-05-29T16:44:37.559283" elapsed="0.000475"/>
</kw>
<status status="NOT RUN" start="2025-05-29T16:44:37.558525" elapsed="0.001729"/>
</branch>
<branch type="ELSE">
<kw name="Location Should Be" owner="SeleniumLibrary">
<arg>https://smart-cliff-admin.vercel.app/adminHome</arg>
<doc>Verifies that the current URL is exactly ``url``.</doc>
<status status="NOT RUN" start="2025-05-29T16:44:37.560933" elapsed="0.000185"/>
</kw>
<status status="NOT RUN" start="2025-05-29T16:44:37.560475" elapsed="0.000819"/>
</branch>
<status status="NOT RUN" start="2025-05-29T16:44:37.534578" elapsed="0.026800"/>
</if>
<kw name="Close Browser" owner="SeleniumLibrary">
<doc>Closes the current browser.</doc>
<status status="NOT RUN" start="2025-05-29T16:44:37.561663" elapsed="0.000129"/>
</kw>
<arg>Username=smart@gmail.com</arg>
<arg>Password=</arg>
<status status="FAIL" start="2025-05-29T16:44:31.767755" elapsed="5.794354">Execution terminated by signal</status>
</kw>
<tag>login</tag>
<tag>smoke</tag>
<status status="FAIL" start="2025-05-29T16:44:31.765604" elapsed="5.873012">Execution terminated by signal</status>
</test>
<test id="s1-s2-s1-s8-t4" name="Validate Login Test" line="13">
<tag>login</tag>
<tag>robot:exit</tag>
<tag>smoke</tag>
<status status="FAIL" start="2025-05-29T16:44:37.705909" elapsed="0.006462">Test execution stopped due to a fatal error.</status>
</test>
<status status="FAIL" start="2025-05-29T16:44:06.936770" elapsed="30.778272"/>
</suite>
<suite id="s1-s2-s1-s9" name="WhyCanYouTest" source="D:\smartcliff_project\Smartcliff_RobotFramework_Project\Testcases\WhyCanYouTest.robot">
<test id="s1-s2-s1-s9-t1" name="Verify It Reached Home Page" line="14">
<tag>home</tag>
<tag>robot:exit</tag>
<tag>smoke</tag>
<status status="FAIL" start="2025-05-29T16:44:37.727639" elapsed="0.002654">Test execution stopped due to a fatal error.</status>
</test>
<test id="s1-s2-s1-s9-t2" name="Verify It Reached &quot;Why Can You&quot; Page by clicking on menu bar" line="17">
<tag>menubar</tag>
<tag>reg</tag>
<tag>robot:exit</tag>
<status status="FAIL" start="2025-05-29T16:44:37.734662" elapsed="0.003412">Test execution stopped due to a fatal error.</status>
</test>
<test id="s1-s2-s1-s9-t3" name="Verify It Reached &quot;Why Can You&quot; Page by clicking on icon" line="20">
<tag>icon</tag>
<tag>robot:exit</tag>
<tag>smoke</tag>
<status status="FAIL" start="2025-05-29T16:44:37.742736" elapsed="0.003214">Test execution stopped due to a fatal error.</status>
</test>
<test id="s1-s2-s1-s9-t4" name="Verify it reached form filling page" line="23">
<tag>fillform</tag>
<tag>reg</tag>
<tag>robot:exit</tag>
<status status="FAIL" start="2025-05-29T16:44:37.752954" elapsed="0.001006">Test execution stopped due to a fatal error.</status>
</test>
<test id="s1-s2-s1-s9-t5" name="Add New WCY Hire After Successful Login" line="26">
<tag>addwcy</tag>
<tag>robot:exit</tag>
<tag>smoke</tag>
<status status="FAIL" start="2025-05-29T16:44:37.757942" elapsed="0.001670">Test execution stopped due to a fatal error.</status>
</test>
<test id="s1-s2-s1-s9-t6" name="Search Title By Name" line="29">
<tag>robot:exit</tag>
<tag>search</tag>
<tag>smoke</tag>
<status status="FAIL" start="2025-05-29T16:44:37.760791" elapsed="0.001236">Test execution stopped due to a fatal error.</status>
</test>
<status status="FAIL" start="2025-05-29T16:44:37.721723" elapsed="0.043062"/>
</suite>
<status status="FAIL" start="2025-05-29T16:34:57.071154" elapsed="580.696335"/>
</suite>
<status status="FAIL" start="2025-05-29T16:34:57.064214" elapsed="580.707176"/>
</suite>
<status status="FAIL" start="2025-05-29T16:22:39.057301" elapsed="1318.719361"/>
</suite>
<statistics>
<total>
<stat pass="66" fail="14" skip="0">All Tests</stat>
</total>
<tag>
<stat info="combined" combined="NOT robot:exit" pass="66" fail="7" skip="0">NOT robot:exit</stat>
<stat pass="1" fail="1" skip="0">addwcy</stat>
<stat pass="10" fail="4" skip="0">client</stat>
<stat pass="10" fail="0" skip="0">current_availability</stat>
<stat pass="6" fail="0" skip="0">datadriven</stat>
<stat pass="0" fail="2" skip="0">delete_resources</stat>
<stat pass="2" fail="0" skip="0">edit_resources</stat>
<stat pass="1" fail="1" skip="0">fillform</stat>
<stat pass="1" fail="1" skip="0">home</stat>
<stat pass="2" fail="0" skip="0">howitworkdelete</stat>
<stat pass="2" fail="0" skip="0">howitworkedit</stat>
<stat pass="2" fail="0" skip="0">howitworkform</stat>
<stat pass="4" fail="0" skip="0">howitworknavigation</stat>
<stat pass="2" fail="0" skip="0">howitworksearchnegative</stat>
<stat pass="2" fail="0" skip="0">howitworksearchpositive</stat>
<stat pass="1" fail="1" skip="0">icon</stat>
<stat pass="8" fail="0" skip="0">Learning_Journey</stat>
<stat pass="6" fail="2" skip="0">login</stat>
<stat pass="1" fail="1" skip="0">menubar</stat>
<stat pass="2" fail="0" skip="0">negative</stat>
<stat pass="2" fail="2" skip="0">reg</stat>
<stat pass="26" fail="4" skip="0">regression</stat>
<stat pass="0" fail="2" skip="0">regrsseion</stat>
<stat pass="4" fail="0" skip="0">sanity</stat>
<stat pass="1" fail="1" skip="0">search</stat>
<stat pass="32" fail="6" skip="0">smoke</stat>
</tag>
<suite>
<stat name="Testcases &amp; Smartcliff RobotFramework Project" id="s1" pass="66" fail="14" skip="0">Testcases &amp; Smartcliff RobotFramework Project</stat>
<stat name="Testcases" id="s1-s1" pass="37" fail="3" skip="0">Testcases &amp; Smartcliff RobotFramework Project.Testcases</stat>
<stat name="CareerTest" id="s1-s1-s1" pass="2" fail="0" skip="0">Testcases &amp; Smartcliff RobotFramework Project.Testcases.CareerTest</stat>
<stat name="ClientTest" id="s1-s1-s2" pass="5" fail="2" skip="0">Testcases &amp; Smartcliff RobotFramework Project.Testcases.ClientTest</stat>
<stat name="CurrentAvailability" id="s1-s1-s3" pass="4" fail="0" skip="0">Testcases &amp; Smartcliff RobotFramework Project.Testcases.CurrentAvailability</stat>
<stat name="CurrentAvailability2" id="s1-s1-s4" pass="2" fail="1" skip="0">Testcases &amp; Smartcliff RobotFramework Project.Testcases.CurrentAvailability2</stat>
<stat name="Howitwork Datadriven" id="s1-s1-s5" pass="3" fail="0" skip="0">Testcases &amp; Smartcliff RobotFramework Project.Testcases.Howitwork Datadriven</stat>
<stat name="Howitwork Regular" id="s1-s1-s6" pass="7" fail="0" skip="0">Testcases &amp; Smartcliff RobotFramework Project.Testcases.Howitwork Regular</stat>
<stat name="LearningJourney" id="s1-s1-s7" pass="4" fail="0" skip="0">Testcases &amp; Smartcliff RobotFramework Project.Testcases.LearningJourney</stat>
<stat name="LoginTest" id="s1-s1-s8" pass="4" fail="0" skip="0">Testcases &amp; Smartcliff RobotFramework Project.Testcases.LoginTest</stat>
<stat name="WhyCanYouTest" id="s1-s1-s9" pass="6" fail="0" skip="0">Testcases &amp; Smartcliff RobotFramework Project.Testcases.WhyCanYouTest</stat>
<stat name="Smartcliff RobotFramework Project" id="s1-s2" pass="29" fail="11" skip="0">Testcases &amp; Smartcliff RobotFramework Project.Smartcliff RobotFramework Project</stat>
<stat name="Testcases" id="s1-s2-s1" pass="29" fail="11" skip="0">Testcases &amp; Smartcliff RobotFramework Project.Smartcliff RobotFramework Project.Testcases</stat>
<stat name="CareerTest" id="s1-s2-s1-s1" pass="2" fail="0" skip="0">Testcases &amp; Smartcliff RobotFramework Project.Smartcliff RobotFramework Project.Testcases.CareerTest</stat>
<stat name="ClientTest" id="s1-s2-s1-s2" pass="5" fail="2" skip="0">Testcases &amp; Smartcliff RobotFramework Project.Smartcliff RobotFramework Project.Testcases.ClientTest</stat>
<stat name="CurrentAvailability" id="s1-s2-s1-s3" pass="4" fail="0" skip="0">Testcases &amp; Smartcliff RobotFramework Project.Smartcliff RobotFramework Project.Testcases.CurrentAvailability</stat>
<stat name="CurrentAvailability2" id="s1-s2-s1-s4" pass="2" fail="1" skip="0">Testcases &amp; Smartcliff RobotFramework Project.Smartcliff RobotFramework Project.Testcases.CurrentAvailability2</stat>
<stat name="Howitwork Datadriven" id="s1-s2-s1-s5" pass="3" fail="0" skip="0">Testcases &amp; Smartcliff RobotFramework Project.Smartcliff RobotFramework Project.Testcases.Howitwork Datadriven</stat>
<stat name="Howitwork Regular" id="s1-s2-s1-s6" pass="7" fail="0" skip="0">Testcases &amp; Smartcliff RobotFramework Project.Smartcliff RobotFramework Project.Testcases.Howitwork Regular</stat>
<stat name="LearningJourney" id="s1-s2-s1-s7" pass="4" fail="0" skip="0">Testcases &amp; Smartcliff RobotFramework Project.Smartcliff RobotFramework Project.Testcases.LearningJourney</stat>
<stat name="LoginTest" id="s1-s2-s1-s8" pass="2" fail="2" skip="0">Testcases &amp; Smartcliff RobotFramework Project.Smartcliff RobotFramework Project.Testcases.LoginTest</stat>
<stat name="WhyCanYouTest" id="s1-s2-s1-s9" pass="0" fail="6" skip="0">Testcases &amp; Smartcliff RobotFramework Project.Smartcliff RobotFramework Project.Testcases.WhyCanYouTest</stat>
</suite>
</statistics>
<errors>
<msg time="2025-05-29T16:23:07.567392" level="ERROR">[ DataDriver ] Error in robot file:
  File "D:\smartcliff_project\Smartcliff_RobotFramework_Project\Testcases\ClientTest.robot", line 0</msg>
<msg time="2025-05-29T16:23:07.567930" level="ERROR">In source file:
  File "D:\smartcliff_project\Smartcliff_RobotFramework_Project\Testcases\..\Utility\Filterdata.csv", line 5</msg>
<msg time="2025-05-29T16:23:07.671213" level="ERROR">Calling method '_start_suite' of listener 'DataDriver' failed: IndexError: list index out of range</msg>
<msg time="2025-05-29T16:25:27.786586" level="WARN">Multiple tests with name 'Current Availability Entry Test' executed in suite 'Testcases &amp; Smartcliff RobotFramework Project.Testcases.CurrentAvailability'.</msg>
<msg time="2025-05-29T16:25:47.499148" level="WARN">Multiple tests with name 'Current Availability Entry Test' executed in suite 'Testcases &amp; Smartcliff RobotFramework Project.Testcases.CurrentAvailability'.</msg>
<msg time="2025-05-29T16:26:04.774654" level="WARN">Multiple tests with name 'Current Availability Entry Test' executed in suite 'Testcases &amp; Smartcliff RobotFramework Project.Testcases.CurrentAvailability'.</msg>
<msg time="2025-05-29T16:27:38.823698" level="WARN">Multiple tests with name 'Add New How It Work Entry with Invalid Data' executed in suite 'Testcases &amp; Smartcliff RobotFramework Project.Testcases.Howitwork Datadriven'.</msg>
<msg time="2025-05-29T16:28:04.006283" level="WARN">Multiple tests with name 'Add New How It Work Entry with Invalid Data' executed in suite 'Testcases &amp; Smartcliff RobotFramework Project.Testcases.Howitwork Datadriven'.</msg>
<msg time="2025-05-29T16:30:57.175417" level="WARN">Multiple tests with name 'Add Journey from Excel' executed in suite 'Testcases &amp; Smartcliff RobotFramework Project.Testcases.LearningJourney'.</msg>
<msg time="2025-05-29T16:31:18.460523" level="WARN">Multiple tests with name 'Add Journey from Excel' executed in suite 'Testcases &amp; Smartcliff RobotFramework Project.Testcases.LearningJourney'.</msg>
<msg time="2025-05-29T16:31:40.914974" level="WARN">Multiple tests with name 'Add Journey from Excel' executed in suite 'Testcases &amp; Smartcliff RobotFramework Project.Testcases.LearningJourney'.</msg>
<msg time="2025-05-29T16:32:14.884522" level="WARN">Multiple tests with name 'Validate Login Test' executed in suite 'Testcases &amp; Smartcliff RobotFramework Project.Testcases.LoginTest'.</msg>
<msg time="2025-05-29T16:32:26.892616" level="WARN">Multiple tests with name 'Validate Login Test' executed in suite 'Testcases &amp; Smartcliff RobotFramework Project.Testcases.LoginTest'.</msg>
<msg time="2025-05-29T16:32:39.130858" level="WARN">Multiple tests with name 'Validate Login Test' executed in suite 'Testcases &amp; Smartcliff RobotFramework Project.Testcases.LoginTest'.</msg>
<msg time="2025-05-29T16:35:24.047031" level="ERROR">[ DataDriver ] Error in robot file:
  File "D:\smartcliff_project\Smartcliff_RobotFramework_Project\Testcases\ClientTest.robot", line 0</msg>
<msg time="2025-05-29T16:35:24.047554" level="ERROR">In source file:
  File "D:\smartcliff_project\Smartcliff_RobotFramework_Project\Testcases\..\Utility\Filterdata.csv", line 5</msg>
<msg time="2025-05-29T16:35:24.059033" level="ERROR">Calling method '_start_suite' of listener 'DataDriver' failed: IndexError: list index out of range</msg>
<msg time="2025-05-29T16:37:33.541576" level="WARN">Multiple tests with name 'Current Availability Entry Test' executed in suite 'Testcases &amp; Smartcliff RobotFramework Project.Smartcliff RobotFramework Project.Testcases.CurrentAvailability'.</msg>
<msg time="2025-05-29T16:37:51.677340" level="WARN">Multiple tests with name 'Current Availability Entry Test' executed in suite 'Testcases &amp; Smartcliff RobotFramework Project.Smartcliff RobotFramework Project.Testcases.CurrentAvailability'.</msg>
<msg time="2025-05-29T16:38:09.697617" level="WARN">Multiple tests with name 'Current Availability Entry Test' executed in suite 'Testcases &amp; Smartcliff RobotFramework Project.Smartcliff RobotFramework Project.Testcases.CurrentAvailability'.</msg>
<msg time="2025-05-29T16:39:43.112350" level="WARN">Multiple tests with name 'Add New How It Work Entry with Invalid Data' executed in suite 'Testcases &amp; Smartcliff RobotFramework Project.Smartcliff RobotFramework Project.Testcases.Howitwork Datadriven'.</msg>
<msg time="2025-05-29T16:40:08.617063" level="WARN">Multiple tests with name 'Add New How It Work Entry with Invalid Data' executed in suite 'Testcases &amp; Smartcliff RobotFramework Project.Smartcliff RobotFramework Project.Testcases.Howitwork Datadriven'.</msg>
<msg time="2025-05-29T16:43:03.683238" level="WARN">Multiple tests with name 'Add Journey from Excel' executed in suite 'Testcases &amp; Smartcliff RobotFramework Project.Smartcliff RobotFramework Project.Testcases.LearningJourney'.</msg>
<msg time="2025-05-29T16:43:25.246106" level="WARN">Multiple tests with name 'Add Journey from Excel' executed in suite 'Testcases &amp; Smartcliff RobotFramework Project.Smartcliff RobotFramework Project.Testcases.LearningJourney'.</msg>
<msg time="2025-05-29T16:43:45.564675" level="WARN">Multiple tests with name 'Add Journey from Excel' executed in suite 'Testcases &amp; Smartcliff RobotFramework Project.Smartcliff RobotFramework Project.Testcases.LearningJourney'.</msg>
<msg time="2025-05-29T16:44:19.444308" level="WARN">Multiple tests with name 'Validate Login Test' executed in suite 'Testcases &amp; Smartcliff RobotFramework Project.Smartcliff RobotFramework Project.Testcases.LoginTest'.</msg>
<msg time="2025-05-29T16:44:31.765750" level="WARN">Multiple tests with name 'Validate Login Test' executed in suite 'Testcases &amp; Smartcliff RobotFramework Project.Smartcliff RobotFramework Project.Testcases.LoginTest'.</msg>
<msg time="2025-05-29T16:44:37.706095" level="WARN">Multiple tests with name 'Validate Login Test' executed in suite 'Testcases &amp; Smartcliff RobotFramework Project.Smartcliff RobotFramework Project.Testcases.LoginTest'.</msg>
</errors>
</robot>
