<?xml version="1.0" encoding="UTF-8"?>
<robot generator="Robot 7.2.2 (Python 3.14.0a7 on win32)" generated="2025-05-28T17:22:18.707090" rpa="false" schemaversion="5">
<suite id="s1" name="HowItWorkTest" source="C:\ROBOTPILOT\Smartcliff_RobotFramework_Project-1\Testcases\HowItWorkTest.robot">
<test id="s1-t1" name="Working with How It Work Page Valid" line="12">
<kw name="Search How It Work with Valid Data">
<kw name="Open the browser with url" owner="GenericResources">
<kw name="Open Browser" owner="SeleniumLibrary">
<msg time="2025-05-28T17:22:19.042707" level="INFO">Opening browser 'firefox' to base url 'https://smart-cliff-admin.vercel.app/'.</msg>
<arg>${url}</arg>
<arg>${browser}</arg>
<doc>Opens a new browser instance to the optional ``url``.</doc>
<status status="PASS" start="2025-05-28T17:22:19.042506" elapsed="7.883253"/>
</kw>
<kw name="Maximize Browser Window" owner="SeleniumLibrary">
<doc>Maximizes current browser window.</doc>
<status status="PASS" start="2025-05-28T17:22:26.926352" elapsed="0.322812"/>
</kw>
<kw name="Set Selenium Implicit Wait" owner="SeleniumLibrary">
<arg>5</arg>
<doc>Sets the implicit wait value used by Selenium.</doc>
<status status="PASS" start="2025-05-28T17:22:27.249752" elapsed="0.014176"/>
</kw>
<status status="PASS" start="2025-05-28T17:22:19.041994" elapsed="8.222125"/>
</kw>
<kw name="fill the login form" owner="LoginResources">
<kw name="Input Text" owner="SeleniumLibrary">
<msg time="2025-05-28T17:22:27.265579" level="INFO">Typing text 'smart@gmail.com' into text field 'xpath=//div[@class='MuiInputBase-root MuiOutlinedInput-root MuiInputBase-colorPrimary MuiInputBase-fullWidth MuiInputBase-formControl css-1bp1ao6']/descendant::input[@name='email']'.</msg>
<arg>${user}</arg>
<arg>${Username}</arg>
<doc>Types the given ``text`` into the text field identified by ``locator``.</doc>
<status status="PASS" start="2025-05-28T17:22:27.264847" elapsed="0.218410"/>
</kw>
<kw name="Input Password" owner="SeleniumLibrary">
<msg time="2025-05-28T17:22:27.483933" level="INFO">Typing password into text field 'xpath=//div[@class='MuiInputBase-root MuiOutlinedInput-root MuiInputBase-colorPrimary MuiInputBase-fullWidth MuiInputBase-formControl css-1bp1ao6']/descendant::input[@name='password']'.</msg>
<msg time="2025-05-28T17:22:27.501041" level="INFO">Temporally setting log level to: NONE</msg>
<arg>${pass}</arg>
<arg>${Password}</arg>
<doc>Types the given password into the text field identified by ``locator``.</doc>
<status status="PASS" start="2025-05-28T17:22:27.483543" elapsed="0.067551"/>
</kw>
<kw name="Click Button" owner="SeleniumLibrary">
<msg time="2025-05-28T17:22:27.551779" level="INFO">Clicking button 'xpath=//button[@id='signin-submit']'.</msg>
<arg>${login}</arg>
<doc>Clicks the button identified by ``locator``.</doc>
<status status="PASS" start="2025-05-28T17:22:27.551451" elapsed="0.271220"/>
</kw>
<kw name="Sleep" owner="BuiltIn">
<msg time="2025-05-28T17:22:32.823806" level="INFO">Slept 5 seconds.</msg>
<arg>5</arg>
<doc>Pauses the test executed for the given time.</doc>
<status status="PASS" start="2025-05-28T17:22:27.822900" elapsed="5.001176"/>
</kw>
<arg>${Username}</arg>
<arg>${Password}</arg>
<status status="PASS" start="2025-05-28T17:22:27.264404" elapsed="5.559876"/>
</kw>
<kw name="User visit the How It Work page By clicking icon" owner="HowItWorkResources">
<kw name="Click Element" owner="SeleniumLibrary">
<msg time="2025-05-28T17:22:32.825113" level="INFO">Clicking element 'xpath = //*[@class="MuiList-root MuiList-padding css-1ontqvh"]//child::li[6]'.</msg>
<arg>${Bussiness}</arg>
<doc>Click the element identified by ``locator``.</doc>
<status status="PASS" start="2025-05-28T17:22:32.824891" elapsed="0.239583"/>
</kw>
<kw name="Click Element" owner="SeleniumLibrary">
<msg time="2025-05-28T17:22:33.065331" level="INFO">Clicking element 'xpath = //*[@class="MuiList-root MuiList-padding css-1ontqvh"]//child::li[6]//div[3]'.</msg>
<arg>${HowItWork}</arg>
<doc>Click the element identified by ``locator``.</doc>
<status status="PASS" start="2025-05-28T17:22:33.064750" elapsed="0.282319"/>
</kw>
<kw name="Element Should Be Visible" owner="SeleniumLibrary">
<msg time="2025-05-28T17:22:33.543471" level="INFO">Element 'xpath = //*[@class="MuiTypography-root MuiTypography-h4 css-1oijgnj"]' is displayed.</msg>
<arg>${HowItWorkPage}</arg>
<doc>Verifies that the element identified by ``locator`` is visible.</doc>
<status status="PASS" start="2025-05-28T17:22:33.347309" elapsed="0.196318"/>
</kw>
<status status="PASS" start="2025-05-28T17:22:32.824595" elapsed="0.719287"/>
</kw>
<kw name="Search How It Work with Valid Data" owner="HowItWorkResources">
<kw name="Input Text" owner="SeleniumLibrary">
<msg time="2025-05-28T17:22:33.544875" level="INFO">Typing text 'good this is a title' into text field 'xpath = //input[@class="MuiInputBase-input MuiOutlinedInput-input MuiInputBase-inputSizeSmall MuiInputBase-inputAdornedStart css-162edyi"]'.</msg>
<arg>${search_Box}</arg>
<arg>${search_text}</arg>
<doc>Types the given ``text`` into the text field identified by ``locator``.</doc>
<status status="PASS" start="2025-05-28T17:22:33.544590" elapsed="0.359039"/>
</kw>
<kw name="Sleep" owner="BuiltIn">
<msg time="2025-05-28T17:22:35.904813" level="INFO">Slept 2 seconds.</msg>
<arg>2s</arg>
<doc>Pauses the test executed for the given time.</doc>
<status status="PASS" start="2025-05-28T17:22:33.904036" elapsed="2.001095"/>
</kw>
<kw name="Page Should Contain Element" owner="SeleniumLibrary">
<msg time="2025-05-28T17:22:35.911457" level="INFO">Current page contains element 'xpath = //*[@class="MuiTable-root css-1owb465"]//child :: tbody'.</msg>
<arg>${search_element}</arg>
<doc>Verifies that element ``locator`` is found on the current page.</doc>
<status status="PASS" start="2025-05-28T17:22:35.905504" elapsed="0.006093"/>
</kw>
<arg>good this is a title</arg>
<status status="PASS" start="2025-05-28T17:22:33.544183" elapsed="2.367677"/>
</kw>
<kw name="close the broswer session" owner="GenericResources">
<kw name="Close Browser" owner="SeleniumLibrary">
<doc>Closes the current browser.</doc>
<status status="PASS" start="2025-05-28T17:22:35.912600" elapsed="3.021517"/>
</kw>
<status status="PASS" start="2025-05-28T17:22:35.912256" elapsed="3.022019"/>
</kw>
<arg>${Username}</arg>
<arg>${Password}</arg>
<status status="PASS" start="2025-05-28T17:22:19.041607" elapsed="19.892749"/>
</kw>
<kw name="search How It Work with Invalid Data">
<kw name="Open the browser with url" owner="GenericResources">
<kw name="Open Browser" owner="SeleniumLibrary">
<msg time="2025-05-28T17:22:38.935652" level="INFO">Opening browser 'firefox' to base url 'https://smart-cliff-admin.vercel.app/'.</msg>
<arg>${url}</arg>
<arg>${browser}</arg>
<doc>Opens a new browser instance to the optional ``url``.</doc>
<status status="PASS" start="2025-05-28T17:22:38.935446" elapsed="7.487441"/>
</kw>
<kw name="Maximize Browser Window" owner="SeleniumLibrary">
<doc>Maximizes current browser window.</doc>
<status status="PASS" start="2025-05-28T17:22:46.423132" elapsed="0.382434"/>
</kw>
<kw name="Set Selenium Implicit Wait" owner="SeleniumLibrary">
<arg>5</arg>
<doc>Sets the implicit wait value used by Selenium.</doc>
<status status="PASS" start="2025-05-28T17:22:46.805795" elapsed="0.005019"/>
</kw>
<status status="PASS" start="2025-05-28T17:22:38.935213" elapsed="7.875747"/>
</kw>
<kw name="fill the login form" owner="LoginResources">
<kw name="Input Text" owner="SeleniumLibrary">
<msg time="2025-05-28T17:22:46.812166" level="INFO">Typing text 'smart@gmail.com' into text field 'xpath=//div[@class='MuiInputBase-root MuiOutlinedInput-root MuiInputBase-colorPrimary MuiInputBase-fullWidth MuiInputBase-formControl css-1bp1ao6']/descendant::input[@name='email']'.</msg>
<arg>${user}</arg>
<arg>${Username}</arg>
<doc>Types the given ``text`` into the text field identified by ``locator``.</doc>
<status status="PASS" start="2025-05-28T17:22:46.811927" elapsed="0.156558"/>
</kw>
<kw name="Input Password" owner="SeleniumLibrary">
<msg time="2025-05-28T17:22:46.969115" level="INFO">Typing password into text field 'xpath=//div[@class='MuiInputBase-root MuiOutlinedInput-root MuiInputBase-colorPrimary MuiInputBase-fullWidth MuiInputBase-formControl css-1bp1ao6']/descendant::input[@name='password']'.</msg>
<msg time="2025-05-28T17:22:46.981320" level="INFO">Temporally setting log level to: NONE</msg>
<arg>${pass}</arg>
<arg>${Password}</arg>
<doc>Types the given password into the text field identified by ``locator``.</doc>
<status status="PASS" start="2025-05-28T17:22:46.968738" elapsed="0.072823"/>
</kw>
<kw name="Click Button" owner="SeleniumLibrary">
<msg time="2025-05-28T17:22:47.042069" level="INFO">Clicking button 'xpath=//button[@id='signin-submit']'.</msg>
<arg>${login}</arg>
<doc>Clicks the button identified by ``locator``.</doc>
<status status="PASS" start="2025-05-28T17:22:47.041802" elapsed="0.259926"/>
</kw>
<kw name="Sleep" owner="BuiltIn">
<msg time="2025-05-28T17:22:52.302407" level="INFO">Slept 5 seconds.</msg>
<arg>5</arg>
<doc>Pauses the test executed for the given time.</doc>
<status status="PASS" start="2025-05-28T17:22:47.302027" elapsed="5.000549"/>
</kw>
<arg>${Username}</arg>
<arg>${Password}</arg>
<status status="PASS" start="2025-05-28T17:22:46.811358" elapsed="5.491373"/>
</kw>
<kw name="User visit the How It Work page By clicking icon" owner="HowItWorkResources">
<kw name="Click Element" owner="SeleniumLibrary">
<msg time="2025-05-28T17:22:52.303368" level="INFO">Clicking element 'xpath = //*[@class="MuiList-root MuiList-padding css-1ontqvh"]//child::li[6]'.</msg>
<arg>${Bussiness}</arg>
<doc>Click the element identified by ``locator``.</doc>
<status status="PASS" start="2025-05-28T17:22:52.303191" elapsed="0.233646"/>
</kw>
<kw name="Click Element" owner="SeleniumLibrary">
<msg time="2025-05-28T17:22:52.537357" level="INFO">Clicking element 'xpath = //*[@class="MuiList-root MuiList-padding css-1ontqvh"]//child::li[6]//div[3]'.</msg>
<arg>${HowItWork}</arg>
<doc>Click the element identified by ``locator``.</doc>
<status status="PASS" start="2025-05-28T17:22:52.537065" elapsed="0.273719"/>
</kw>
<kw name="Element Should Be Visible" owner="SeleniumLibrary">
<msg time="2025-05-28T17:22:53.004704" level="INFO">Element 'xpath = //*[@class="MuiTypography-root MuiTypography-h4 css-1oijgnj"]' is displayed.</msg>
<arg>${HowItWorkPage}</arg>
<doc>Verifies that the element identified by ``locator`` is visible.</doc>
<status status="PASS" start="2025-05-28T17:22:52.811021" elapsed="0.193821"/>
</kw>
<status status="PASS" start="2025-05-28T17:22:52.302950" elapsed="0.702021"/>
</kw>
<kw name="Search How It Work with Invalid Data" owner="HowItWorkResources">
<kw name="Input Text" owner="SeleniumLibrary">
<msg time="2025-05-28T17:22:53.005896" level="INFO">Typing text 'good this is a title' into text field 'xpath = //input[@class="MuiInputBase-input MuiOutlinedInput-input MuiInputBase-inputSizeSmall MuiInputBase-inputAdornedStart css-162edyi"]'.</msg>
<arg>${search_Box}</arg>
<arg>${search_text}</arg>
<doc>Types the given ``text`` into the text field identified by ``locator``.</doc>
<status status="PASS" start="2025-05-28T17:22:53.005617" elapsed="0.383739"/>
</kw>
<kw name="Sleep" owner="BuiltIn">
<msg time="2025-05-28T17:22:55.390963" level="INFO">Slept 2 seconds.</msg>
<arg>2s</arg>
<doc>Pauses the test executed for the given time.</doc>
<status status="PASS" start="2025-05-28T17:22:53.389888" elapsed="2.001330"/>
</kw>
<kw name="Page Should Not Contain Element" owner="SeleniumLibrary">
<msg time="2025-05-28T17:22:55.470458" level="INFO" html="true">&lt;/td&gt;&lt;/tr&gt;&lt;tr&gt;&lt;td colspan="3"&gt;&lt;a href="selenium-screenshot-2.png"&gt;&lt;img src="selenium-screenshot-2.png" width="800px"&gt;&lt;/a&gt;</msg>
<msg time="2025-05-28T17:22:55.470714" level="FAIL">Page should not have contained element 'xpath = //*[@class="MuiTable-root css-1owb465"]//child :: tbody'.</msg>
<arg>${search_element}</arg>
<doc>Verifies that element ``locator`` is not found on the current page.</doc>
<status status="FAIL" start="2025-05-28T17:22:55.391511" elapsed="0.158710">Page should not have contained element 'xpath = //*[@class="MuiTable-root css-1owb465"]//child :: tbody'.</status>
</kw>
<arg>good this is a title</arg>
<status status="FAIL" start="2025-05-28T17:22:53.005235" elapsed="2.545289">Page should not have contained element 'xpath = //*[@class="MuiTable-root css-1owb465"]//child :: tbody'.</status>
</kw>
<kw name="close the broswer session" owner="GenericResources">
<status status="NOT RUN" start="2025-05-28T17:22:55.551075" elapsed="0.000059"/>
</kw>
<arg>${Username}</arg>
<arg>${Password}</arg>
<status status="FAIL" start="2025-05-28T17:22:38.934802" elapsed="16.616464">Page should not have contained element 'xpath = //*[@class="MuiTable-root css-1owb465"]//child :: tbody'.</status>
</kw>
<status status="FAIL" start="2025-05-28T17:22:19.040887" elapsed="36.511038">Page should not have contained element 'xpath = //*[@class="MuiTable-root css-1owb465"]//child :: tbody'.</status>
</test>
<status status="FAIL" start="2025-05-28T17:22:18.709340" elapsed="36.843898"/>
</suite>
<statistics>
<total>
<stat pass="0" fail="1" skip="0">All Tests</stat>
</total>
<tag>
</tag>
<suite>
<stat name="HowItWorkTest" id="s1" pass="0" fail="1" skip="0">HowItWorkTest</stat>
</suite>
</statistics>
<errors>
</errors>
</robot>
