<?xml version="1.0" encoding="UTF-8"?>
<robot generator="Robot 7.2.2 (Python 3.13.3 on darwin)" generated="2025-05-28T10:09:02.410212" rpa="false" schemaversion="5">
<suite id="s1" name="Smartcliff RobotFramework Project" source="/Users/sevvelkaranpalanivetrivel/Desktop/RobotPILOT/Smartcliff_RobotFramework_Project">
<suite id="s1-s1" name="Testcases" source="/Users/sevvelkaranpalanivetrivel/Desktop/RobotPILOT/Smartcliff_RobotFramework_Project/Testcases">
<suite id="s1-s1-s1" name="LoginTest" source="/Users/sevvelkaranpalanivetrivel/Desktop/RobotPILOT/Smartcliff_RobotFramework_Project/Testcases/LoginTest.robot">
<test id="s1-s1-s1-t1" name="Valid Login Test" line="13">
<kw name="validate login">
<kw name="Open the browser with url" owner="GenericResources">
<kw name="Open Browser" owner="SeleniumLibrary">
<msg time="2025-05-28T10:09:04.891091" level="INFO">Opening browser 'chrome' to base url 'https://smart-cliff-admin.vercel.app/'.</msg>
<arg>${url}</arg>
<arg>${browser}</arg>
<doc>Opens a new browser instance to the optional ``url``.</doc>
<status status="PASS" start="2025-05-28T10:09:04.890784" elapsed="5.072273"/>
</kw>
<kw name="Maximize Browser Window" owner="SeleniumLibrary">
<doc>Maximizes current browser window.</doc>
<status status="PASS" start="2025-05-28T10:09:09.964238" elapsed="0.848599"/>
</kw>
<kw name="Set Selenium Implicit Wait" owner="SeleniumLibrary">
<arg>5</arg>
<doc>Sets the implicit wait value used by Selenium.</doc>
<status status="PASS" start="2025-05-28T10:09:10.814016" elapsed="0.005190"/>
</kw>
<status status="PASS" start="2025-05-28T10:09:04.889933" elapsed="5.930139"/>
</kw>
<kw name="fill the login form" owner="LoginResources">
<kw name="Input Text" owner="SeleniumLibrary">
<msg time="2025-05-28T10:09:10.829533" level="INFO">Typing text 'smart@gmail.com' into text field 'xpath=//div[@class='MuiInputBase-root MuiOutlinedInput-root MuiInputBase-colorPrimary MuiInputBase-fullWidth MuiInputBase-formControl css-1bp1ao6']/descendant::input[@name='email']'.</msg>
<arg>${user}</arg>
<arg>${Username}</arg>
<doc>Types the given ``text`` into the text field identified by ``locator``.</doc>
<status status="PASS" start="2025-05-28T10:09:10.824723" elapsed="0.606189"/>
</kw>
<kw name="Input Password" owner="SeleniumLibrary">
<msg time="2025-05-28T10:09:11.432152" level="INFO">Typing password into text field 'xpath=//div[@class='MuiInputBase-root MuiOutlinedInput-root MuiInputBase-colorPrimary MuiInputBase-fullWidth MuiInputBase-formControl css-1bp1ao6']/descendant::input[@name='password']'.</msg>
<msg time="2025-05-28T10:09:11.473207" level="INFO">Temporally setting log level to: NONE</msg>
<arg>${pass}</arg>
<arg>${Password}</arg>
<doc>Types the given password into the text field identified by ``locator``.</doc>
<status status="PASS" start="2025-05-28T10:09:11.431562" elapsed="0.139957"/>
</kw>
<kw name="Click Button" owner="SeleniumLibrary">
<msg time="2025-05-28T10:09:11.572608" level="INFO">Clicking button 'xpath=//button[@id='signin-submit']'.</msg>
<arg>${login}</arg>
<doc>Clicks the button identified by ``locator``.</doc>
<status status="PASS" start="2025-05-28T10:09:11.571985" elapsed="0.199342"/>
</kw>
<kw name="Sleep" owner="BuiltIn">
<msg time="2025-05-28T10:09:16.773724" level="INFO">Slept 5 seconds.</msg>
<arg>5</arg>
<doc>Pauses the test executed for the given time.</doc>
<status status="PASS" start="2025-05-28T10:09:11.772106" elapsed="5.002019"/>
</kw>
<arg>${Username}</arg>
<arg>${Password}</arg>
<status status="PASS" start="2025-05-28T10:09:10.821676" elapsed="5.952788"/>
</kw>
<kw name="close the broswer session" owner="GenericResources">
<kw name="Close Browser" owner="SeleniumLibrary">
<doc>Closes the current browser.</doc>
<status status="PASS" start="2025-05-28T10:09:16.776796" elapsed="0.234654"/>
</kw>
<status status="PASS" start="2025-05-28T10:09:16.775331" elapsed="0.236652"/>
</kw>
<arg>Username=smart@gmail.com</arg>
<arg>Password=1234</arg>
<status status="PASS" start="2025-05-28T10:09:04.889397" elapsed="12.123507"/>
</kw>
<status status="PASS" start="2025-05-28T10:09:04.887670" elapsed="12.127366"/>
</test>
<status status="PASS" start="2025-05-28T10:09:02.490602" elapsed="14.526989"/>
</suite>
<status status="PASS" start="2025-05-28T10:09:02.489043" elapsed="14.533695"/>
</suite>
<status status="PASS" start="2025-05-28T10:09:02.414024" elapsed="14.611969"/>
</suite>
<statistics>
<total>
<stat pass="1" fail="0" skip="0">All Tests</stat>
</total>
<tag>
</tag>
<suite>
<stat name="Smartcliff RobotFramework Project" id="s1" pass="1" fail="0" skip="0">Smartcliff RobotFramework Project</stat>
<stat name="Testcases" id="s1-s1" pass="1" fail="0" skip="0">Smartcliff RobotFramework Project.Testcases</stat>
<stat name="LoginTest" id="s1-s1-s1" pass="1" fail="0" skip="0">Smartcliff RobotFramework Project.Testcases.LoginTest</stat>
</suite>
</statistics>
<errors>
</errors>
</robot>
