<?xml version="1.0" encoding="UTF-8"?>
<robot generator="Robot 7.2.2 (Python 3.13.3 on win32)" generated="2025-05-29T14:45:37.519539" rpa="false" schemaversion="5">
<suite id="s1" name="WhyCanYouTest" source="D:\smartcliff_project\Smartcliff_RobotFramework_Project\Testcases\WhyCanYouTest.robot">
<test id="s1-t1" name="Verify It Reached Home Page" line="14">
<kw name="Home Page Verify">
<kw name="Open the browser with url" owner="GenericResources">
<kw name="Evaluate" owner="BuiltIn">
<msg time="2025-05-29T14:45:37.908739" level="INFO">${options} = &lt;selenium.webdriver.chrome.options.Options object at 0x0000014C8A2057F0&gt;</msg>
<var>${options}</var>
<arg>sys.modules['selenium.webdriver'].ChromeOptions()</arg>
<arg>sys, selenium.webdriver</arg>
<doc>Evaluates the given expression in Python and returns the result.</doc>
<status status="PASS" start="2025-05-29T14:45:37.908195" elapsed="0.000598"/>
</kw>
<kw name="Call Method" owner="BuiltIn">
<arg>${options}</arg>
<arg>add_argument</arg>
<arg>--incognito</arg>
<doc>Calls the named method of the given object with the provided arguments.</doc>
<status status="PASS" start="2025-05-29T14:45:37.908978" elapsed="0.000161"/>
</kw>
<kw name="Call Method" owner="BuiltIn">
<arg>${options}</arg>
<arg>add_argument</arg>
<arg>--disable-extensions</arg>
<doc>Calls the named method of the given object with the provided arguments.</doc>
<status status="PASS" start="2025-05-29T14:45:37.909242" elapsed="0.000111"/>
</kw>
<kw name="Call Method" owner="BuiltIn">
<arg>${options}</arg>
<arg>add_argument</arg>
<arg>--disable-notifications</arg>
<doc>Calls the named method of the given object with the provided arguments.</doc>
<status status="PASS" start="2025-05-29T14:45:37.909439" elapsed="0.000103"/>
</kw>
<kw name="Call Method" owner="BuiltIn">
<arg>${options}</arg>
<arg>add_argument</arg>
<arg>--disable-popup-blocking</arg>
<doc>Calls the named method of the given object with the provided arguments.</doc>
<status status="PASS" start="2025-05-29T14:45:37.909628" elapsed="0.000090"/>
</kw>
<kw name="Call Method" owner="BuiltIn">
<arg>${options}</arg>
<arg>add_argument</arg>
<arg>--start-maximized</arg>
<doc>Calls the named method of the given object with the provided arguments.</doc>
<status status="PASS" start="2025-05-29T14:45:37.909795" elapsed="0.000088"/>
</kw>
<kw name="Evaluate" owner="BuiltIn">
<msg time="2025-05-29T14:45:37.910167" level="INFO">${prefs} = {'credentials_enable_service': False, 'profile.password_manager_enabled': False}</msg>
<var>${prefs}</var>
<arg>{"credentials_enable_service": False, "profile.password_manager_enabled": False}</arg>
<doc>Evaluates the given expression in Python and returns the result.</doc>
<status status="PASS" start="2025-05-29T14:45:37.909965" elapsed="0.000231"/>
</kw>
<kw name="Call Method" owner="BuiltIn">
<arg>${options}</arg>
<arg>add_experimental_option</arg>
<arg>prefs</arg>
<arg>${prefs}</arg>
<doc>Calls the named method of the given object with the provided arguments.</doc>
<status status="PASS" start="2025-05-29T14:45:37.910281" elapsed="0.000117"/>
</kw>
<kw name="Open Browser" owner="SeleniumLibrary">
<msg time="2025-05-29T14:45:37.910766" level="INFO">Opening browser 'chrome' to base url 'https://smart-cliff-admin.vercel.app/'.</msg>
<arg>${url}</arg>
<arg>${browser}</arg>
<arg>options=${options}</arg>
<doc>Opens a new browser instance to the optional ``url``.</doc>
<status status="PASS" start="2025-05-29T14:45:37.910509" elapsed="3.502474"/>
</kw>
<kw name="Maximize Browser Window" owner="SeleniumLibrary">
<doc>Maximizes current browser window.</doc>
<status status="PASS" start="2025-05-29T14:45:41.413219" elapsed="0.009684"/>
</kw>
<kw name="Set Selenium Implicit Wait" owner="SeleniumLibrary">
<arg>5</arg>
<doc>Sets the implicit wait value used by Selenium.</doc>
<status status="PASS" start="2025-05-29T14:45:41.423099" elapsed="0.001210"/>
</kw>
<status status="PASS" start="2025-05-29T14:45:37.907574" elapsed="3.516857"/>
</kw>
<kw name="fill the login form" owner="LoginResources">
<kw name="Input Text" owner="SeleniumLibrary">
<msg time="2025-05-29T14:45:41.425377" level="INFO">Typing text 'smart@gmail.com' into text field 'xpath=//div[@class='MuiInputBase-root MuiOutlinedInput-root MuiInputBase-colorPrimary MuiInputBase-fullWidth MuiInputBase-formControl css-1bp1ao6']/descendant::input[@name='email']'.</msg>
<arg>${user}</arg>
<arg>${Username}</arg>
<doc>Types the given ``text`` into the text field identified by ``locator``.</doc>
<status status="PASS" start="2025-05-29T14:45:41.424982" elapsed="0.280965"/>
</kw>
<kw name="Input Password" owner="SeleniumLibrary">
<msg time="2025-05-29T14:45:41.706631" level="INFO">Typing password into text field 'xpath=//div[@class='MuiInputBase-root MuiOutlinedInput-root MuiInputBase-colorPrimary MuiInputBase-fullWidth MuiInputBase-formControl css-1bp1ao6']/descendant::input[@name='password']'.</msg>
<msg time="2025-05-29T14:45:41.890833" level="INFO">Temporally setting log level to: NONE</msg>
<arg>${pass}</arg>
<arg>${Password}</arg>
<doc>Types the given password into the text field identified by ``locator``.</doc>
<status status="PASS" start="2025-05-29T14:45:41.706226" elapsed="0.302508"/>
</kw>
<kw name="Click Button" owner="SeleniumLibrary">
<msg time="2025-05-29T14:45:42.009418" level="INFO">Clicking button 'xpath=//button[@id='signin-submit']'.</msg>
<arg>${login}</arg>
<doc>Clicks the button identified by ``locator``.</doc>
<status status="PASS" start="2025-05-29T14:45:42.009047" elapsed="0.197134"/>
</kw>
<kw name="Sleep" owner="BuiltIn">
<msg time="2025-05-29T14:45:47.207698" level="INFO">Slept 5 seconds.</msg>
<arg>5</arg>
<doc>Pauses the test executed for the given time.</doc>
<status status="PASS" start="2025-05-29T14:45:42.206775" elapsed="5.001110"/>
</kw>
<arg>${email}</arg>
<arg>${pwd}</arg>
<status status="PASS" start="2025-05-29T14:45:41.424608" elapsed="5.783463"/>
</kw>
<kw name="Location Should Be" owner="SeleniumLibrary">
<msg time="2025-05-29T14:45:47.216049" level="INFO">Current location is 'https://smart-cliff-admin.vercel.app/adminHome'.</msg>
<arg>https://smart-cliff-admin.vercel.app/adminHome</arg>
<doc>Verifies that the current URL is exactly ``url``.</doc>
<status status="PASS" start="2025-05-29T14:45:47.208316" elapsed="0.007915"/>
</kw>
<status status="PASS" start="2025-05-29T14:45:37.907082" elapsed="9.309271"/>
</kw>
<kw name="close the browser session" owner="GenericResources" type="TEARDOWN">
<kw name="Close Browser" owner="SeleniumLibrary">
<doc>Closes the current browser.</doc>
<status status="PASS" start="2025-05-29T14:45:47.217009" elapsed="2.328607"/>
</kw>
<status status="PASS" start="2025-05-29T14:45:47.216764" elapsed="2.329053"/>
</kw>
<status status="PASS" start="2025-05-29T14:45:37.906037" elapsed="11.640172"/>
</test>
<test id="s1-t2" name="Verify It Reached &quot;Why Can You&quot; Page" line="16">
<kw name="Why Can You Page Verify">
<kw name="Open the browser with url" owner="GenericResources">
<kw name="Evaluate" owner="BuiltIn">
<msg time="2025-05-29T14:45:49.549281" level="INFO">${options} = &lt;selenium.webdriver.chrome.options.Options object at 0x0000014C8A197390&gt;</msg>
<var>${options}</var>
<arg>sys.modules['selenium.webdriver'].ChromeOptions()</arg>
<arg>sys, selenium.webdriver</arg>
<doc>Evaluates the given expression in Python and returns the result.</doc>
<status status="PASS" start="2025-05-29T14:45:49.548794" elapsed="0.000553"/>
</kw>
<kw name="Call Method" owner="BuiltIn">
<arg>${options}</arg>
<arg>add_argument</arg>
<arg>--incognito</arg>
<doc>Calls the named method of the given object with the provided arguments.</doc>
<status status="PASS" start="2025-05-29T14:45:49.549574" elapsed="0.000232"/>
</kw>
<kw name="Call Method" owner="BuiltIn">
<arg>${options}</arg>
<arg>add_argument</arg>
<arg>--disable-extensions</arg>
<doc>Calls the named method of the given object with the provided arguments.</doc>
<status status="PASS" start="2025-05-29T14:45:49.549980" elapsed="0.000189"/>
</kw>
<kw name="Call Method" owner="BuiltIn">
<arg>${options}</arg>
<arg>add_argument</arg>
<arg>--disable-notifications</arg>
<doc>Calls the named method of the given object with the provided arguments.</doc>
<status status="PASS" start="2025-05-29T14:45:49.550326" elapsed="0.000420"/>
</kw>
<kw name="Call Method" owner="BuiltIn">
<arg>${options}</arg>
<arg>add_argument</arg>
<arg>--disable-popup-blocking</arg>
<doc>Calls the named method of the given object with the provided arguments.</doc>
<status status="PASS" start="2025-05-29T14:45:49.550941" elapsed="0.000192"/>
</kw>
<kw name="Call Method" owner="BuiltIn">
<arg>${options}</arg>
<arg>add_argument</arg>
<arg>--start-maximized</arg>
<doc>Calls the named method of the given object with the provided arguments.</doc>
<status status="PASS" start="2025-05-29T14:45:49.551290" elapsed="0.000181"/>
</kw>
<kw name="Evaluate" owner="BuiltIn">
<msg time="2025-05-29T14:45:49.551931" level="INFO">${prefs} = {'credentials_enable_service': False, 'profile.password_manager_enabled': False}</msg>
<var>${prefs}</var>
<arg>{"credentials_enable_service": False, "profile.password_manager_enabled": False}</arg>
<doc>Evaluates the given expression in Python and returns the result.</doc>
<status status="PASS" start="2025-05-29T14:45:49.551637" elapsed="0.000344"/>
</kw>
<kw name="Call Method" owner="BuiltIn">
<arg>${options}</arg>
<arg>add_experimental_option</arg>
<arg>prefs</arg>
<arg>${prefs}</arg>
<doc>Calls the named method of the given object with the provided arguments.</doc>
<status status="PASS" start="2025-05-29T14:45:49.552139" elapsed="0.000223"/>
</kw>
<kw name="Open Browser" owner="SeleniumLibrary">
<msg time="2025-05-29T14:45:49.552976" level="INFO">Opening browser 'chrome' to base url 'https://smart-cliff-admin.vercel.app/'.</msg>
<arg>${url}</arg>
<arg>${browser}</arg>
<arg>options=${options}</arg>
<doc>Opens a new browser instance to the optional ``url``.</doc>
<status status="PASS" start="2025-05-29T14:45:49.552578" elapsed="3.550448"/>
</kw>
<kw name="Maximize Browser Window" owner="SeleniumLibrary">
<doc>Maximizes current browser window.</doc>
<status status="PASS" start="2025-05-29T14:45:53.103382" elapsed="0.003880"/>
</kw>
<kw name="Set Selenium Implicit Wait" owner="SeleniumLibrary">
<arg>5</arg>
<doc>Sets the implicit wait value used by Selenium.</doc>
<status status="PASS" start="2025-05-29T14:45:53.107502" elapsed="0.002468"/>
</kw>
<status status="PASS" start="2025-05-29T14:45:49.548438" elapsed="3.561720"/>
</kw>
<kw name="fill the login form" owner="LoginResources">
<kw name="Input Text" owner="SeleniumLibrary">
<msg time="2025-05-29T14:45:53.111469" level="INFO">Typing text 'smart@gmail.com' into text field 'xpath=//div[@class='MuiInputBase-root MuiOutlinedInput-root MuiInputBase-colorPrimary MuiInputBase-fullWidth MuiInputBase-formControl css-1bp1ao6']/descendant::input[@name='email']'.</msg>
<arg>${user}</arg>
<arg>${Username}</arg>
<doc>Types the given ``text`` into the text field identified by ``locator``.</doc>
<status status="PASS" start="2025-05-29T14:45:53.111030" elapsed="0.288037"/>
</kw>
<kw name="Input Password" owner="SeleniumLibrary">
<msg time="2025-05-29T14:45:53.399771" level="INFO">Typing password into text field 'xpath=//div[@class='MuiInputBase-root MuiOutlinedInput-root MuiInputBase-colorPrimary MuiInputBase-fullWidth MuiInputBase-formControl css-1bp1ao6']/descendant::input[@name='password']'.</msg>
<msg time="2025-05-29T14:45:53.561182" level="INFO">Temporally setting log level to: NONE</msg>
<arg>${pass}</arg>
<arg>${Password}</arg>
<doc>Types the given password into the text field identified by ``locator``.</doc>
<status status="PASS" start="2025-05-29T14:45:53.399372" elapsed="0.264782"/>
</kw>
<kw name="Click Button" owner="SeleniumLibrary">
<msg time="2025-05-29T14:45:53.665131" level="INFO">Clicking button 'xpath=//button[@id='signin-submit']'.</msg>
<arg>${login}</arg>
<doc>Clicks the button identified by ``locator``.</doc>
<status status="PASS" start="2025-05-29T14:45:53.664605" elapsed="0.144608"/>
</kw>
<kw name="Sleep" owner="BuiltIn">
<msg time="2025-05-29T14:45:58.810323" level="INFO">Slept 5 seconds.</msg>
<arg>5</arg>
<doc>Pauses the test executed for the given time.</doc>
<status status="PASS" start="2025-05-29T14:45:53.809610" elapsed="5.000982"/>
</kw>
<arg>${email}</arg>
<arg>${pwd}</arg>
<status status="PASS" start="2025-05-29T14:45:53.110452" elapsed="5.700376"/>
</kw>
<kw name="Click The Menu Bar" owner="WhyCanYouResources">
<kw name="Wait Until Element Is Visible" owner="SeleniumLibrary">
<arg>${menu}</arg>
<arg>timeout=10s</arg>
<doc>Waits until the element ``locator`` is visible.</doc>
<status status="PASS" start="2025-05-29T14:45:58.811816" elapsed="0.026691"/>
</kw>
<kw name="Click Button" owner="SeleniumLibrary">
<msg time="2025-05-29T14:45:58.839207" level="INFO">Clicking button 'xpath=(//div[@class='MuiToolbar-root MuiToolbar-gutters MuiToolbar-regular css-i6s8oy']/child::button)[1]'.</msg>
<arg>${menu}</arg>
<doc>Clicks the button identified by ``locator``.</doc>
<status status="PASS" start="2025-05-29T14:45:58.838846" elapsed="0.107259"/>
</kw>
<status status="PASS" start="2025-05-29T14:45:58.811267" elapsed="0.134968"/>
</kw>
<kw name="Click Option Under Menu Bar" owner="WhyCanYouResources">
<kw name="Wait Until Element Is Visible" owner="SeleniumLibrary">
<arg>${business}</arg>
<arg>timeout=10s</arg>
<doc>Waits until the element ``locator`` is visible.</doc>
<status status="PASS" start="2025-05-29T14:45:58.946995" elapsed="0.029865"/>
</kw>
<kw name="Click Element" owner="SeleniumLibrary">
<msg time="2025-05-29T14:45:58.977447" level="INFO">Clicking element 'xpath=(//div[@class='MuiListItemText-root css-1nmt8ps']/child::span)[6]'.</msg>
<arg>${business}</arg>
<doc>Click the element identified by ``locator``.</doc>
<status status="PASS" start="2025-05-29T14:45:58.977126" elapsed="0.147752"/>
</kw>
<kw name="Wait Until Element Is Visible" owner="SeleniumLibrary">
<arg>${whyareyou}</arg>
<arg>timeout=10s</arg>
<doc>Waits until the element ``locator`` is visible.</doc>
<status status="PASS" start="2025-05-29T14:45:59.125140" elapsed="0.250943"/>
</kw>
<kw name="Click Element" owner="SeleniumLibrary">
<msg time="2025-05-29T14:45:59.376719" level="INFO">Clicking element 'xpath=(//div[@class='MuiList-root css-1uzmcsd']/descendant::span)[3]'.</msg>
<arg>${whyareyou}</arg>
<doc>Click the element identified by ``locator``.</doc>
<status status="PASS" start="2025-05-29T14:45:59.376330" elapsed="0.121141"/>
</kw>
<status status="PASS" start="2025-05-29T14:45:58.946525" elapsed="0.551138"/>
</kw>
<kw name="Location Should Be" owner="SeleniumLibrary">
<msg time="2025-05-29T14:45:59.505053" level="INFO">Current location is 'https://smart-cliff-admin.vercel.app/business/wcy-hire-control'.</msg>
<arg>https://smart-cliff-admin.vercel.app/business/wcy-hire-control</arg>
<doc>Verifies that the current URL is exactly ``url``.</doc>
<status status="PASS" start="2025-05-29T14:45:59.497893" elapsed="0.007262"/>
</kw>
<status status="PASS" start="2025-05-29T14:45:49.547889" elapsed="9.957388"/>
</kw>
<kw name="close the browser session" owner="GenericResources" type="TEARDOWN">
<kw name="Close Browser" owner="SeleniumLibrary">
<doc>Closes the current browser.</doc>
<status status="PASS" start="2025-05-29T14:45:59.505970" elapsed="2.324717"/>
</kw>
<status status="PASS" start="2025-05-29T14:45:59.505698" elapsed="2.325260"/>
</kw>
<status status="PASS" start="2025-05-29T14:45:49.547109" elapsed="12.284251"/>
</test>
<test id="s1-t3" name="Verify it reached form filling page" line="18">
<kw name="Form filling page verify">
<kw name="Open the browser with url" owner="GenericResources">
<kw name="Evaluate" owner="BuiltIn">
<msg time="2025-05-29T14:46:01.836167" level="INFO">${options} = &lt;selenium.webdriver.chrome.options.Options object at 0x0000014C8A197250&gt;</msg>
<var>${options}</var>
<arg>sys.modules['selenium.webdriver'].ChromeOptions()</arg>
<arg>sys, selenium.webdriver</arg>
<doc>Evaluates the given expression in Python and returns the result.</doc>
<status status="PASS" start="2025-05-29T14:46:01.835514" elapsed="0.000750"/>
</kw>
<kw name="Call Method" owner="BuiltIn">
<arg>${options}</arg>
<arg>add_argument</arg>
<arg>--incognito</arg>
<doc>Calls the named method of the given object with the provided arguments.</doc>
<status status="PASS" start="2025-05-29T14:46:01.836765" elapsed="0.000341"/>
</kw>
<kw name="Call Method" owner="BuiltIn">
<arg>${options}</arg>
<arg>add_argument</arg>
<arg>--disable-extensions</arg>
<doc>Calls the named method of the given object with the provided arguments.</doc>
<status status="PASS" start="2025-05-29T14:46:01.837351" elapsed="0.000315"/>
</kw>
<kw name="Call Method" owner="BuiltIn">
<arg>${options}</arg>
<arg>add_argument</arg>
<arg>--disable-notifications</arg>
<doc>Calls the named method of the given object with the provided arguments.</doc>
<status status="PASS" start="2025-05-29T14:46:01.837911" elapsed="0.000291"/>
</kw>
<kw name="Call Method" owner="BuiltIn">
<arg>${options}</arg>
<arg>add_argument</arg>
<arg>--disable-popup-blocking</arg>
<doc>Calls the named method of the given object with the provided arguments.</doc>
<status status="PASS" start="2025-05-29T14:46:01.838453" elapsed="0.000305"/>
</kw>
<kw name="Call Method" owner="BuiltIn">
<arg>${options}</arg>
<arg>add_argument</arg>
<arg>--start-maximized</arg>
<doc>Calls the named method of the given object with the provided arguments.</doc>
<status status="PASS" start="2025-05-29T14:46:01.839019" elapsed="0.000324"/>
</kw>
<kw name="Evaluate" owner="BuiltIn">
<msg time="2025-05-29T14:46:01.840039" level="INFO">${prefs} = {'credentials_enable_service': False, 'profile.password_manager_enabled': False}</msg>
<var>${prefs}</var>
<arg>{"credentials_enable_service": False, "profile.password_manager_enabled": False}</arg>
<doc>Evaluates the given expression in Python and returns the result.</doc>
<status status="PASS" start="2025-05-29T14:46:01.839606" elapsed="0.000504"/>
</kw>
<kw name="Call Method" owner="BuiltIn">
<arg>${options}</arg>
<arg>add_experimental_option</arg>
<arg>prefs</arg>
<arg>${prefs}</arg>
<doc>Calls the named method of the given object with the provided arguments.</doc>
<status status="PASS" start="2025-05-29T14:46:01.840384" elapsed="0.000355"/>
</kw>
<kw name="Open Browser" owner="SeleniumLibrary">
<msg time="2025-05-29T14:46:01.841629" level="INFO">Opening browser 'chrome' to base url 'https://smart-cliff-admin.vercel.app/'.</msg>
<arg>${url}</arg>
<arg>${browser}</arg>
<arg>options=${options}</arg>
<doc>Opens a new browser instance to the optional ``url``.</doc>
<status status="PASS" start="2025-05-29T14:46:01.841087" elapsed="3.541462"/>
</kw>
<kw name="Maximize Browser Window" owner="SeleniumLibrary">
<doc>Maximizes current browser window.</doc>
<status status="PASS" start="2025-05-29T14:46:05.382999" elapsed="0.009153"/>
</kw>
<kw name="Set Selenium Implicit Wait" owner="SeleniumLibrary">
<arg>5</arg>
<doc>Sets the implicit wait value used by Selenium.</doc>
<status status="PASS" start="2025-05-29T14:46:05.392369" elapsed="0.001263"/>
</kw>
<status status="PASS" start="2025-05-29T14:46:01.834835" elapsed="3.558985"/>
</kw>
<kw name="fill the login form" owner="LoginResources">
<kw name="Input Text" owner="SeleniumLibrary">
<msg time="2025-05-29T14:46:05.394683" level="INFO">Typing text 'smart@gmail.com' into text field 'xpath=//div[@class='MuiInputBase-root MuiOutlinedInput-root MuiInputBase-colorPrimary MuiInputBase-fullWidth MuiInputBase-formControl css-1bp1ao6']/descendant::input[@name='email']'.</msg>
<arg>${user}</arg>
<arg>${Username}</arg>
<doc>Types the given ``text`` into the text field identified by ``locator``.</doc>
<status status="PASS" start="2025-05-29T14:46:05.394454" elapsed="0.255604"/>
</kw>
<kw name="Input Password" owner="SeleniumLibrary">
<msg time="2025-05-29T14:46:05.650667" level="INFO">Typing password into text field 'xpath=//div[@class='MuiInputBase-root MuiOutlinedInput-root MuiInputBase-colorPrimary MuiInputBase-fullWidth MuiInputBase-formControl css-1bp1ao6']/descendant::input[@name='password']'.</msg>
<msg time="2025-05-29T14:46:05.801704" level="INFO">Temporally setting log level to: NONE</msg>
<arg>${pass}</arg>
<arg>${Password}</arg>
<doc>Types the given password into the text field identified by ``locator``.</doc>
<status status="PASS" start="2025-05-29T14:46:05.650335" elapsed="0.235293"/>
</kw>
<kw name="Click Button" owner="SeleniumLibrary">
<msg time="2025-05-29T14:46:05.886456" level="INFO">Clicking button 'xpath=//button[@id='signin-submit']'.</msg>
<arg>${login}</arg>
<doc>Clicks the button identified by ``locator``.</doc>
<status status="PASS" start="2025-05-29T14:46:05.886023" elapsed="0.137391"/>
</kw>
<kw name="Sleep" owner="BuiltIn">
<msg time="2025-05-29T14:46:11.024197" level="INFO">Slept 5 seconds.</msg>
<arg>5</arg>
<doc>Pauses the test executed for the given time.</doc>
<status status="PASS" start="2025-05-29T14:46:06.023633" elapsed="5.000793"/>
</kw>
<arg>${email}</arg>
<arg>${pwd}</arg>
<status status="PASS" start="2025-05-29T14:46:05.394116" elapsed="5.630527"/>
</kw>
<kw name="Click The Menu Bar" owner="WhyCanYouResources">
<kw name="Wait Until Element Is Visible" owner="SeleniumLibrary">
<arg>${menu}</arg>
<arg>timeout=10s</arg>
<doc>Waits until the element ``locator`` is visible.</doc>
<status status="PASS" start="2025-05-29T14:46:11.025394" elapsed="0.026622"/>
</kw>
<kw name="Click Button" owner="SeleniumLibrary">
<msg time="2025-05-29T14:46:11.052647" level="INFO">Clicking button 'xpath=(//div[@class='MuiToolbar-root MuiToolbar-gutters MuiToolbar-regular css-i6s8oy']/child::button)[1]'.</msg>
<arg>${menu}</arg>
<doc>Clicks the button identified by ``locator``.</doc>
<status status="PASS" start="2025-05-29T14:46:11.052337" elapsed="0.125349"/>
</kw>
<status status="PASS" start="2025-05-29T14:46:11.024976" elapsed="0.152921"/>
</kw>
<kw name="Click Option Under Menu Bar" owner="WhyCanYouResources">
<kw name="Wait Until Element Is Visible" owner="SeleniumLibrary">
<arg>${business}</arg>
<arg>timeout=10s</arg>
<doc>Waits until the element ``locator`` is visible.</doc>
<status status="PASS" start="2025-05-29T14:46:11.178700" elapsed="0.035647"/>
</kw>
<kw name="Click Element" owner="SeleniumLibrary">
<msg time="2025-05-29T14:46:11.214993" level="INFO">Clicking element 'xpath=(//div[@class='MuiListItemText-root css-1nmt8ps']/child::span)[6]'.</msg>
<arg>${business}</arg>
<doc>Click the element identified by ``locator``.</doc>
<status status="PASS" start="2025-05-29T14:46:11.214608" elapsed="0.128845"/>
</kw>
<kw name="Wait Until Element Is Visible" owner="SeleniumLibrary">
<arg>${whyareyou}</arg>
<arg>timeout=10s</arg>
<doc>Waits until the element ``locator`` is visible.</doc>
<status status="PASS" start="2025-05-29T14:46:11.343747" elapsed="0.249510"/>
</kw>
<kw name="Click Element" owner="SeleniumLibrary">
<msg time="2025-05-29T14:46:11.593703" level="INFO">Clicking element 'xpath=(//div[@class='MuiList-root css-1uzmcsd']/descendant::span)[3]'.</msg>
<arg>${whyareyou}</arg>
<doc>Click the element identified by ``locator``.</doc>
<status status="PASS" start="2025-05-29T14:46:11.593462" elapsed="0.130079"/>
</kw>
<status status="PASS" start="2025-05-29T14:46:11.178218" elapsed="0.545456"/>
</kw>
<kw name="Add A New Hire" owner="WhyCanYouResources">
<kw name="Wait Until Element Is Visible" owner="SeleniumLibrary">
<arg>${add}</arg>
<arg>timeout=10s</arg>
<doc>Waits until the element ``locator`` is visible.</doc>
<status status="PASS" start="2025-05-29T14:46:11.724317" elapsed="0.417374"/>
</kw>
<kw name="Scroll Element Into View" owner="SeleniumLibrary">
<arg>${add}</arg>
<doc>Scrolls the element identified by ``locator`` into view.</doc>
<status status="PASS" start="2025-05-29T14:46:12.141893" elapsed="0.283506"/>
</kw>
<kw name="Click Element" owner="SeleniumLibrary">
<msg time="2025-05-29T14:46:12.426334" level="INFO">Clicking element 'xpath=//div[@class='MuiGrid-root MuiGrid-item MuiGrid-grid-xs-12 MuiGrid-grid-md-6 css-1gt1d87']/button'.</msg>
<arg>${add}</arg>
<doc>Click the element identified by ``locator``.</doc>
<status status="PASS" start="2025-05-29T14:46:12.425829" elapsed="0.138625"/>
</kw>
<status status="PASS" start="2025-05-29T14:46:11.723874" elapsed="0.840856"/>
</kw>
<kw name="Location Should Be" owner="SeleniumLibrary">
<msg time="2025-05-29T14:46:12.573198" level="INFO">Current location is 'https://smart-cliff-admin.vercel.app/business/wcy-hire-add'.</msg>
<arg>https://smart-cliff-admin.vercel.app/business/wcy-hire-add</arg>
<doc>Verifies that the current URL is exactly ``url``.</doc>
<status status="PASS" start="2025-05-29T14:46:12.565053" elapsed="0.008261"/>
</kw>
<status status="PASS" start="2025-05-29T14:46:01.833923" elapsed="10.739504"/>
</kw>
<kw name="close the browser session" owner="GenericResources" type="TEARDOWN">
<kw name="Close Browser" owner="SeleniumLibrary">
<doc>Closes the current browser.</doc>
<status status="PASS" start="2025-05-29T14:46:12.574279" elapsed="2.298685"/>
</kw>
<status status="PASS" start="2025-05-29T14:46:12.573870" elapsed="2.299348"/>
</kw>
<status status="PASS" start="2025-05-29T14:46:01.832794" elapsed="13.040790"/>
</test>
<test id="s1-t4" name="Add New WCY Hire After Successful Login" line="20">
<kw name="Add New Hire Form">
<kw name="Open the browser with url" owner="GenericResources">
<kw name="Evaluate" owner="BuiltIn">
<msg time="2025-05-29T14:46:14.877096" level="INFO">${options} = &lt;selenium.webdriver.chrome.options.Options object at 0x0000014C8A19A9E0&gt;</msg>
<var>${options}</var>
<arg>sys.modules['selenium.webdriver'].ChromeOptions()</arg>
<arg>sys, selenium.webdriver</arg>
<doc>Evaluates the given expression in Python and returns the result.</doc>
<status status="PASS" start="2025-05-29T14:46:14.876682" elapsed="0.000474"/>
</kw>
<kw name="Call Method" owner="BuiltIn">
<arg>${options}</arg>
<arg>add_argument</arg>
<arg>--incognito</arg>
<doc>Calls the named method of the given object with the provided arguments.</doc>
<status status="PASS" start="2025-05-29T14:46:14.877342" elapsed="0.000205"/>
</kw>
<kw name="Call Method" owner="BuiltIn">
<arg>${options}</arg>
<arg>add_argument</arg>
<arg>--disable-extensions</arg>
<doc>Calls the named method of the given object with the provided arguments.</doc>
<status status="PASS" start="2025-05-29T14:46:14.877707" elapsed="0.000182"/>
</kw>
<kw name="Call Method" owner="BuiltIn">
<arg>${options}</arg>
<arg>add_argument</arg>
<arg>--disable-notifications</arg>
<doc>Calls the named method of the given object with the provided arguments.</doc>
<status status="PASS" start="2025-05-29T14:46:14.878041" elapsed="0.000182"/>
</kw>
<kw name="Call Method" owner="BuiltIn">
<arg>${options}</arg>
<arg>add_argument</arg>
<arg>--disable-popup-blocking</arg>
<doc>Calls the named method of the given object with the provided arguments.</doc>
<status status="PASS" start="2025-05-29T14:46:14.878376" elapsed="0.000181"/>
</kw>
<kw name="Call Method" owner="BuiltIn">
<arg>${options}</arg>
<arg>add_argument</arg>
<arg>--start-maximized</arg>
<doc>Calls the named method of the given object with the provided arguments.</doc>
<status status="PASS" start="2025-05-29T14:46:14.878715" elapsed="0.000179"/>
</kw>
<kw name="Evaluate" owner="BuiltIn">
<msg time="2025-05-29T14:46:14.879330" level="INFO">${prefs} = {'credentials_enable_service': False, 'profile.password_manager_enabled': False}</msg>
<var>${prefs}</var>
<arg>{"credentials_enable_service": False, "profile.password_manager_enabled": False}</arg>
<doc>Evaluates the given expression in Python and returns the result.</doc>
<status status="PASS" start="2025-05-29T14:46:14.879073" elapsed="0.000305"/>
</kw>
<kw name="Call Method" owner="BuiltIn">
<arg>${options}</arg>
<arg>add_experimental_option</arg>
<arg>prefs</arg>
<arg>${prefs}</arg>
<doc>Calls the named method of the given object with the provided arguments.</doc>
<status status="PASS" start="2025-05-29T14:46:14.879527" elapsed="0.000214"/>
</kw>
<kw name="Open Browser" owner="SeleniumLibrary">
<msg time="2025-05-29T14:46:14.880288" level="INFO">Opening browser 'chrome' to base url 'https://smart-cliff-admin.vercel.app/'.</msg>
<arg>${url}</arg>
<arg>${browser}</arg>
<arg>options=${options}</arg>
<doc>Opens a new browser instance to the optional ``url``.</doc>
<status status="PASS" start="2025-05-29T14:46:14.879935" elapsed="3.496656"/>
</kw>
<kw name="Maximize Browser Window" owner="SeleniumLibrary">
<doc>Maximizes current browser window.</doc>
<status status="PASS" start="2025-05-29T14:46:18.376885" elapsed="0.007988"/>
</kw>
<kw name="Set Selenium Implicit Wait" owner="SeleniumLibrary">
<arg>5</arg>
<doc>Sets the implicit wait value used by Selenium.</doc>
<status status="PASS" start="2025-05-29T14:46:18.385151" elapsed="0.001568"/>
</kw>
<status status="PASS" start="2025-05-29T14:46:14.875643" elapsed="3.511224"/>
</kw>
<kw name="fill the login form" owner="LoginResources">
<kw name="Input Text" owner="SeleniumLibrary">
<msg time="2025-05-29T14:46:18.387883" level="INFO">Typing text 'smart@gmail.com' into text field 'xpath=//div[@class='MuiInputBase-root MuiOutlinedInput-root MuiInputBase-colorPrimary MuiInputBase-fullWidth MuiInputBase-formControl css-1bp1ao6']/descendant::input[@name='email']'.</msg>
<arg>${user}</arg>
<arg>${Username}</arg>
<doc>Types the given ``text`` into the text field identified by ``locator``.</doc>
<status status="PASS" start="2025-05-29T14:46:18.387609" elapsed="0.254532"/>
</kw>
<kw name="Input Password" owner="SeleniumLibrary">
<msg time="2025-05-29T14:46:18.642671" level="INFO">Typing password into text field 'xpath=//div[@class='MuiInputBase-root MuiOutlinedInput-root MuiInputBase-colorPrimary MuiInputBase-fullWidth MuiInputBase-formControl css-1bp1ao6']/descendant::input[@name='password']'.</msg>
<msg time="2025-05-29T14:46:18.798304" level="INFO">Temporally setting log level to: NONE</msg>
<arg>${pass}</arg>
<arg>${Password}</arg>
<doc>Types the given password into the text field identified by ``locator``.</doc>
<status status="PASS" start="2025-05-29T14:46:18.642393" elapsed="0.240100"/>
</kw>
<kw name="Click Button" owner="SeleniumLibrary">
<msg time="2025-05-29T14:46:18.883448" level="INFO">Clicking button 'xpath=//button[@id='signin-submit']'.</msg>
<arg>${login}</arg>
<doc>Clicks the button identified by ``locator``.</doc>
<status status="PASS" start="2025-05-29T14:46:18.882923" elapsed="0.136197"/>
</kw>
<kw name="Sleep" owner="BuiltIn">
<msg time="2025-05-29T14:46:24.020478" level="INFO">Slept 5 seconds.</msg>
<arg>5</arg>
<doc>Pauses the test executed for the given time.</doc>
<status status="PASS" start="2025-05-29T14:46:19.019565" elapsed="5.001081"/>
</kw>
<arg>${email}</arg>
<arg>${pwd}</arg>
<status status="PASS" start="2025-05-29T14:46:18.387156" elapsed="5.633622"/>
</kw>
<kw name="Click The Menu Bar" owner="WhyCanYouResources">
<kw name="Wait Until Element Is Visible" owner="SeleniumLibrary">
<arg>${menu}</arg>
<arg>timeout=10s</arg>
<doc>Waits until the element ``locator`` is visible.</doc>
<status status="PASS" start="2025-05-29T14:46:24.021361" elapsed="0.025656"/>
</kw>
<kw name="Click Button" owner="SeleniumLibrary">
<msg time="2025-05-29T14:46:24.047523" level="INFO">Clicking button 'xpath=(//div[@class='MuiToolbar-root MuiToolbar-gutters MuiToolbar-regular css-i6s8oy']/child::button)[1]'.</msg>
<arg>${menu}</arg>
<doc>Clicks the button identified by ``locator``.</doc>
<status status="PASS" start="2025-05-29T14:46:24.047224" elapsed="0.104080"/>
</kw>
<status status="PASS" start="2025-05-29T14:46:24.021014" elapsed="0.130415"/>
</kw>
<kw name="Click Option Under Menu Bar" owner="WhyCanYouResources">
<kw name="Wait Until Element Is Visible" owner="SeleniumLibrary">
<arg>${business}</arg>
<arg>timeout=10s</arg>
<doc>Waits until the element ``locator`` is visible.</doc>
<status status="PASS" start="2025-05-29T14:46:24.151902" elapsed="0.029872"/>
</kw>
<kw name="Click Element" owner="SeleniumLibrary">
<msg time="2025-05-29T14:46:24.182440" level="INFO">Clicking element 'xpath=(//div[@class='MuiListItemText-root css-1nmt8ps']/child::span)[6]'.</msg>
<arg>${business}</arg>
<doc>Click the element identified by ``locator``.</doc>
<status status="PASS" start="2025-05-29T14:46:24.182083" elapsed="0.131711"/>
</kw>
<kw name="Wait Until Element Is Visible" owner="SeleniumLibrary">
<arg>${whyareyou}</arg>
<arg>timeout=10s</arg>
<doc>Waits until the element ``locator`` is visible.</doc>
<status status="PASS" start="2025-05-29T14:46:24.314110" elapsed="0.251791"/>
</kw>
<kw name="Click Element" owner="SeleniumLibrary">
<msg time="2025-05-29T14:46:24.566574" level="INFO">Clicking element 'xpath=(//div[@class='MuiList-root css-1uzmcsd']/descendant::span)[3]'.</msg>
<arg>${whyareyou}</arg>
<doc>Click the element identified by ``locator``.</doc>
<status status="PASS" start="2025-05-29T14:46:24.566201" elapsed="0.122397"/>
</kw>
<status status="PASS" start="2025-05-29T14:46:24.151623" elapsed="0.537158"/>
</kw>
<kw name="Add A New Hire" owner="WhyCanYouResources">
<kw name="Wait Until Element Is Visible" owner="SeleniumLibrary">
<arg>${add}</arg>
<arg>timeout=10s</arg>
<doc>Waits until the element ``locator`` is visible.</doc>
<status status="PASS" start="2025-05-29T14:46:24.689324" elapsed="0.417798"/>
</kw>
<kw name="Scroll Element Into View" owner="SeleniumLibrary">
<arg>${add}</arg>
<doc>Scrolls the element identified by ``locator`` into view.</doc>
<status status="PASS" start="2025-05-29T14:46:25.107433" elapsed="0.296644"/>
</kw>
<kw name="Click Element" owner="SeleniumLibrary">
<msg time="2025-05-29T14:46:25.404666" level="INFO">Clicking element 'xpath=//div[@class='MuiGrid-root MuiGrid-item MuiGrid-grid-xs-12 MuiGrid-grid-md-6 css-1gt1d87']/button'.</msg>
<arg>${add}</arg>
<doc>Click the element identified by ``locator``.</doc>
<status status="PASS" start="2025-05-29T14:46:25.404368" elapsed="0.141509"/>
</kw>
<status status="PASS" start="2025-05-29T14:46:24.689016" elapsed="0.857072"/>
</kw>
<kw name="Fill The New Hire Form" owner="WhyCanYouResources">
<kw name="Input Text" owner="SeleniumLibrary">
<msg time="2025-05-29T14:46:25.547006" level="INFO">Typing text 'txt selenium library' into text field 'xpath=//div[@class='MuiInputBase-root MuiOutlinedInput-root MuiInputBase-colorPrimary MuiInputBase-fullWidth MuiInputBase-formControl css-1bp1ao6']/descendant::input'.</msg>
<arg>${title}</arg>
<arg>txt selenium library</arg>
<doc>Types the given ``text`` into the text field identified by ``locator``.</doc>
<status status="PASS" start="2025-05-29T14:46:25.546757" elapsed="0.408275"/>
</kw>
<kw name="Click Element" owner="SeleniumLibrary">
<msg time="2025-05-29T14:46:25.955731" level="INFO">Clicking element 'xpath=//div[@class='MuiSelect-select MuiSelect-outlined MuiInputBase-input MuiOutlinedInput-input css-qiwgdb']'.</msg>
<arg>${type}</arg>
<doc>Click the element identified by ``locator``.</doc>
<status status="PASS" start="2025-05-29T14:46:25.955326" elapsed="0.097279"/>
</kw>
<kw name="Click Element" owner="SeleniumLibrary">
<msg time="2025-05-29T14:46:26.053082" level="INFO">Clicking element 'xpath=(//li[@class='MuiButtonBase-root MuiMenuItem-root MuiMenuItem-gutters MuiMenuItem-root MuiMenuItem-gutters css-1km1ehz']/following-sibling::li)[1]'.</msg>
<arg>${trainUs}</arg>
<doc>Click the element identified by ``locator``.</doc>
<status status="PASS" start="2025-05-29T14:46:26.052798" elapsed="0.101921"/>
</kw>
<kw name="Wait Until Page Contains Element" owner="SeleniumLibrary">
<arg>//input[@type="file"]</arg>
<arg>timeout=10s</arg>
<doc>Waits until the element ``locator`` appears on the current page.</doc>
<status status="PASS" start="2025-05-29T14:46:26.154989" elapsed="0.012268"/>
</kw>
<kw name="Execute Javascript" owner="SeleniumLibrary">
<msg time="2025-05-29T14:46:26.168054" level="INFO">Executing JavaScript:
document.querySelector("input[type='file']").style.display = 'block'
Without any arguments.</msg>
<arg>document.querySelector("input[type='file']").style.display = 'block'</arg>
<doc>Executes the given JavaScript code with possible arguments.</doc>
<status status="PASS" start="2025-05-29T14:46:26.167445" elapsed="0.008485"/>
</kw>
<kw name="Sleep" owner="BuiltIn">
<msg time="2025-05-29T14:46:28.176946" level="INFO">Slept 2 seconds.</msg>
<arg>2s</arg>
<doc>Pauses the test executed for the given time.</doc>
<status status="PASS" start="2025-05-29T14:46:26.176205" elapsed="2.000966"/>
</kw>
<kw name="Choose File" owner="SeleniumLibrary">
<msg time="2025-05-29T14:46:28.177982" level="INFO">Sending D:\smartcliff_project\Smartcliff_RobotFramework_Project\Resources\sampleFile.jpeg to browser.</msg>
<arg>//input[@type="file"]</arg>
<arg>${img}</arg>
<doc>Inputs the ``file_path`` into the file input field ``locator``.</doc>
<status status="PASS" start="2025-05-29T14:46:28.177526" elapsed="0.049105"/>
</kw>
<kw name="Sleep" owner="BuiltIn">
<msg time="2025-05-29T14:46:33.227366" level="INFO">Slept 5 seconds.</msg>
<arg>5s</arg>
<doc>Pauses the test executed for the given time.</doc>
<status status="PASS" start="2025-05-29T14:46:28.226901" elapsed="5.000666"/>
</kw>
<status status="PASS" start="2025-05-29T14:46:25.546332" elapsed="7.681451"/>
</kw>
<kw name="Click On The Add Definition" owner="WhyCanYouResources">
<kw name="Click Button" owner="SeleniumLibrary">
<msg time="2025-05-29T14:46:33.229155" level="INFO">Clicking button 'xpath=//div[@class='MuiStack-root css-95g4uk']/button'.</msg>
<arg>${addDef}</arg>
<doc>Clicks the button identified by ``locator``.</doc>
<status status="PASS" start="2025-05-29T14:46:33.228777" elapsed="0.130224"/>
</kw>
<status status="PASS" start="2025-05-29T14:46:33.228187" elapsed="0.131110"/>
</kw>
<kw name="Fill The Add Definition Form" owner="WhyCanYouResources">
<kw name="Input Text" owner="SeleniumLibrary">
<msg time="2025-05-29T14:46:33.360413" level="INFO">Typing text 'this is description of selenium lib' into text field 'xpath=(//div[@class='MuiInputBase-root MuiOutlinedInput-root MuiInputBase-colorPrimary MuiInputBase-fullWidth MuiInputBase-formControl css-1bp1ao6']/input)[2]'.</msg>
<arg>${tit}</arg>
<arg>this is description of selenium lib</arg>
<doc>Types the given ``text`` into the text field identified by ``locator``.</doc>
<status status="PASS" start="2025-05-29T14:46:33.360114" elapsed="0.623243"/>
</kw>
<kw name="Input Text" owner="SeleniumLibrary">
<msg time="2025-05-29T14:46:33.983844" level="INFO">Typing text 'complete Robot Framework test file using the SeleniumLibrary' into text field 'xpath=(//div/textarea)[3]'.</msg>
<arg>${textbox}</arg>
<arg>complete Robot Framework test file using the SeleniumLibrary</arg>
<doc>Types the given ``text`` into the text field identified by ``locator``.</doc>
<status status="PASS" start="2025-05-29T14:46:33.983564" elapsed="0.894358"/>
</kw>
<kw name="Wait Until Page Contains Element" owner="SeleniumLibrary">
<arg>//input[@type="file"]</arg>
<arg>timeout=10s</arg>
<doc>Waits until the element ``locator`` appears on the current page.</doc>
<status status="PASS" start="2025-05-29T14:46:34.878230" elapsed="0.021337"/>
</kw>
<kw name="Execute Javascript" owner="SeleniumLibrary">
<msg time="2025-05-29T14:46:34.900180" level="INFO">Executing JavaScript:
document.querySelector("input[type='file']").style.display = 'block'
Without any arguments.</msg>
<arg>document.querySelector("input[type='file']").style.display = 'block'</arg>
<doc>Executes the given JavaScript code with possible arguments.</doc>
<status status="PASS" start="2025-05-29T14:46:34.899778" elapsed="0.007300"/>
</kw>
<kw name="Sleep" owner="BuiltIn">
<msg time="2025-05-29T14:46:36.908158" level="INFO">Slept 2 seconds.</msg>
<arg>2s</arg>
<doc>Pauses the test executed for the given time.</doc>
<status status="PASS" start="2025-05-29T14:46:34.907362" elapsed="2.001023"/>
</kw>
<kw name="Choose File" owner="SeleniumLibrary">
<msg time="2025-05-29T14:46:36.909248" level="INFO">Sending D:\smartcliff_project\Smartcliff_RobotFramework_Project\Resources\colorIcon.png to browser.</msg>
<arg>//input[@type="file"]</arg>
<arg>${icon}</arg>
<doc>Inputs the ``file_path`` into the file input field ``locator``.</doc>
<status status="PASS" start="2025-05-29T14:46:36.908782" elapsed="0.056474"/>
</kw>
<kw name="Sleep" owner="BuiltIn">
<msg time="2025-05-29T14:46:41.966718" level="INFO">Slept 5 seconds.</msg>
<arg>5s</arg>
<doc>Pauses the test executed for the given time.</doc>
<status status="PASS" start="2025-05-29T14:46:36.965672" elapsed="5.001343"/>
</kw>
<status status="PASS" start="2025-05-29T14:46:33.359648" elapsed="8.607624"/>
</kw>
<kw name="Click On Create" owner="WhyCanYouResources">
<kw name="Click Button" owner="SeleniumLibrary">
<msg time="2025-05-29T14:46:41.968608" level="INFO">Clicking button 'xpath=//div[@class='MuiBox-root css-1vfa8p7']/button'.</msg>
<arg>${create}</arg>
<doc>Clicks the button identified by ``locator``.</doc>
<status status="PASS" start="2025-05-29T14:46:41.968242" elapsed="0.122914"/>
</kw>
<kw name="Sleep" owner="BuiltIn">
<msg time="2025-05-29T14:46:44.091998" level="INFO">Slept 2 seconds.</msg>
<arg>2s</arg>
<doc>Pauses the test executed for the given time.</doc>
<status status="PASS" start="2025-05-29T14:46:42.091360" elapsed="2.000918"/>
</kw>
<status status="PASS" start="2025-05-29T14:46:41.967724" elapsed="2.124843"/>
</kw>
<kw name="Check If Name Exists In Filtered List" owner="WhyCanYouResources">
<kw name="Get WebElements" owner="SeleniumLibrary">
<msg time="2025-05-29T14:46:44.852671" level="INFO">${elements} = [&lt;selenium.webdriver.remote.webelement.WebElement (session="2bb54c76a4307aeb46b83897e40900b4", element="f.280DED39AA1D22C9AD7CB7CEAB085C71.d.A388D1A6596F3B813037975F59B79581.e.147")&gt;, &lt;selenium.webdri...</msg>
<var>${elements}</var>
<arg>${actual-name-list}</arg>
<doc>Returns a list of WebElement objects matching the ``locator``.</doc>
<status status="PASS" start="2025-05-29T14:46:44.093927" elapsed="0.758811"/>
</kw>
<kw name="Set Variable" owner="BuiltIn">
<msg time="2025-05-29T14:46:44.853416" level="INFO">${found} = False</msg>
<var>${found}</var>
<arg>False</arg>
<doc>Returns the given values which can then be assigned to a variables.</doc>
<status status="PASS" start="2025-05-29T14:46:44.853068" elapsed="0.000409"/>
</kw>
<for flavor="IN">
<iter>
<kw name="Get Text" owner="SeleniumLibrary">
<msg time="2025-05-29T14:46:44.869446" level="INFO">${text} = try</msg>
<var>${text}</var>
<arg>${element}</arg>
<doc>Returns the text value of the element identified by ``locator``.</doc>
<status status="PASS" start="2025-05-29T14:46:44.854665" elapsed="0.014883"/>
</kw>
<kw name="Log To Console" owner="BuiltIn">
<arg>${text}</arg>
<doc>Logs the given message to the console.</doc>
<status status="PASS" start="2025-05-29T14:46:44.869904" elapsed="0.000586"/>
</kw>
<if>
<branch type="IF" condition="'${text}' == '${name}'">
<kw name="Set Variable" owner="BuiltIn">
<var>${found}</var>
<arg>True</arg>
<doc>Returns the given values which can then be assigned to a variables.</doc>
<status status="NOT RUN" start="2025-05-29T14:46:44.871110" elapsed="0.000035"/>
</kw>
<break>
<status status="NOT RUN" start="2025-05-29T14:46:44.871224" elapsed="0.000038"/>
</break>
<status status="NOT RUN" start="2025-05-29T14:46:44.870741" elapsed="0.000569"/>
</branch>
<status status="PASS" start="2025-05-29T14:46:44.870678" elapsed="0.000680"/>
</if>
<var name="${element}">&lt;selenium.webdriver.remote.webelement.WebElement (session="2bb54c76a4307aeb46b83897e40900b4", element="f.280DED39AA1D22C9AD7CB7CEAB085C71.d.A388D1A6596F3B813037975F59B79581.e.147")&gt;</var>
<status status="PASS" start="2025-05-29T14:46:44.854310" elapsed="0.017082"/>
</iter>
<iter>
<kw name="Get Text" owner="SeleniumLibrary">
<msg time="2025-05-29T14:46:44.884005" level="INFO">${text} = txt</msg>
<var>${text}</var>
<arg>${element}</arg>
<doc>Returns the text value of the element identified by ``locator``.</doc>
<status status="PASS" start="2025-05-29T14:46:44.871787" elapsed="0.012265"/>
</kw>
<kw name="Log To Console" owner="BuiltIn">
<arg>${text}</arg>
<doc>Logs the given message to the console.</doc>
<status status="PASS" start="2025-05-29T14:46:44.884219" elapsed="0.000356"/>
</kw>
<if>
<branch type="IF" condition="'${text}' == '${name}'">
<kw name="Set Variable" owner="BuiltIn">
<msg time="2025-05-29T14:46:44.885582" level="INFO">${found} = True</msg>
<var>${found}</var>
<arg>True</arg>
<doc>Returns the given values which can then be assigned to a variables.</doc>
<status status="PASS" start="2025-05-29T14:46:44.885167" elapsed="0.000516"/>
</kw>
<break>
<status status="PASS" start="2025-05-29T14:46:44.885878" elapsed="0.000090"/>
</break>
<status status="PASS" start="2025-05-29T14:46:44.884720" elapsed="0.001301"/>
</branch>
<status status="PASS" start="2025-05-29T14:46:44.884687" elapsed="0.001373"/>
</if>
<var name="${element}">&lt;selenium.webdriver.remote.webelement.WebElement (session="2bb54c76a4307aeb46b83897e40900b4", element="f.280DED39AA1D22C9AD7CB7CEAB085C71.d.A388D1A6596F3B813037975F59B79581.e.148")&gt;</var>
<status status="PASS" start="2025-05-29T14:46:44.871642" elapsed="0.014456"/>
</iter>
<var>${element}</var>
<value>@{elements}</value>
<status status="PASS" start="2025-05-29T14:46:44.853689" elapsed="0.032464"/>
</for>
<kw name="Should Be True" owner="BuiltIn">
<arg>${found}</arg>
<arg>msg=Name '${name}' not found in the list!</arg>
<doc>Fails if the given condition is not true.</doc>
<status status="PASS" start="2025-05-29T14:46:44.886336" elapsed="0.000388"/>
</kw>
<arg>${expected_name}</arg>
<status status="PASS" start="2025-05-29T14:46:44.093232" elapsed="0.793641"/>
</kw>
<status status="PASS" start="2025-05-29T14:46:14.875169" elapsed="30.011839"/>
</kw>
<kw name="close the browser session" owner="GenericResources" type="TEARDOWN">
<kw name="Close Browser" owner="SeleniumLibrary">
<doc>Closes the current browser.</doc>
<status status="PASS" start="2025-05-29T14:46:44.888580" elapsed="2.272362"/>
</kw>
<status status="PASS" start="2025-05-29T14:46:44.887875" elapsed="2.273333"/>
</kw>
<status status="PASS" start="2025-05-29T14:46:14.874466" elapsed="32.287132"/>
</test>
<test id="s1-t5" name="Search Title By Name" line="22">
<kw name="Verify The Search Functionality">
<kw name="Open the browser with url" owner="GenericResources">
<kw name="Evaluate" owner="BuiltIn">
<msg time="2025-05-29T14:46:47.165311" level="INFO">${options} = &lt;selenium.webdriver.chrome.options.Options object at 0x0000014C8A2C1F30&gt;</msg>
<var>${options}</var>
<arg>sys.modules['selenium.webdriver'].ChromeOptions()</arg>
<arg>sys, selenium.webdriver</arg>
<doc>Evaluates the given expression in Python and returns the result.</doc>
<status status="PASS" start="2025-05-29T14:46:47.164729" elapsed="0.000672"/>
</kw>
<kw name="Call Method" owner="BuiltIn">
<arg>${options}</arg>
<arg>add_argument</arg>
<arg>--incognito</arg>
<doc>Calls the named method of the given object with the provided arguments.</doc>
<status status="PASS" start="2025-05-29T14:46:47.165712" elapsed="0.000340"/>
</kw>
<kw name="Call Method" owner="BuiltIn">
<arg>${options}</arg>
<arg>add_argument</arg>
<arg>--disable-extensions</arg>
<doc>Calls the named method of the given object with the provided arguments.</doc>
<status status="PASS" start="2025-05-29T14:46:47.166304" elapsed="0.000326"/>
</kw>
<kw name="Call Method" owner="BuiltIn">
<arg>${options}</arg>
<arg>add_argument</arg>
<arg>--disable-notifications</arg>
<doc>Calls the named method of the given object with the provided arguments.</doc>
<status status="PASS" start="2025-05-29T14:46:47.166867" elapsed="0.000283"/>
</kw>
<kw name="Call Method" owner="BuiltIn">
<arg>${options}</arg>
<arg>add_argument</arg>
<arg>--disable-popup-blocking</arg>
<doc>Calls the named method of the given object with the provided arguments.</doc>
<status status="PASS" start="2025-05-29T14:46:47.167475" elapsed="0.000318"/>
</kw>
<kw name="Call Method" owner="BuiltIn">
<arg>${options}</arg>
<arg>add_argument</arg>
<arg>--start-maximized</arg>
<doc>Calls the named method of the given object with the provided arguments.</doc>
<status status="PASS" start="2025-05-29T14:46:47.168059" elapsed="0.000213"/>
</kw>
<kw name="Evaluate" owner="BuiltIn">
<msg time="2025-05-29T14:46:47.168968" level="INFO">${prefs} = {'credentials_enable_service': False, 'profile.password_manager_enabled': False}</msg>
<var>${prefs}</var>
<arg>{"credentials_enable_service": False, "profile.password_manager_enabled": False}</arg>
<doc>Evaluates the given expression in Python and returns the result.</doc>
<status status="PASS" start="2025-05-29T14:46:47.168639" elapsed="0.000381"/>
</kw>
<kw name="Call Method" owner="BuiltIn">
<arg>${options}</arg>
<arg>add_experimental_option</arg>
<arg>prefs</arg>
<arg>${prefs}</arg>
<doc>Calls the named method of the given object with the provided arguments.</doc>
<status status="PASS" start="2025-05-29T14:46:47.169185" elapsed="0.000234"/>
</kw>
<kw name="Open Browser" owner="SeleniumLibrary">
<msg time="2025-05-29T14:46:47.170006" level="INFO">Opening browser 'chrome' to base url 'https://smart-cliff-admin.vercel.app/'.</msg>
<arg>${url}</arg>
<arg>${browser}</arg>
<arg>options=${options}</arg>
<doc>Opens a new browser instance to the optional ``url``.</doc>
<status status="PASS" start="2025-05-29T14:46:47.169635" elapsed="3.433679"/>
</kw>
<kw name="Maximize Browser Window" owner="SeleniumLibrary">
<doc>Maximizes current browser window.</doc>
<status status="PASS" start="2025-05-29T14:46:50.603641" elapsed="0.009387"/>
</kw>
<kw name="Set Selenium Implicit Wait" owner="SeleniumLibrary">
<arg>5</arg>
<doc>Sets the implicit wait value used by Selenium.</doc>
<status status="PASS" start="2025-05-29T14:46:50.613240" elapsed="0.001925"/>
</kw>
<status status="PASS" start="2025-05-29T14:46:47.164357" elapsed="3.451076"/>
</kw>
<kw name="fill the login form" owner="LoginResources">
<kw name="Input Text" owner="SeleniumLibrary">
<msg time="2025-05-29T14:46:50.616902" level="INFO">Typing text 'smart@gmail.com' into text field 'xpath=//div[@class='MuiInputBase-root MuiOutlinedInput-root MuiInputBase-colorPrimary MuiInputBase-fullWidth MuiInputBase-formControl css-1bp1ao6']/descendant::input[@name='email']'.</msg>
<arg>${user}</arg>
<arg>${Username}</arg>
<doc>Types the given ``text`` into the text field identified by ``locator``.</doc>
<status status="PASS" start="2025-05-29T14:46:50.616437" elapsed="0.274088"/>
</kw>
<kw name="Input Password" owner="SeleniumLibrary">
<msg time="2025-05-29T14:46:50.891400" level="INFO">Typing password into text field 'xpath=//div[@class='MuiInputBase-root MuiOutlinedInput-root MuiInputBase-colorPrimary MuiInputBase-fullWidth MuiInputBase-formControl css-1bp1ao6']/descendant::input[@name='password']'.</msg>
<msg time="2025-05-29T14:46:51.079096" level="INFO">Temporally setting log level to: NONE</msg>
<arg>${pass}</arg>
<arg>${Password}</arg>
<doc>Types the given password into the text field identified by ``locator``.</doc>
<status status="PASS" start="2025-05-29T14:46:50.890838" elapsed="0.291762"/>
</kw>
<kw name="Click Button" owner="SeleniumLibrary">
<msg time="2025-05-29T14:46:51.183438" level="INFO">Clicking button 'xpath=//button[@id='signin-submit']'.</msg>
<arg>${login}</arg>
<doc>Clicks the button identified by ``locator``.</doc>
<status status="PASS" start="2025-05-29T14:46:51.182978" elapsed="0.155708"/>
</kw>
<kw name="Sleep" owner="BuiltIn">
<msg time="2025-05-29T14:46:56.339813" level="INFO">Slept 5 seconds.</msg>
<arg>5</arg>
<doc>Pauses the test executed for the given time.</doc>
<status status="PASS" start="2025-05-29T14:46:51.338892" elapsed="5.001164"/>
</kw>
<arg>${email}</arg>
<arg>${pwd}</arg>
<status status="PASS" start="2025-05-29T14:46:50.615814" elapsed="5.724482"/>
</kw>
<kw name="Click The Menu Bar" owner="WhyCanYouResources">
<kw name="Wait Until Element Is Visible" owner="SeleniumLibrary">
<arg>${menu}</arg>
<arg>timeout=10s</arg>
<doc>Waits until the element ``locator`` is visible.</doc>
<status status="PASS" start="2025-05-29T14:46:56.341361" elapsed="0.026621"/>
</kw>
<kw name="Click Button" owner="SeleniumLibrary">
<msg time="2025-05-29T14:46:56.368534" level="INFO">Clicking button 'xpath=(//div[@class='MuiToolbar-root MuiToolbar-gutters MuiToolbar-regular css-i6s8oy']/child::button)[1]'.</msg>
<arg>${menu}</arg>
<doc>Clicks the button identified by ``locator``.</doc>
<status status="PASS" start="2025-05-29T14:46:56.368182" elapsed="0.106894"/>
</kw>
<status status="PASS" start="2025-05-29T14:46:56.340757" elapsed="0.134535"/>
</kw>
<kw name="Click Option Under Menu Bar" owner="WhyCanYouResources">
<kw name="Wait Until Element Is Visible" owner="SeleniumLibrary">
<arg>${business}</arg>
<arg>timeout=10s</arg>
<doc>Waits until the element ``locator`` is visible.</doc>
<status status="PASS" start="2025-05-29T14:46:56.476455" elapsed="0.026994"/>
</kw>
<kw name="Click Element" owner="SeleniumLibrary">
<msg time="2025-05-29T14:46:56.504022" level="INFO">Clicking element 'xpath=(//div[@class='MuiListItemText-root css-1nmt8ps']/child::span)[6]'.</msg>
<arg>${business}</arg>
<doc>Click the element identified by ``locator``.</doc>
<status status="PASS" start="2025-05-29T14:46:56.503718" elapsed="0.147737"/>
</kw>
<kw name="Wait Until Element Is Visible" owner="SeleniumLibrary">
<arg>${whyareyou}</arg>
<arg>timeout=10s</arg>
<doc>Waits until the element ``locator`` is visible.</doc>
<status status="PASS" start="2025-05-29T14:46:56.651909" elapsed="0.253125"/>
</kw>
<kw name="Click Element" owner="SeleniumLibrary">
<msg time="2025-05-29T14:46:56.905749" level="INFO">Clicking element 'xpath=(//div[@class='MuiList-root css-1uzmcsd']/descendant::span)[3]'.</msg>
<arg>${whyareyou}</arg>
<doc>Click the element identified by ``locator``.</doc>
<status status="PASS" start="2025-05-29T14:46:56.905276" elapsed="0.138815"/>
</kw>
<status status="PASS" start="2025-05-29T14:46:56.475698" elapsed="0.568536"/>
</kw>
<kw name="Add A New Hire" owner="WhyCanYouResources">
<kw name="Wait Until Element Is Visible" owner="SeleniumLibrary">
<arg>${add}</arg>
<arg>timeout=10s</arg>
<doc>Waits until the element ``locator`` is visible.</doc>
<status status="PASS" start="2025-05-29T14:46:57.044852" elapsed="0.424255"/>
</kw>
<kw name="Scroll Element Into View" owner="SeleniumLibrary">
<arg>${add}</arg>
<doc>Scrolls the element identified by ``locator`` into view.</doc>
<status status="PASS" start="2025-05-29T14:46:57.469488" elapsed="0.275257"/>
</kw>
<kw name="Click Element" owner="SeleniumLibrary">
<msg time="2025-05-29T14:46:57.745699" level="INFO">Clicking element 'xpath=//div[@class='MuiGrid-root MuiGrid-item MuiGrid-grid-xs-12 MuiGrid-grid-md-6 css-1gt1d87']/button'.</msg>
<arg>${add}</arg>
<doc>Click the element identified by ``locator``.</doc>
<status status="PASS" start="2025-05-29T14:46:57.745170" elapsed="0.122974"/>
</kw>
<status status="PASS" start="2025-05-29T14:46:57.044464" elapsed="0.823884"/>
</kw>
<kw name="Fill The New Hire Form" owner="WhyCanYouResources">
<kw name="Input Text" owner="SeleniumLibrary">
<msg time="2025-05-29T14:46:57.869128" level="INFO">Typing text 'txt selenium library' into text field 'xpath=//div[@class='MuiInputBase-root MuiOutlinedInput-root MuiInputBase-colorPrimary MuiInputBase-fullWidth MuiInputBase-formControl css-1bp1ao6']/descendant::input'.</msg>
<arg>${title}</arg>
<arg>txt selenium library</arg>
<doc>Types the given ``text`` into the text field identified by ``locator``.</doc>
<status status="PASS" start="2025-05-29T14:46:57.868855" elapsed="0.400672"/>
</kw>
<kw name="Click Element" owner="SeleniumLibrary">
<msg time="2025-05-29T14:46:58.270190" level="INFO">Clicking element 'xpath=//div[@class='MuiSelect-select MuiSelect-outlined MuiInputBase-input MuiOutlinedInput-input css-qiwgdb']'.</msg>
<arg>${type}</arg>
<doc>Click the element identified by ``locator``.</doc>
<status status="PASS" start="2025-05-29T14:46:58.269864" elapsed="0.116161"/>
</kw>
<kw name="Click Element" owner="SeleniumLibrary">
<msg time="2025-05-29T14:46:58.386942" level="INFO">Clicking element 'xpath=(//li[@class='MuiButtonBase-root MuiMenuItem-root MuiMenuItem-gutters MuiMenuItem-root MuiMenuItem-gutters css-1km1ehz']/following-sibling::li)[1]'.</msg>
<arg>${trainUs}</arg>
<doc>Click the element identified by ``locator``.</doc>
<status status="PASS" start="2025-05-29T14:46:58.386416" elapsed="0.119748"/>
</kw>
<kw name="Wait Until Page Contains Element" owner="SeleniumLibrary">
<arg>//input[@type="file"]</arg>
<arg>timeout=10s</arg>
<doc>Waits until the element ``locator`` appears on the current page.</doc>
<status status="PASS" start="2025-05-29T14:46:58.506365" elapsed="0.014782"/>
</kw>
<kw name="Execute Javascript" owner="SeleniumLibrary">
<msg time="2025-05-29T14:46:58.521844" level="INFO">Executing JavaScript:
document.querySelector("input[type='file']").style.display = 'block'
Without any arguments.</msg>
<arg>document.querySelector("input[type='file']").style.display = 'block'</arg>
<doc>Executes the given JavaScript code with possible arguments.</doc>
<status status="PASS" start="2025-05-29T14:46:58.521335" elapsed="0.010509"/>
</kw>
<kw name="Sleep" owner="BuiltIn">
<msg time="2025-05-29T14:47:00.532905" level="INFO">Slept 2 seconds.</msg>
<arg>2s</arg>
<doc>Pauses the test executed for the given time.</doc>
<status status="PASS" start="2025-05-29T14:46:58.532139" elapsed="2.001261"/>
</kw>
<kw name="Choose File" owner="SeleniumLibrary">
<msg time="2025-05-29T14:47:00.534700" level="INFO">Sending D:\smartcliff_project\Smartcliff_RobotFramework_Project\Resources\sampleFile.jpeg to browser.</msg>
<arg>//input[@type="file"]</arg>
<arg>${img}</arg>
<doc>Inputs the ``file_path`` into the file input field ``locator``.</doc>
<status status="PASS" start="2025-05-29T14:47:00.533857" elapsed="0.052451"/>
</kw>
<kw name="Sleep" owner="BuiltIn">
<msg time="2025-05-29T14:47:05.587777" level="INFO">Slept 5 seconds.</msg>
<arg>5s</arg>
<doc>Pauses the test executed for the given time.</doc>
<status status="PASS" start="2025-05-29T14:47:00.586600" elapsed="5.001414"/>
</kw>
<status status="PASS" start="2025-05-29T14:46:57.868575" elapsed="7.719653"/>
</kw>
<kw name="Click On The Add Definition" owner="WhyCanYouResources">
<kw name="Click Button" owner="SeleniumLibrary">
<msg time="2025-05-29T14:47:05.589230" level="INFO">Clicking button 'xpath=//div[@class='MuiStack-root css-95g4uk']/button'.</msg>
<arg>${addDef}</arg>
<doc>Clicks the button identified by ``locator``.</doc>
<status status="PASS" start="2025-05-29T14:47:05.588949" elapsed="0.126602"/>
</kw>
<status status="PASS" start="2025-05-29T14:47:05.588538" elapsed="0.127166"/>
</kw>
<kw name="Fill The Add Definition Form" owner="WhyCanYouResources">
<kw name="Input Text" owner="SeleniumLibrary">
<msg time="2025-05-29T14:47:05.716561" level="INFO">Typing text 'this is description of selenium lib' into text field 'xpath=(//div[@class='MuiInputBase-root MuiOutlinedInput-root MuiInputBase-colorPrimary MuiInputBase-fullWidth MuiInputBase-formControl css-1bp1ao6']/input)[2]'.</msg>
<arg>${tit}</arg>
<arg>this is description of selenium lib</arg>
<doc>Types the given ``text`` into the text field identified by ``locator``.</doc>
<status status="PASS" start="2025-05-29T14:47:05.716256" elapsed="0.654110"/>
</kw>
<kw name="Input Text" owner="SeleniumLibrary">
<msg time="2025-05-29T14:47:06.371131" level="INFO">Typing text 'complete Robot Framework test file using the SeleniumLibrary' into text field 'xpath=(//div/textarea)[3]'.</msg>
<arg>${textbox}</arg>
<arg>complete Robot Framework test file using the SeleniumLibrary</arg>
<doc>Types the given ``text`` into the text field identified by ``locator``.</doc>
<status status="PASS" start="2025-05-29T14:47:06.370686" elapsed="1.096634"/>
</kw>
<kw name="Wait Until Page Contains Element" owner="SeleniumLibrary">
<arg>//input[@type="file"]</arg>
<arg>timeout=10s</arg>
<doc>Waits until the element ``locator`` appears on the current page.</doc>
<status status="PASS" start="2025-05-29T14:47:07.467637" elapsed="0.021087"/>
</kw>
<kw name="Execute Javascript" owner="SeleniumLibrary">
<msg time="2025-05-29T14:47:07.489627" level="INFO">Executing JavaScript:
document.querySelector("input[type='file']").style.display = 'block'
Without any arguments.</msg>
<arg>document.querySelector("input[type='file']").style.display = 'block'</arg>
<doc>Executes the given JavaScript code with possible arguments.</doc>
<status status="PASS" start="2025-05-29T14:47:07.489017" elapsed="0.007401"/>
</kw>
<kw name="Sleep" owner="BuiltIn">
<msg time="2025-05-29T14:47:09.497161" level="INFO">Slept 2 seconds.</msg>
<arg>2s</arg>
<doc>Pauses the test executed for the given time.</doc>
<status status="PASS" start="2025-05-29T14:47:07.496633" elapsed="2.000743"/>
</kw>
<kw name="Choose File" owner="SeleniumLibrary">
<msg time="2025-05-29T14:47:09.498202" level="INFO">Sending D:\smartcliff_project\Smartcliff_RobotFramework_Project\Resources\colorIcon.png to browser.</msg>
<arg>//input[@type="file"]</arg>
<arg>${icon}</arg>
<doc>Inputs the ``file_path`` into the file input field ``locator``.</doc>
<status status="PASS" start="2025-05-29T14:47:09.497715" elapsed="0.054877"/>
</kw>
<kw name="Sleep" owner="BuiltIn">
<msg time="2025-05-29T14:47:14.553401" level="INFO">Slept 5 seconds.</msg>
<arg>5s</arg>
<doc>Pauses the test executed for the given time.</doc>
<status status="PASS" start="2025-05-29T14:47:09.552795" elapsed="5.000827"/>
</kw>
<status status="PASS" start="2025-05-29T14:47:05.715942" elapsed="8.837894"/>
</kw>
<kw name="Click On Create" owner="WhyCanYouResources">
<kw name="Click Button" owner="SeleniumLibrary">
<msg time="2025-05-29T14:47:14.554954" level="INFO">Clicking button 'xpath=//div[@class='MuiBox-root css-1vfa8p7']/button'.</msg>
<arg>${create}</arg>
<doc>Clicks the button identified by ``locator``.</doc>
<status status="PASS" start="2025-05-29T14:47:14.554660" elapsed="0.124059"/>
</kw>
<kw name="Sleep" owner="BuiltIn">
<msg time="2025-05-29T14:47:16.679354" level="INFO">Slept 2 seconds.</msg>
<arg>2s</arg>
<doc>Pauses the test executed for the given time.</doc>
<status status="PASS" start="2025-05-29T14:47:14.678961" elapsed="2.000612"/>
</kw>
<status status="PASS" start="2025-05-29T14:47:14.554199" elapsed="2.125588"/>
</kw>
<kw name="Enter a name in the input field." owner="WhyCanYouResources">
<kw name="Input Text" owner="SeleniumLibrary">
<msg time="2025-05-29T14:47:16.681144" level="INFO">Typing text 'txt' into text field 'xpath=//div[@class='MuiInputBase-root MuiOutlinedInput-root MuiInputBase-colorPrimary MuiInputBase-fullWidth MuiInputBase-formControl MuiInputBase-sizeSmall MuiInputBase-adornedStart css-2xhzvc']/descendant::input'.</msg>
<arg>${search-name}</arg>
<arg>${name}</arg>
<doc>Types the given ``text`` into the text field identified by ``locator``.</doc>
<status status="PASS" start="2025-05-29T14:47:16.680762" elapsed="0.423366"/>
</kw>
<status status="PASS" start="2025-05-29T14:47:16.680220" elapsed="0.424164"/>
</kw>
<kw name="The entered name should be displayed in the filter section below." owner="WhyCanYouResources">
<kw name="Get WebElements" owner="SeleniumLibrary">
<msg time="2025-05-29T14:47:17.122342" level="INFO">${elements} = [&lt;selenium.webdriver.remote.webelement.WebElement (session="7d190f0933e3e6e85ff35289591e1684", element="f.E6AC1D67FCE79A3343A67340857274E2.d.127294FD8961482DEB55DF4FCE0A1910.e.178")&gt;, &lt;selenium.webdri...</msg>
<var>${elements}</var>
<arg>${actual-name-list}</arg>
<doc>Returns a list of WebElement objects matching the ``locator``.</doc>
<status status="PASS" start="2025-05-29T14:47:17.105898" elapsed="0.016553"/>
</kw>
<kw name="Set Variable" owner="BuiltIn">
<msg time="2025-05-29T14:47:17.123166" level="INFO">${found} = False</msg>
<var>${found}</var>
<arg>False</arg>
<doc>Returns the given values which can then be assigned to a variables.</doc>
<status status="PASS" start="2025-05-29T14:47:17.122811" elapsed="0.000441"/>
</kw>
<for flavor="IN">
<iter>
<kw name="Get Text" owner="SeleniumLibrary">
<msg time="2025-05-29T14:47:17.140058" level="INFO">${text} = txt</msg>
<var>${text}</var>
<arg>${element}</arg>
<doc>Returns the text value of the element identified by ``locator``.</doc>
<status status="PASS" start="2025-05-29T14:47:17.124173" elapsed="0.015982"/>
</kw>
<kw name="Log To Console" owner="BuiltIn">
<arg>${text}</arg>
<doc>Logs the given message to the console.</doc>
<status status="PASS" start="2025-05-29T14:47:17.140640" elapsed="0.000726"/>
</kw>
<if>
<branch type="IF" condition="'${text}'=='${name}'">
<kw name="Set Variable" owner="BuiltIn">
<msg time="2025-05-29T14:47:17.142798" level="INFO">${found} = True</msg>
<var>${found}</var>
<arg>True</arg>
<doc>Returns the given values which can then be assigned to a variables.</doc>
<status status="PASS" start="2025-05-29T14:47:17.142366" elapsed="0.000519"/>
</kw>
<break>
<status status="PASS" start="2025-05-29T14:47:17.143063" elapsed="0.000173"/>
</break>
<status status="PASS" start="2025-05-29T14:47:17.141654" elapsed="0.001773"/>
</branch>
<status status="PASS" start="2025-05-29T14:47:17.141588" elapsed="0.001984"/>
</if>
<var name="${element}">&lt;selenium.webdriver.remote.webelement.WebElement (session="7d190f0933e3e6e85ff35289591e1684", element="f.E6AC1D67FCE79A3343A67340857274E2.d.127294FD8961482DEB55DF4FCE0A1910.e.178")&gt;</var>
<status status="PASS" start="2025-05-29T14:47:17.123928" elapsed="0.019742"/>
</iter>
<var>${element}</var>
<value>@{elements}</value>
<status status="PASS" start="2025-05-29T14:47:17.123441" elapsed="0.020387"/>
</for>
<kw name="Should Be True" owner="BuiltIn">
<arg>${found}</arg>
<doc>Fails if the given condition is not true.</doc>
<status status="PASS" start="2025-05-29T14:47:17.144213" elapsed="0.000623"/>
</kw>
<status status="PASS" start="2025-05-29T14:47:17.105132" elapsed="0.039926"/>
</kw>
<status status="PASS" start="2025-05-29T14:46:47.163805" elapsed="29.981407"/>
</kw>
<kw name="close the browser session" owner="GenericResources" type="TEARDOWN">
<kw name="Close Browser" owner="SeleniumLibrary">
<doc>Closes the current browser.</doc>
<status status="PASS" start="2025-05-29T14:47:17.146607" elapsed="2.264709"/>
</kw>
<status status="PASS" start="2025-05-29T14:47:17.146048" elapsed="2.265527"/>
</kw>
<status status="PASS" start="2025-05-29T14:46:47.162885" elapsed="32.248984"/>
</test>
<status status="PASS" start="2025-05-29T14:45:37.523050" elapsed="101.889806"/>
</suite>
<statistics>
<total>
<stat pass="5" fail="0" skip="0">All Tests</stat>
</total>
<tag>
</tag>
<suite>
<stat name="WhyCanYouTest" id="s1" pass="5" fail="0" skip="0">WhyCanYouTest</stat>
</suite>
</statistics>
<errors>
</errors>
</robot>
