<?xml version="1.0" encoding="UTF-8"?>
<robot generator="Robot 7.2.2 (Python 3.13.3 on win32)" generated="2025-06-30T22:33:38.994743" rpa="false" schemaversion="5">
<suite id="s1" name="Jeevika WhyCanYouTest" source="D:\smart\Smartcliff_RobotFramework_Project\Testcases\Jeevika_WhyCanYouTest.robot">
<test id="s1-t1" name="Add Definition adding many times" line="61">
<kw name="Add Definition increase in count">
<kw name="Open The Browser With URL" owner="GenericResources">
<kw name="Evaluate" owner="BuiltIn">
<msg time="2025-06-30T22:33:39.643770" level="INFO">${options} = &lt;selenium.webdriver.chrome.options.Options object at 0x0000026A443B4830&gt;</msg>
<var>${options}</var>
<arg>sys.modules['selenium.webdriver'].ChromeOptions()</arg>
<arg>sys, selenium.webdriver</arg>
<doc>Evaluates the given expression in Python and returns the result.</doc>
<status status="PASS" start="2025-06-30T22:33:39.643223" elapsed="0.000614"/>
</kw>
<kw name="Call Method" owner="BuiltIn">
<arg>${options}</arg>
<arg>add_argument</arg>
<arg>--incognito</arg>
<doc>Calls the named method of the given object with the provided arguments.</doc>
<status status="PASS" start="2025-06-30T22:33:39.644072" elapsed="0.000202"/>
</kw>
<kw name="Call Method" owner="BuiltIn">
<arg>${options}</arg>
<arg>add_argument</arg>
<arg>--disable-extensions</arg>
<doc>Calls the named method of the given object with the provided arguments.</doc>
<status status="PASS" start="2025-06-30T22:33:39.644431" elapsed="0.000176"/>
</kw>
<kw name="Call Method" owner="BuiltIn">
<arg>${options}</arg>
<arg>add_argument</arg>
<arg>--disable-notifications</arg>
<doc>Calls the named method of the given object with the provided arguments.</doc>
<status status="PASS" start="2025-06-30T22:33:39.644749" elapsed="0.000159"/>
</kw>
<kw name="Call Method" owner="BuiltIn">
<arg>${options}</arg>
<arg>add_argument</arg>
<arg>--disable-popup-blocking</arg>
<doc>Calls the named method of the given object with the provided arguments.</doc>
<status status="PASS" start="2025-06-30T22:33:39.645047" elapsed="0.000151"/>
</kw>
<kw name="Call Method" owner="BuiltIn">
<arg>${options}</arg>
<arg>add_argument</arg>
<arg>--start-maximized</arg>
<doc>Calls the named method of the given object with the provided arguments.</doc>
<status status="PASS" start="2025-06-30T22:33:39.645507" elapsed="0.000167"/>
</kw>
<kw name="Evaluate" owner="BuiltIn">
<msg time="2025-06-30T22:33:39.646084" level="INFO">${prefs} = {'credentials_enable_service': False, 'profile.password_manager_enabled': False}</msg>
<var>${prefs}</var>
<arg>{"credentials_enable_service": False, "profile.password_manager_enabled": False}</arg>
<doc>Evaluates the given expression in Python and returns the result.</doc>
<status status="PASS" start="2025-06-30T22:33:39.645819" elapsed="0.000309"/>
</kw>
<kw name="Call Method" owner="BuiltIn">
<arg>${options}</arg>
<arg>add_experimental_option</arg>
<arg>prefs</arg>
<arg>${prefs}</arg>
<doc>Calls the named method of the given object with the provided arguments.</doc>
<status status="PASS" start="2025-06-30T22:33:39.646259" elapsed="0.000191"/>
</kw>
<kw name="Open Browser" owner="SeleniumLibrary">
<msg time="2025-06-30T22:33:39.646990" level="INFO">Opening browser 'chrome' to base url 'https://smart-cliff-admin.vercel.app/'.</msg>
<arg>${URL}</arg>
<arg>${BROWSER}</arg>
<arg>options=${options}</arg>
<doc>Opens a new browser instance to the optional ``url``.</doc>
<status status="PASS" start="2025-06-30T22:33:39.646640" elapsed="3.280545"/>
</kw>
<kw name="Set Selenium Implicit Wait" owner="SeleniumLibrary">
<arg>5</arg>
<doc>Sets the implicit wait value used by Selenium.</doc>
<status status="PASS" start="2025-06-30T22:33:42.927500" elapsed="0.002239"/>
</kw>
<status status="PASS" start="2025-06-30T22:33:39.642209" elapsed="3.287786"/>
</kw>
<kw name="fill the login form" owner="LoginResources">
<kw name="Input Text" owner="SeleniumLibrary">
<msg time="2025-06-30T22:33:42.932104" level="INFO">Typing text 'smart@gmail.com' into text field 'xpath=//div[@class='MuiInputBase-root MuiOutlinedInput-root MuiInputBase-colorPrimary MuiInputBase-fullWidth MuiInputBase-formControl css-1bp1ao6']/descendant::input[@name='email']'.</msg>
<arg>${user}</arg>
<arg>${Username}</arg>
<doc>Types the given ``text`` into the text field identified by ``locator``.</doc>
<status status="PASS" start="2025-06-30T22:33:42.931191" elapsed="0.427367"/>
</kw>
<kw name="Input Password" owner="SeleniumLibrary">
<msg time="2025-06-30T22:33:43.359956" level="INFO">Typing password into text field 'xpath=//div[@class='MuiInputBase-root MuiOutlinedInput-root MuiInputBase-colorPrimary MuiInputBase-fullWidth MuiInputBase-formControl css-1bp1ao6']/descendant::input[@name='password']'.</msg>
<msg time="2025-06-30T22:33:43.694507" level="INFO">Temporally setting log level to: NONE</msg>
<arg>${pass}</arg>
<arg>${Password}</arg>
<doc>Types the given password into the text field identified by ``locator``.</doc>
<status status="PASS" start="2025-06-30T22:33:43.359035" elapsed="0.476757"/>
</kw>
<kw name="Click Button" owner="SeleniumLibrary">
<msg time="2025-06-30T22:33:43.836387" level="INFO">Clicking button 'xpath=//button[@id='signin-submit']'.</msg>
<arg>${login}</arg>
<doc>Clicks the button identified by ``locator``.</doc>
<status status="PASS" start="2025-06-30T22:33:43.836084" elapsed="0.267054"/>
</kw>
<kw name="Sleep" owner="BuiltIn">
<msg time="2025-06-30T22:33:54.104487" level="INFO">Slept 10 seconds.</msg>
<arg>10</arg>
<doc>Pauses the test executed for the given time.</doc>
<status status="PASS" start="2025-06-30T22:33:44.103619" elapsed="10.001214"/>
</kw>
<arg>${email}</arg>
<arg>${pwd}</arg>
<status status="PASS" start="2025-06-30T22:33:42.930398" elapsed="11.174726"/>
</kw>
<kw name="Click The Menu Bar" owner="WhyCanYouResources">
<kw name="Wait Until Element Is Visible" owner="SeleniumLibrary">
<arg>${menu}</arg>
<arg>timeout=10s</arg>
<doc>Waits until the element ``locator`` is visible.</doc>
<status status="PASS" start="2025-06-30T22:33:54.106460" elapsed="0.173035"/>
</kw>
<kw name="Click Button" owner="SeleniumLibrary">
<msg time="2025-06-30T22:33:54.280122" level="INFO">Clicking button 'xpath=(//div[@class='MuiToolbar-root MuiToolbar-gutters MuiToolbar-regular css-i6s8oy']/child::button)[1]'.</msg>
<arg>${menu}</arg>
<doc>Clicks the button identified by ``locator``.</doc>
<status status="PASS" start="2025-06-30T22:33:54.279773" elapsed="0.131128"/>
</kw>
<status status="PASS" start="2025-06-30T22:33:54.105624" elapsed="0.305601"/>
</kw>
<kw name="Click Option Under Menu Bar" owner="WhyCanYouResources">
<kw name="Wait Until Element Is Visible" owner="SeleniumLibrary">
<arg>${business}</arg>
<arg>timeout=10s</arg>
<doc>Waits until the element ``locator`` is visible.</doc>
<status status="PASS" start="2025-06-30T22:33:54.412282" elapsed="0.039535"/>
</kw>
<kw name="Click Element" owner="SeleniumLibrary">
<msg time="2025-06-30T22:33:54.452660" level="INFO">Clicking element 'xpath=(//div[@class='MuiListItemText-root css-1nmt8ps']/child::span)[6]'.</msg>
<arg>${business}</arg>
<doc>Click the element identified by ``locator``.</doc>
<status status="PASS" start="2025-06-30T22:33:54.452218" elapsed="0.174692"/>
</kw>
<kw name="Wait Until Element Is Visible" owner="SeleniumLibrary">
<arg>${whyareyou}</arg>
<arg>timeout=10s</arg>
<doc>Waits until the element ``locator`` is visible.</doc>
<status status="PASS" start="2025-06-30T22:33:54.627427" elapsed="0.262763"/>
</kw>
<kw name="Click Element" owner="SeleniumLibrary">
<msg time="2025-06-30T22:33:54.890945" level="INFO">Clicking element 'xpath=(//div[@class='MuiList-root css-1uzmcsd']/descendant::span)[3]'.</msg>
<arg>${whyareyou}</arg>
<doc>Click the element identified by ``locator``.</doc>
<status status="PASS" start="2025-06-30T22:33:54.890571" elapsed="0.178049"/>
</kw>
<status status="PASS" start="2025-06-30T22:33:54.411624" elapsed="0.657394"/>
</kw>
<kw name="Add A New Hire" owner="WhyCanYouResources">
<kw name="Wait Until Element Is Visible" owner="SeleniumLibrary">
<arg>${add}</arg>
<arg>timeout=10s</arg>
<doc>Waits until the element ``locator`` is visible.</doc>
<status status="PASS" start="2025-06-30T22:33:55.070615" elapsed="1.049611"/>
</kw>
<kw name="Scroll Element Into View" owner="SeleniumLibrary">
<arg>${add}</arg>
<doc>Scrolls the element identified by ``locator`` into view.</doc>
<status status="PASS" start="2025-06-30T22:33:56.120729" elapsed="0.299402"/>
</kw>
<kw name="Click Element" owner="SeleniumLibrary">
<msg time="2025-06-30T22:33:56.421024" level="INFO">Clicking element 'xpath=//div[@class='MuiGrid-root MuiGrid-item MuiGrid-grid-xs-12 MuiGrid-grid-md-6 css-1gt1d87']/button'.</msg>
<arg>${add}</arg>
<doc>Click the element identified by ``locator``.</doc>
<status status="PASS" start="2025-06-30T22:33:56.420514" elapsed="0.203563"/>
</kw>
<status status="PASS" start="2025-06-30T22:33:55.069569" elapsed="1.554738"/>
</kw>
<kw name="Fill The New Hire Form" owner="WhyCanYouResources">
<kw name="Choose File" owner="SeleniumLibrary">
<msg time="2025-06-30T22:33:56.625738" level="INFO">Sending D:\smart\Smartcliff_RobotFramework_Project\Resources\sampleFile.jpeg to browser.</msg>
<arg>xpath=(//input[@type='file'])[1]</arg>
<arg>${img}</arg>
<doc>Inputs the ``file_path`` into the file input field ``locator``.</doc>
<status status="PASS" start="2025-06-30T22:33:56.625221" elapsed="0.100724"/>
</kw>
<kw name="Input Text" owner="SeleniumLibrary">
<msg time="2025-06-30T22:33:56.727120" level="INFO">Typing text 'txt' into text field 'xpath=(//div[@class='MuiInputBase-root MuiOutlinedInput-root MuiInputBase-colorPrimary MuiInputBase-fullWidth MuiInputBase-formControl css-1bp1ao6']/descendant::input)[1]'.</msg>
<arg>${title}</arg>
<arg>txt</arg>
<doc>Types the given ``text`` into the text field identified by ``locator``.</doc>
<status status="PASS" start="2025-06-30T22:33:56.726301" elapsed="0.239345"/>
</kw>
<kw name="Click Element" owner="SeleniumLibrary">
<msg time="2025-06-30T22:33:56.966586" level="INFO">Clicking element 'xpath=//div[@class='MuiSelect-select MuiSelect-outlined MuiInputBase-input MuiOutlinedInput-input css-qiwgdb']'.</msg>
<arg>${type}</arg>
<doc>Click the element identified by ``locator``.</doc>
<status status="PASS" start="2025-06-30T22:33:56.966079" elapsed="0.150897"/>
</kw>
<kw name="Click Element" owner="SeleniumLibrary">
<msg time="2025-06-30T22:33:57.117802" level="INFO">Clicking element 'xpath=(//li[@class='MuiButtonBase-root MuiMenuItem-root MuiMenuItem-gutters MuiMenuItem-root MuiMenuItem-gutters css-1km1ehz']/following-sibling::li)[1]'.</msg>
<arg>${trainUs}</arg>
<doc>Click the element identified by ``locator``.</doc>
<status status="PASS" start="2025-06-30T22:33:57.117264" elapsed="0.149052"/>
</kw>
<kw name="Sleep" owner="BuiltIn">
<msg time="2025-06-30T22:34:02.267405" level="INFO">Slept 5 seconds.</msg>
<arg>5s</arg>
<doc>Pauses the test executed for the given time.</doc>
<status status="PASS" start="2025-06-30T22:33:57.266590" elapsed="5.001046"/>
</kw>
<status status="PASS" start="2025-06-30T22:33:56.624672" elapsed="5.643177"/>
</kw>
<kw name="Click On The Add Definition" owner="WhyCanYouResources">
<kw name="Click Button" owner="SeleniumLibrary">
<msg time="2025-06-30T22:34:02.268986" level="INFO">Clicking button 'xpath=//div[@class='MuiStack-root css-95g4uk']/button'.</msg>
<arg>${addDef}</arg>
<doc>Clicks the button identified by ``locator``.</doc>
<status status="PASS" start="2025-06-30T22:34:02.268675" elapsed="0.165482"/>
</kw>
<status status="PASS" start="2025-06-30T22:34:02.268174" elapsed="0.166263"/>
</kw>
<kw name="Fill The Add Definition Form1" owner="WhyCanYouResources">
<kw name="Choose File" owner="SeleniumLibrary">
<msg time="2025-06-30T22:34:02.436253" level="INFO">Sending D:\smart\Smartcliff_RobotFramework_Project\Resources\colorIcon.png to browser.</msg>
<arg>xpath=(//input[@type='file'])[2]</arg>
<arg>${icon}</arg>
<doc>Inputs the ``file_path`` into the file input field ``locator``.</doc>
<status status="PASS" start="2025-06-30T22:34:02.435747" elapsed="0.108406"/>
</kw>
<kw name="Input Text" owner="SeleniumLibrary">
<msg time="2025-06-30T22:34:02.545859" level="INFO">Typing text 'this is description of selenium lib' into text field 'xpath=(//div[@class='MuiInputBase-root MuiOutlinedInput-root MuiInputBase-colorPrimary MuiInputBase-fullWidth MuiInputBase-formControl css-1bp1ao6']/input)[2]'.</msg>
<arg>${tit}</arg>
<arg>this is description of selenium lib</arg>
<doc>Types the given ``text`` into the text field identified by ``locator``.</doc>
<status status="PASS" start="2025-06-30T22:34:02.545028" elapsed="1.142254"/>
</kw>
<kw name="Input Text" owner="SeleniumLibrary">
<msg time="2025-06-30T22:34:03.688022" level="INFO">Typing text 'complete Robot Framework test file using the SeleniumLibrary' into text field 'xpath=(//div/textarea)[3]'.</msg>
<arg>${textbox}</arg>
<arg>complete Robot Framework test file using the SeleniumLibrary</arg>
<doc>Types the given ``text`` into the text field identified by ``locator``.</doc>
<status status="PASS" start="2025-06-30T22:34:03.687608" elapsed="1.585097"/>
</kw>
<kw name="Sleep" owner="BuiltIn">
<msg time="2025-06-30T22:34:15.273722" level="INFO">Slept 10 seconds.</msg>
<arg>10s</arg>
<doc>Pauses the test executed for the given time.</doc>
<status status="PASS" start="2025-06-30T22:34:05.273006" elapsed="10.001098"/>
</kw>
<status status="PASS" start="2025-06-30T22:34:02.434860" elapsed="12.839584"/>
</kw>
<kw name="Again click on add definition" owner="WhyCanYouResources">
<kw name="Click Button" owner="SeleniumLibrary">
<msg time="2025-06-30T22:34:15.275667" level="INFO">Clicking button 'xpath=//div[@class='MuiStack-root css-95g4uk']/button'.</msg>
<arg>${addDef}</arg>
<doc>Clicks the button identified by ``locator``.</doc>
<status status="PASS" start="2025-06-30T22:34:15.275352" elapsed="0.194711"/>
</kw>
<status status="PASS" start="2025-06-30T22:34:15.274836" elapsed="0.195528"/>
</kw>
<kw name="Fill The Add Definition Form2" owner="WhyCanYouResources">
<kw name="Choose File" owner="SeleniumLibrary">
<msg time="2025-06-30T22:34:15.472148" level="INFO">Sending D:\smart\Smartcliff_RobotFramework_Project\Resources\colorIcon.png to browser.</msg>
<arg>xpath=(//input[@type='file'])[3]</arg>
<arg>${icon}</arg>
<doc>Inputs the ``file_path`` into the file input field ``locator``.</doc>
<status status="PASS" start="2025-06-30T22:34:15.471597" elapsed="0.110750"/>
</kw>
<kw name="Input Text" owner="SeleniumLibrary">
<msg time="2025-06-30T22:34:15.583843" level="INFO">Typing text 'this is description of selenium lib' into text field 'xpath=(//div[@class='MuiInputBase-root MuiOutlinedInput-root MuiInputBase-colorPrimary MuiInputBase-fullWidth MuiInputBase-formControl css-1bp1ao6']/input)[3]'.</msg>
<arg>${tit2}</arg>
<arg>this is description of selenium lib</arg>
<doc>Types the given ``text`` into the text field identified by ``locator``.</doc>
<status status="PASS" start="2025-06-30T22:34:15.583001" elapsed="1.183668"/>
</kw>
<kw name="Input Text" owner="SeleniumLibrary">
<msg time="2025-06-30T22:34:16.767517" level="INFO">Typing text 'complete Robot Framework test file using the SeleniumLibrary' into text field 'xpath=(//div/textarea)[5]'.</msg>
<arg>${textbox2}</arg>
<arg>complete Robot Framework test file using the SeleniumLibrary</arg>
<doc>Types the given ``text`` into the text field identified by ``locator``.</doc>
<status status="PASS" start="2025-06-30T22:34:16.767058" elapsed="1.686527"/>
</kw>
<kw name="Sleep" owner="BuiltIn">
<msg time="2025-06-30T22:34:23.454819" level="INFO">Slept 5 seconds.</msg>
<arg>5s</arg>
<doc>Pauses the test executed for the given time.</doc>
<status status="PASS" start="2025-06-30T22:34:18.453869" elapsed="5.001177"/>
</kw>
<status status="PASS" start="2025-06-30T22:34:15.470859" elapsed="7.984371"/>
</kw>
<kw name="Click On Create" owner="WhyCanYouResources">
<kw name="Click Button" owner="SeleniumLibrary">
<msg time="2025-06-30T22:34:23.456377" level="INFO">Clicking button 'xpath=//div[@class='MuiBox-root css-1vfa8p7']/button'.</msg>
<arg>${create}</arg>
<doc>Clicks the button identified by ``locator``.</doc>
<status status="PASS" start="2025-06-30T22:34:23.456068" elapsed="0.164555"/>
</kw>
<kw name="Sleep" owner="BuiltIn">
<msg time="2025-06-30T22:34:25.621882" level="INFO">Slept 2 seconds.</msg>
<arg>2s</arg>
<doc>Pauses the test executed for the given time.</doc>
<status status="PASS" start="2025-06-30T22:34:23.621000" elapsed="2.001137"/>
</kw>
<status status="PASS" start="2025-06-30T22:34:23.455565" elapsed="2.166755"/>
</kw>
<status status="PASS" start="2025-06-30T22:33:39.640894" elapsed="45.981525"/>
</kw>
<kw name="Close The Browser Session" owner="GenericResources" type="TEARDOWN">
<kw name="Close Browser" owner="SeleniumLibrary">
<doc>Closes the current browser.</doc>
<status status="PASS" start="2025-06-30T22:34:25.623652" elapsed="2.443442"/>
</kw>
<status status="PASS" start="2025-06-30T22:34:25.623189" elapsed="2.444158"/>
</kw>
<doc>Adds multiple definitions under a single hire and verifies the count increase.</doc>
<tag>inc</tag>
<tag>smoke</tag>
<status status="PASS" start="2025-06-30T22:33:39.637908" elapsed="48.429804"/>
</test>
<doc>This test suite covers end-to-end validation of the 'Why Can You' feature, including login, navigation, form handling, editing, deletion, and definition management in the SmartCliff admin panel.</doc>
<status status="PASS" start="2025-06-30T22:33:38.997811" elapsed="49.071537"/>
</suite>
<statistics>
<total>
<stat pass="1" fail="0" skip="0">All Tests</stat>
</total>
<tag>
<stat pass="1" fail="0" skip="0">inc</stat>
<stat pass="1" fail="0" skip="0">smoke</stat>
</tag>
<suite>
<stat name="Jeevika WhyCanYouTest" id="s1" pass="1" fail="0" skip="0">Jeevika WhyCanYouTest</stat>
</suite>
</statistics>
<errors>
<msg time="2025-06-30T22:33:39.633857" level="ERROR">[ DataDriver ] Error in robot file:
  File "D:\smart\Smartcliff_RobotFramework_Project\Testcases\Jeevika_WhyCanYouTest.robot", line 0</msg>
<msg time="2025-06-30T22:33:39.634201" level="ERROR">In source file:
  File "D:\smart\Smartcliff_RobotFramework_Project\Testcases\..\Utility\wcyFilter.csv", line 0</msg>
<msg time="2025-06-30T22:33:39.637252" level="ERROR">Calling method '_start_suite' of listener 'DataDriver' failed: AttributeError: No "Test Template" keyword found for first test case.</msg>
</errors>
</robot>
