<?xml version="1.0" encoding="UTF-8"?>
<robot generator="Robot 7.2.2 (Python 3.13.3 on win32)" generated="2025-05-29T14:49:05.905073" rpa="false" schemaversion="5">
<suite id="s1" name="Howitwork Datadriven" source="C:\lasttry\Smartcliff_RobotFramework_Project\Testcases\howitwork_datadriven.robot">
<test id="s1-t1" name="Add New How It Work Entry with Invalid Data" line="13">
<kw name="Add New How It Work with Invalid Data">
<kw name="Run Keyword If" owner="BuiltIn">
<kw name="Set Variable" owner="BuiltIn">
<arg>${EMPTY}</arg>
<doc>Returns the given values which can then be assigned to a variables.</doc>
<status status="PASS" start="2025-05-29T14:49:06.199017" elapsed="0.000369"/>
</kw>
<msg time="2025-05-29T14:49:06.199504" level="INFO">${Heading} = </msg>
<var>${Heading}</var>
<arg>'${Heading}' == 'NA'</arg>
<arg>Set Variable</arg>
<arg>${EMPTY}</arg>
<arg>ELSE</arg>
<arg>Set Variable</arg>
<arg>${Heading}</arg>
<doc>Runs the given keyword with the given arguments, if ``condition`` is true.</doc>
<status status="PASS" start="2025-05-29T14:49:06.198792" elapsed="0.000738"/>
</kw>
<kw name="Run Keyword If" owner="BuiltIn">
<kw name="Set Variable" owner="BuiltIn">
<arg>${Description_name}</arg>
<doc>Returns the given values which can then be assigned to a variables.</doc>
<status status="PASS" start="2025-05-29T14:49:06.199796" elapsed="0.000086"/>
</kw>
<msg time="2025-05-29T14:49:06.199943" level="INFO">${Description_name} = This is a description</msg>
<var>${Description_name}</var>
<arg>'${Description_name}' == 'NA'</arg>
<arg>Set Variable</arg>
<arg>${EMPTY}</arg>
<arg>ELSE</arg>
<arg>Set Variable</arg>
<arg>${Description_name}</arg>
<doc>Runs the given keyword with the given arguments, if ``condition`` is true.</doc>
<status status="PASS" start="2025-05-29T14:49:06.199635" elapsed="0.000328"/>
</kw>
<kw name="Log" owner="BuiltIn">
<msg time="2025-05-29T14:49:06.200135" level="INFO">Heading: </msg>
<arg>Heading: ${Heading}</arg>
<doc>Logs the given message with the given level.</doc>
<status status="PASS" start="2025-05-29T14:49:06.200043" elapsed="0.000123"/>
</kw>
<kw name="Log" owner="BuiltIn">
<msg time="2025-05-29T14:49:06.200366" level="INFO">Description: This is a description</msg>
<arg>Description: ${Description_name}</arg>
<doc>Logs the given message with the given level.</doc>
<status status="PASS" start="2025-05-29T14:49:06.200268" elapsed="0.000130"/>
</kw>
<kw name="Open the browser with url" owner="GenericResources">
<kw name="Evaluate" owner="BuiltIn">
<msg time="2025-05-29T14:49:06.201185" level="INFO">${options} = &lt;selenium.webdriver.chrome.options.Options object at 0x000001EFE43AF8C0&gt;</msg>
<var>${options}</var>
<arg>sys.modules['selenium.webdriver'].ChromeOptions()</arg>
<arg>sys, selenium.webdriver</arg>
<doc>Evaluates the given expression in Python and returns the result.</doc>
<status status="PASS" start="2025-05-29T14:49:06.200947" elapsed="0.000264"/>
</kw>
<kw name="Call Method" owner="BuiltIn">
<arg>${options}</arg>
<arg>add_argument</arg>
<arg>--incognito</arg>
<doc>Calls the named method of the given object with the provided arguments.</doc>
<status status="PASS" start="2025-05-29T14:49:06.201332" elapsed="0.000093"/>
</kw>
<kw name="Call Method" owner="BuiltIn">
<arg>${options}</arg>
<arg>add_argument</arg>
<arg>--disable-extensions</arg>
<doc>Calls the named method of the given object with the provided arguments.</doc>
<status status="PASS" start="2025-05-29T14:49:06.201498" elapsed="0.000078"/>
</kw>
<kw name="Call Method" owner="BuiltIn">
<arg>${options}</arg>
<arg>add_argument</arg>
<arg>--disable-notifications</arg>
<doc>Calls the named method of the given object with the provided arguments.</doc>
<status status="PASS" start="2025-05-29T14:49:06.201642" elapsed="0.000072"/>
</kw>
<kw name="Call Method" owner="BuiltIn">
<arg>${options}</arg>
<arg>add_argument</arg>
<arg>--disable-popup-blocking</arg>
<doc>Calls the named method of the given object with the provided arguments.</doc>
<status status="PASS" start="2025-05-29T14:49:06.201778" elapsed="0.000071"/>
</kw>
<kw name="Call Method" owner="BuiltIn">
<arg>${options}</arg>
<arg>add_argument</arg>
<arg>--start-maximized</arg>
<doc>Calls the named method of the given object with the provided arguments.</doc>
<status status="PASS" start="2025-05-29T14:49:06.201911" elapsed="0.000072"/>
</kw>
<kw name="Evaluate" owner="BuiltIn">
<msg time="2025-05-29T14:49:06.202157" level="INFO">${prefs} = {'credentials_enable_service': False, 'profile.password_manager_enabled': False}</msg>
<var>${prefs}</var>
<arg>{"credentials_enable_service": False, "profile.password_manager_enabled": False}</arg>
<doc>Evaluates the given expression in Python and returns the result.</doc>
<status status="PASS" start="2025-05-29T14:49:06.202050" elapsed="0.000127"/>
</kw>
<kw name="Call Method" owner="BuiltIn">
<arg>${options}</arg>
<arg>add_experimental_option</arg>
<arg>prefs</arg>
<arg>${prefs}</arg>
<doc>Calls the named method of the given object with the provided arguments.</doc>
<status status="PASS" start="2025-05-29T14:49:06.202240" elapsed="0.000090"/>
</kw>
<kw name="Open Browser" owner="SeleniumLibrary">
<msg time="2025-05-29T14:49:06.202587" level="INFO">Opening browser 'chrome' to base url 'https://smart-cliff-admin.vercel.app/'.</msg>
<arg>${url}</arg>
<arg>${browser}</arg>
<arg>options=${options}</arg>
<doc>Opens a new browser instance to the optional ``url``.</doc>
<status status="PASS" start="2025-05-29T14:49:06.202416" elapsed="3.011730"/>
</kw>
<kw name="Maximize Browser Window" owner="SeleniumLibrary">
<doc>Maximizes current browser window.</doc>
<status status="PASS" start="2025-05-29T14:49:09.214479" elapsed="0.004029"/>
</kw>
<kw name="Set Selenium Implicit Wait" owner="SeleniumLibrary">
<arg>5</arg>
<doc>Sets the implicit wait value used by Selenium.</doc>
<status status="PASS" start="2025-05-29T14:49:09.218699" elapsed="0.001156"/>
</kw>
<status status="PASS" start="2025-05-29T14:49:06.200649" elapsed="3.019299"/>
</kw>
<kw name="fill the login form" owner="LoginResources">
<kw name="Input Text" owner="SeleniumLibrary">
<msg time="2025-05-29T14:49:09.220656" level="INFO">Typing text 'smart@gmail.com' into text field 'xpath=//div[@class='MuiInputBase-root MuiOutlinedInput-root MuiInputBase-colorPrimary MuiInputBase-fullWidth MuiInputBase-formControl css-1bp1ao6']/descendant::input[@name='email']'.</msg>
<arg>${user}</arg>
<arg>${Username}</arg>
<doc>Types the given ``text`` into the text field identified by ``locator``.</doc>
<status status="PASS" start="2025-05-29T14:49:09.220381" elapsed="0.179172"/>
</kw>
<kw name="Input Password" owner="SeleniumLibrary">
<msg time="2025-05-29T14:49:09.400009" level="INFO">Typing password into text field 'xpath=//div[@class='MuiInputBase-root MuiOutlinedInput-root MuiInputBase-colorPrimary MuiInputBase-fullWidth MuiInputBase-formControl css-1bp1ao6']/descendant::input[@name='password']'.</msg>
<msg time="2025-05-29T14:49:09.500318" level="INFO">Temporally setting log level to: NONE</msg>
<arg>${pass}</arg>
<arg>${Password}</arg>
<doc>Types the given password into the text field identified by ``locator``.</doc>
<status status="PASS" start="2025-05-29T14:49:09.399748" elapsed="0.164684"/>
</kw>
<kw name="Click Button" owner="SeleniumLibrary">
<msg time="2025-05-29T14:49:09.564897" level="INFO">Clicking button 'xpath=//button[@id='signin-submit']'.</msg>
<arg>${login}</arg>
<doc>Clicks the button identified by ``locator``.</doc>
<status status="PASS" start="2025-05-29T14:49:09.564673" elapsed="0.125585"/>
</kw>
<kw name="Sleep" owner="BuiltIn">
<msg time="2025-05-29T14:49:14.691337" level="INFO">Slept 5 seconds.</msg>
<arg>5</arg>
<doc>Pauses the test executed for the given time.</doc>
<status status="PASS" start="2025-05-29T14:49:09.690498" elapsed="5.001038"/>
</kw>
<arg>${Username}</arg>
<arg>${Password}</arg>
<status status="PASS" start="2025-05-29T14:49:09.220113" elapsed="5.471579"/>
</kw>
<kw name="User visit the How It Work page By clicking icon" owner="HowItWorkResources">
<kw name="Click Element" owner="SeleniumLibrary">
<msg time="2025-05-29T14:49:14.692655" level="INFO">Clicking element 'xpath = //*[@class="MuiList-root MuiList-padding css-1ontqvh"]//child::li[6]'.</msg>
<arg>${Bussiness}</arg>
<doc>Click the element identified by ``locator``.</doc>
<status status="PASS" start="2025-05-29T14:49:14.692470" elapsed="0.053179"/>
</kw>
<kw name="Click Element" owner="SeleniumLibrary">
<msg time="2025-05-29T14:49:14.746055" level="INFO">Clicking element 'xpath = //*[@class="MuiList-root MuiList-padding css-1ontqvh"]//child::li[6]//div[3]'.</msg>
<arg>${HowItWork}</arg>
<doc>Click the element identified by ``locator``.</doc>
<status status="PASS" start="2025-05-29T14:49:14.745862" elapsed="0.238426"/>
</kw>
<kw name="Element Should Be Visible" owner="SeleniumLibrary">
<msg time="2025-05-29T14:49:15.385590" level="INFO">Element 'xpath = //*[@class="MuiTypography-root MuiTypography-h4 css-1oijgnj"]' is displayed.</msg>
<arg>${HowItWorkPage}</arg>
<doc>Verifies that the element identified by ``locator`` is visible.</doc>
<status status="PASS" start="2025-05-29T14:49:14.984522" elapsed="0.401168"/>
</kw>
<status status="PASS" start="2025-05-29T14:49:14.691936" elapsed="0.693838"/>
</kw>
<kw name="Run Keyword If" owner="BuiltIn">
<kw name="Log" owner="BuiltIn">
<msg time="2025-05-29T14:49:15.386233" level="INFO">Warning: Heading is empty</msg>
<arg>Warning: Heading is empty</arg>
<doc>Logs the given message with the given level.</doc>
<status status="PASS" start="2025-05-29T14:49:15.386153" elapsed="0.000122"/>
</kw>
<arg>'${Heading}' == ''</arg>
<arg>Log</arg>
<arg>Warning: Heading is empty</arg>
<doc>Runs the given keyword with the given arguments, if ``condition`` is true.</doc>
<status status="PASS" start="2025-05-29T14:49:15.385903" elapsed="0.000418"/>
</kw>
<kw name="Run Keyword If" owner="BuiltIn">
<arg>'${Description_name}' == ''</arg>
<arg>Log</arg>
<arg>Warning: Description is empty</arg>
<doc>Runs the given keyword with the given arguments, if ``condition`` is true.</doc>
<status status="PASS" start="2025-05-29T14:49:15.386401" elapsed="0.000114"/>
</kw>
<kw name="Add New How It Work with Invalid Data" owner="HowItWorkResources">
<kw name="Get Element Count" owner="SeleniumLibrary">
<msg time="2025-05-29T14:49:15.395283" level="INFO">${row_count} = 7</msg>
<var>${row_count}</var>
<arg>${count}</arg>
<doc>Returns the number of elements matching ``locator``.</doc>
<status status="PASS" start="2025-05-29T14:49:15.386912" elapsed="0.008424"/>
</kw>
<kw name="Get Location" owner="SeleniumLibrary">
<msg time="2025-05-29T14:49:15.398634" level="INFO">${initial_url} = https://smart-cliff-admin.vercel.app/business/how-it-works-control</msg>
<var>${initial_url}</var>
<doc>Returns the current browser window URL.</doc>
<status status="PASS" start="2025-05-29T14:49:15.395550" elapsed="0.003120"/>
</kw>
<kw name="Click Element" owner="SeleniumLibrary">
<msg time="2025-05-29T14:49:15.398947" level="INFO">Clicking element 'xpath = //*[@class="MuiGrid-root MuiGrid-item MuiGrid-grid-xs-12 MuiGrid-grid-md-6 css-1gt1d87"]//child::button'.</msg>
<arg>${AddNer}</arg>
<doc>Click the element identified by ``locator``.</doc>
<status status="PASS" start="2025-05-29T14:49:15.398791" elapsed="0.098260"/>
</kw>
<kw name="Input Text" owner="SeleniumLibrary">
<msg time="2025-05-29T14:49:15.497457" level="INFO">Typing text '' into text field 'xpath = //*[@class="MuiInputBase-root MuiOutlinedInput-root MuiInputBase-colorPrimary MuiInputBase-fullWidth MuiInputBase-formControl css-1bp1ao6"]//input'.</msg>
<arg>${Title-path}</arg>
<arg>${Heading}</arg>
<doc>Types the given ``text`` into the text field identified by ``locator``.</doc>
<status status="PASS" start="2025-05-29T14:49:15.497235" elapsed="0.059620"/>
</kw>
<kw name="Input Text" owner="SeleniumLibrary">
<msg time="2025-05-29T14:49:15.557722" level="INFO">Typing text 'This is a description' into text field 'xpath = //*[@class="MuiInputBase-root MuiOutlinedInput-root MuiInputBase-colorPrimary MuiInputBase-fullWidth MuiInputBase-formControl MuiInputBase-multiline css-15kq27i"]//textarea'.</msg>
<arg>${Description}</arg>
<arg>${Description_name}</arg>
<doc>Types the given ``text`` into the text field identified by ``locator``.</doc>
<status status="PASS" start="2025-05-29T14:49:15.557281" elapsed="0.301579"/>
</kw>
<kw name="Click Element" owner="SeleniumLibrary">
<msg time="2025-05-29T14:49:15.859237" level="INFO">Clicking element 'xpath =//*[@class="MuiInputBase-root MuiOutlinedInput-root MuiInputBase-colorPrimary MuiInputBase-formControl css-fvipm8"]'.</msg>
<arg>${TYPE}</arg>
<doc>Click the element identified by ``locator``.</doc>
<status status="PASS" start="2025-05-29T14:49:15.859050" elapsed="0.053677"/>
</kw>
<kw name="Click Element" owner="SeleniumLibrary">
<msg time="2025-05-29T14:49:15.913113" level="INFO">Clicking element 'xpath = (//*[@class="MuiButtonBase-root MuiMenuItem-root MuiMenuItem-gutters MuiMenuItem-root MuiMenuItem-gutters css-1km1ehz"])[2]'.</msg>
<arg>${Train_From_Us}</arg>
<doc>Click the element identified by ``locator``.</doc>
<status status="PASS" start="2025-05-29T14:49:15.912916" elapsed="0.139608"/>
</kw>
<kw name="Sleep" owner="BuiltIn">
<msg time="2025-05-29T14:49:18.054286" level="INFO">Slept 2 seconds.</msg>
<arg>2</arg>
<doc>Pauses the test executed for the given time.</doc>
<status status="PASS" start="2025-05-29T14:49:16.053182" elapsed="2.001285"/>
</kw>
<kw name="Click Element" owner="SeleniumLibrary">
<msg time="2025-05-29T14:49:18.055057" level="INFO">Clicking element 'xpath://*[@class="MuiDropzoneArea-root"]'.</msg>
<arg>${DROPZONE_AREA}</arg>
<doc>Click the element identified by ``locator``.</doc>
<status status="PASS" start="2025-05-29T14:49:18.054723" elapsed="0.048536"/>
</kw>
<kw name="Sleep" owner="BuiltIn">
<msg time="2025-05-29T14:49:19.104373" level="INFO">Slept 1 second.</msg>
<arg>1</arg>
<doc>Pauses the test executed for the given time.</doc>
<status status="PASS" start="2025-05-29T14:49:18.103577" elapsed="1.000920"/>
</kw>
<kw name="Set Variable" owner="BuiltIn">
<msg time="2025-05-29T14:49:19.104823" level="INFO">${file_input} = css:input[type="file"][accept="image/*"]</msg>
<var>${file_input}</var>
<arg>css:input[type="file"][accept="image/*"]</arg>
<doc>Returns the given values which can then be assigned to a variables.</doc>
<status status="PASS" start="2025-05-29T14:49:19.104661" elapsed="0.000185"/>
</kw>
<kw name="Choose File" owner="SeleniumLibrary">
<msg time="2025-05-29T14:49:19.105096" level="INFO">Sending C:\lasttry\Smartcliff_RobotFramework_Project\Resources\samplepic.jpg to browser.</msg>
<arg>${file_input}</arg>
<arg>${IMAGE_PATH}</arg>
<doc>Inputs the ``file_path`` into the file input field ``locator``.</doc>
<status status="PASS" start="2025-05-29T14:49:19.104936" elapsed="0.021946"/>
</kw>
<kw name="Sleep" owner="BuiltIn">
<msg time="2025-05-29T14:49:21.127607" level="INFO">Slept 2 seconds.</msg>
<arg>2</arg>
<doc>Pauses the test executed for the given time.</doc>
<status status="PASS" start="2025-05-29T14:49:19.127059" elapsed="2.000653"/>
</kw>
<kw name="Click Element" owner="SeleniumLibrary">
<msg time="2025-05-29T14:49:21.128055" level="INFO">Clicking element 'xpath = //*[@class="MuiButtonBase-root MuiButton-root MuiButton-contained MuiButton-containedPrimary MuiButton-sizeMedium MuiButton-containedSizeMedium MuiButton-fullWidth MuiButton-root MuiButton-contained MuiButton-containedPrimary MuiButton-sizeMedium MuiButton-containedSizeMedium MuiButton-fullWidth css-1qelgoy"]'.</msg>
<arg>${submit}</arg>
<doc>Click the element identified by ``locator``.</doc>
<status status="PASS" start="2025-05-29T14:49:21.127869" elapsed="0.052292"/>
</kw>
<kw name="Sleep" owner="BuiltIn">
<msg time="2025-05-29T14:49:26.181224" level="INFO">Slept 5 seconds.</msg>
<arg>5</arg>
<doc>Pauses the test executed for the given time.</doc>
<status status="PASS" start="2025-05-29T14:49:21.180346" elapsed="5.001291"/>
</kw>
<kw name="Get Location" owner="SeleniumLibrary">
<msg time="2025-05-29T14:49:26.187107" level="INFO">${current_url} = https://smart-cliff-admin.vercel.app/business/how-it-works-add</msg>
<var>${current_url}</var>
<doc>Returns the current browser window URL.</doc>
<status status="PASS" start="2025-05-29T14:49:26.182174" elapsed="0.005498"/>
</kw>
<kw name="Should Not Be Equal" owner="BuiltIn">
<arg>${initial_url}</arg>
<arg>${current_url}</arg>
<doc>Fails if the given objects are equal.</doc>
<status status="PASS" start="2025-05-29T14:49:26.188186" elapsed="0.000626"/>
</kw>
<arg>${Heading}</arg>
<arg>${Description_name}</arg>
<status status="PASS" start="2025-05-29T14:49:15.386681" elapsed="10.802254"/>
</kw>
<kw name="close the browser session" owner="GenericResources">
<kw name="Close Browser" owner="SeleniumLibrary">
<doc>Closes the current browser.</doc>
<status status="PASS" start="2025-05-29T14:49:26.189587" elapsed="2.288928"/>
</kw>
<status status="PASS" start="2025-05-29T14:49:26.189245" elapsed="2.289407"/>
</kw>
<arg>Heading=NA</arg>
<arg>Description_name=This is a description</arg>
<status status="PASS" start="2025-05-29T14:49:06.198193" elapsed="22.280508"/>
</kw>
<tag>datadriven</tag>
<tag>smoke</tag>
<status status="PASS" start="2025-05-29T14:49:06.197118" elapsed="22.281853"/>
</test>
<test id="s1-t2" name="Add New How It Work Entry with Invalid Data" line="13">
<kw name="Add New How It Work with Invalid Data">
<kw name="Run Keyword If" owner="BuiltIn">
<kw name="Set Variable" owner="BuiltIn">
<arg>${Heading}</arg>
<doc>Returns the given values which can then be assigned to a variables.</doc>
<status status="PASS" start="2025-05-29T14:49:28.481315" elapsed="0.000093"/>
</kw>
<msg time="2025-05-29T14:49:28.481469" level="INFO">${Heading} = Good this is a title</msg>
<var>${Heading}</var>
<arg>'${Heading}' == 'NA'</arg>
<arg>Set Variable</arg>
<arg>${EMPTY}</arg>
<arg>ELSE</arg>
<arg>Set Variable</arg>
<arg>${Heading}</arg>
<doc>Runs the given keyword with the given arguments, if ``condition`` is true.</doc>
<status status="PASS" start="2025-05-29T14:49:28.481139" elapsed="0.000350"/>
</kw>
<kw name="Run Keyword If" owner="BuiltIn">
<kw name="Set Variable" owner="BuiltIn">
<arg>${EMPTY}</arg>
<doc>Returns the given values which can then be assigned to a variables.</doc>
<status status="PASS" start="2025-05-29T14:49:28.481688" elapsed="0.000321"/>
</kw>
<msg time="2025-05-29T14:49:28.482068" level="INFO">${Description_name} = </msg>
<var>${Description_name}</var>
<arg>'${Description_name}' == 'NA'</arg>
<arg>Set Variable</arg>
<arg>${EMPTY}</arg>
<arg>ELSE</arg>
<arg>Set Variable</arg>
<arg>${Description_name}</arg>
<doc>Runs the given keyword with the given arguments, if ``condition`` is true.</doc>
<status status="PASS" start="2025-05-29T14:49:28.481564" elapsed="0.000522"/>
</kw>
<kw name="Log" owner="BuiltIn">
<msg time="2025-05-29T14:49:28.482263" level="INFO">Heading: Good this is a title</msg>
<arg>Heading: ${Heading}</arg>
<doc>Logs the given message with the given level.</doc>
<status status="PASS" start="2025-05-29T14:49:28.482177" elapsed="0.000115"/>
</kw>
<kw name="Log" owner="BuiltIn">
<msg time="2025-05-29T14:49:28.482427" level="INFO">Description: </msg>
<arg>Description: ${Description_name}</arg>
<doc>Logs the given message with the given level.</doc>
<status status="PASS" start="2025-05-29T14:49:28.482353" elapsed="0.000100"/>
</kw>
<kw name="Open the browser with url" owner="GenericResources">
<kw name="Evaluate" owner="BuiltIn">
<msg time="2025-05-29T14:49:28.482872" level="INFO">${options} = &lt;selenium.webdriver.chrome.options.Options object at 0x000001EFE4479A90&gt;</msg>
<var>${options}</var>
<arg>sys.modules['selenium.webdriver'].ChromeOptions()</arg>
<arg>sys, selenium.webdriver</arg>
<doc>Evaluates the given expression in Python and returns the result.</doc>
<status status="PASS" start="2025-05-29T14:49:28.482706" elapsed="0.000186"/>
</kw>
<kw name="Call Method" owner="BuiltIn">
<arg>${options}</arg>
<arg>add_argument</arg>
<arg>--incognito</arg>
<doc>Calls the named method of the given object with the provided arguments.</doc>
<status status="PASS" start="2025-05-29T14:49:28.482963" elapsed="0.000081"/>
</kw>
<kw name="Call Method" owner="BuiltIn">
<arg>${options}</arg>
<arg>add_argument</arg>
<arg>--disable-extensions</arg>
<doc>Calls the named method of the given object with the provided arguments.</doc>
<status status="PASS" start="2025-05-29T14:49:28.483105" elapsed="0.000069"/>
</kw>
<kw name="Call Method" owner="BuiltIn">
<arg>${options}</arg>
<arg>add_argument</arg>
<arg>--disable-notifications</arg>
<doc>Calls the named method of the given object with the provided arguments.</doc>
<status status="PASS" start="2025-05-29T14:49:28.483238" elapsed="0.000074"/>
</kw>
<kw name="Call Method" owner="BuiltIn">
<arg>${options}</arg>
<arg>add_argument</arg>
<arg>--disable-popup-blocking</arg>
<doc>Calls the named method of the given object with the provided arguments.</doc>
<status status="PASS" start="2025-05-29T14:49:28.483370" elapsed="0.000068"/>
</kw>
<kw name="Call Method" owner="BuiltIn">
<arg>${options}</arg>
<arg>add_argument</arg>
<arg>--start-maximized</arg>
<doc>Calls the named method of the given object with the provided arguments.</doc>
<status status="PASS" start="2025-05-29T14:49:28.483497" elapsed="0.000065"/>
</kw>
<kw name="Evaluate" owner="BuiltIn">
<msg time="2025-05-29T14:49:28.483724" level="INFO">${prefs} = {'credentials_enable_service': False, 'profile.password_manager_enabled': False}</msg>
<var>${prefs}</var>
<arg>{"credentials_enable_service": False, "profile.password_manager_enabled": False}</arg>
<doc>Evaluates the given expression in Python and returns the result.</doc>
<status status="PASS" start="2025-05-29T14:49:28.483622" elapsed="0.000120"/>
</kw>
<kw name="Call Method" owner="BuiltIn">
<arg>${options}</arg>
<arg>add_experimental_option</arg>
<arg>prefs</arg>
<arg>${prefs}</arg>
<doc>Calls the named method of the given object with the provided arguments.</doc>
<status status="PASS" start="2025-05-29T14:49:28.483803" elapsed="0.000082"/>
</kw>
<kw name="Open Browser" owner="SeleniumLibrary">
<msg time="2025-05-29T14:49:28.484122" level="INFO">Opening browser 'chrome' to base url 'https://smart-cliff-admin.vercel.app/'.</msg>
<arg>${url}</arg>
<arg>${browser}</arg>
<arg>options=${options}</arg>
<doc>Opens a new browser instance to the optional ``url``.</doc>
<status status="PASS" start="2025-05-29T14:49:28.483969" elapsed="2.939497"/>
</kw>
<kw name="Maximize Browser Window" owner="SeleniumLibrary">
<doc>Maximizes current browser window.</doc>
<status status="PASS" start="2025-05-29T14:49:31.423781" elapsed="0.003090"/>
</kw>
<kw name="Set Selenium Implicit Wait" owner="SeleniumLibrary">
<arg>5</arg>
<doc>Sets the implicit wait value used by Selenium.</doc>
<status status="PASS" start="2025-05-29T14:49:31.427031" elapsed="0.000942"/>
</kw>
<status status="PASS" start="2025-05-29T14:49:28.482570" elapsed="2.945483"/>
</kw>
<kw name="fill the login form" owner="LoginResources">
<kw name="Input Text" owner="SeleniumLibrary">
<msg time="2025-05-29T14:49:31.428590" level="INFO">Typing text 'smart@gmail.com' into text field 'xpath=//div[@class='MuiInputBase-root MuiOutlinedInput-root MuiInputBase-colorPrimary MuiInputBase-fullWidth MuiInputBase-formControl css-1bp1ao6']/descendant::input[@name='email']'.</msg>
<arg>${user}</arg>
<arg>${Username}</arg>
<doc>Types the given ``text`` into the text field identified by ``locator``.</doc>
<status status="PASS" start="2025-05-29T14:49:31.428441" elapsed="0.186219"/>
</kw>
<kw name="Input Password" owner="SeleniumLibrary">
<msg time="2025-05-29T14:49:31.615136" level="INFO">Typing password into text field 'xpath=//div[@class='MuiInputBase-root MuiOutlinedInput-root MuiInputBase-colorPrimary MuiInputBase-fullWidth MuiInputBase-formControl css-1bp1ao6']/descendant::input[@name='password']'.</msg>
<msg time="2025-05-29T14:49:31.713463" level="INFO">Temporally setting log level to: NONE</msg>
<arg>${pass}</arg>
<arg>${Password}</arg>
<doc>Types the given password into the text field identified by ``locator``.</doc>
<status status="PASS" start="2025-05-29T14:49:31.614892" elapsed="0.172771"/>
</kw>
<kw name="Click Button" owner="SeleniumLibrary">
<msg time="2025-05-29T14:49:31.788598" level="INFO">Clicking button 'xpath=//button[@id='signin-submit']'.</msg>
<arg>${login}</arg>
<doc>Clicks the button identified by ``locator``.</doc>
<status status="PASS" start="2025-05-29T14:49:31.788117" elapsed="0.138167"/>
</kw>
<kw name="Sleep" owner="BuiltIn">
<msg time="2025-05-29T14:49:36.927605" level="INFO">Slept 5 seconds.</msg>
<arg>5</arg>
<doc>Pauses the test executed for the given time.</doc>
<status status="PASS" start="2025-05-29T14:49:31.926671" elapsed="5.001139"/>
</kw>
<arg>${Username}</arg>
<arg>${Password}</arg>
<status status="PASS" start="2025-05-29T14:49:31.428195" elapsed="5.499766"/>
</kw>
<kw name="User visit the How It Work page By clicking icon" owner="HowItWorkResources">
<kw name="Click Element" owner="SeleniumLibrary">
<msg time="2025-05-29T14:49:36.928709" level="INFO">Clicking element 'xpath = //*[@class="MuiList-root MuiList-padding css-1ontqvh"]//child::li[6]'.</msg>
<arg>${Bussiness}</arg>
<doc>Click the element identified by ``locator``.</doc>
<status status="PASS" start="2025-05-29T14:49:36.928522" elapsed="0.059438"/>
</kw>
<kw name="Click Element" owner="SeleniumLibrary">
<msg time="2025-05-29T14:49:36.988564" level="INFO">Clicking element 'xpath = //*[@class="MuiList-root MuiList-padding css-1ontqvh"]//child::li[6]//div[3]'.</msg>
<arg>${HowItWork}</arg>
<doc>Click the element identified by ``locator``.</doc>
<status status="PASS" start="2025-05-29T14:49:36.988329" elapsed="0.235106"/>
</kw>
<kw name="Element Should Be Visible" owner="SeleniumLibrary">
<msg time="2025-05-29T14:49:37.625108" level="INFO">Element 'xpath = //*[@class="MuiTypography-root MuiTypography-h4 css-1oijgnj"]' is displayed.</msg>
<arg>${HowItWorkPage}</arg>
<doc>Verifies that the element identified by ``locator`` is visible.</doc>
<status status="PASS" start="2025-05-29T14:49:37.223900" elapsed="0.401312"/>
</kw>
<status status="PASS" start="2025-05-29T14:49:36.928220" elapsed="0.697080"/>
</kw>
<kw name="Run Keyword If" owner="BuiltIn">
<arg>'${Heading}' == ''</arg>
<arg>Log</arg>
<arg>Warning: Heading is empty</arg>
<doc>Runs the given keyword with the given arguments, if ``condition`` is true.</doc>
<status status="PASS" start="2025-05-29T14:49:37.625430" elapsed="0.000196"/>
</kw>
<kw name="Run Keyword If" owner="BuiltIn">
<kw name="Log" owner="BuiltIn">
<msg time="2025-05-29T14:49:37.625972" level="INFO">Warning: Description is empty</msg>
<arg>Warning: Description is empty</arg>
<doc>Logs the given message with the given level.</doc>
<status status="PASS" start="2025-05-29T14:49:37.625885" elapsed="0.000123"/>
</kw>
<arg>'${Description_name}' == ''</arg>
<arg>Log</arg>
<arg>Warning: Description is empty</arg>
<doc>Runs the given keyword with the given arguments, if ``condition`` is true.</doc>
<status status="PASS" start="2025-05-29T14:49:37.625728" elapsed="0.000323"/>
</kw>
<kw name="Add New How It Work with Invalid Data" owner="HowItWorkResources">
<kw name="Get Element Count" owner="SeleniumLibrary">
<msg time="2025-05-29T14:49:37.636690" level="INFO">${row_count} = 7</msg>
<var>${row_count}</var>
<arg>${count}</arg>
<doc>Returns the number of elements matching ``locator``.</doc>
<status status="PASS" start="2025-05-29T14:49:37.626437" elapsed="0.010317"/>
</kw>
<kw name="Get Location" owner="SeleniumLibrary">
<msg time="2025-05-29T14:49:37.644527" level="INFO">${initial_url} = https://smart-cliff-admin.vercel.app/business/how-it-works-control</msg>
<var>${initial_url}</var>
<doc>Returns the current browser window URL.</doc>
<status status="PASS" start="2025-05-29T14:49:37.636970" elapsed="0.007599"/>
</kw>
<kw name="Click Element" owner="SeleniumLibrary">
<msg time="2025-05-29T14:49:37.645128" level="INFO">Clicking element 'xpath = //*[@class="MuiGrid-root MuiGrid-item MuiGrid-grid-xs-12 MuiGrid-grid-md-6 css-1gt1d87"]//child::button'.</msg>
<arg>${AddNer}</arg>
<doc>Click the element identified by ``locator``.</doc>
<status status="PASS" start="2025-05-29T14:49:37.644797" elapsed="0.103414"/>
</kw>
<kw name="Input Text" owner="SeleniumLibrary">
<msg time="2025-05-29T14:49:37.748629" level="INFO">Typing text 'Good this is a title' into text field 'xpath = //*[@class="MuiInputBase-root MuiOutlinedInput-root MuiInputBase-colorPrimary MuiInputBase-fullWidth MuiInputBase-formControl css-1bp1ao6"]//input'.</msg>
<arg>${Title-path}</arg>
<arg>${Heading}</arg>
<doc>Types the given ``text`` into the text field identified by ``locator``.</doc>
<status status="PASS" start="2025-05-29T14:49:37.748421" elapsed="0.328805"/>
</kw>
<kw name="Input Text" owner="SeleniumLibrary">
<msg time="2025-05-29T14:49:38.077666" level="INFO">Typing text '' into text field 'xpath = //*[@class="MuiInputBase-root MuiOutlinedInput-root MuiInputBase-colorPrimary MuiInputBase-fullWidth MuiInputBase-formControl MuiInputBase-multiline css-15kq27i"]//textarea'.</msg>
<arg>${Description}</arg>
<arg>${Description_name}</arg>
<doc>Types the given ``text`` into the text field identified by ``locator``.</doc>
<status status="PASS" start="2025-05-29T14:49:38.077415" elapsed="0.055019"/>
</kw>
<kw name="Click Element" owner="SeleniumLibrary">
<msg time="2025-05-29T14:49:38.133319" level="INFO">Clicking element 'xpath =//*[@class="MuiInputBase-root MuiOutlinedInput-root MuiInputBase-colorPrimary MuiInputBase-formControl css-fvipm8"]'.</msg>
<arg>${TYPE}</arg>
<doc>Click the element identified by ``locator``.</doc>
<status status="PASS" start="2025-05-29T14:49:38.132900" elapsed="0.105953"/>
</kw>
<kw name="Click Element" owner="SeleniumLibrary">
<msg time="2025-05-29T14:49:38.239253" level="INFO">Clicking element 'xpath = (//*[@class="MuiButtonBase-root MuiMenuItem-root MuiMenuItem-gutters MuiMenuItem-root MuiMenuItem-gutters css-1km1ehz"])[2]'.</msg>
<arg>${Train_From_Us}</arg>
<doc>Click the element identified by ``locator``.</doc>
<status status="PASS" start="2025-05-29T14:49:38.239040" elapsed="0.127809"/>
</kw>
<kw name="Sleep" owner="BuiltIn">
<msg time="2025-05-29T14:49:40.367768" level="INFO">Slept 2 seconds.</msg>
<arg>2</arg>
<doc>Pauses the test executed for the given time.</doc>
<status status="PASS" start="2025-05-29T14:49:38.367243" elapsed="2.000675"/>
</kw>
<kw name="Click Element" owner="SeleniumLibrary">
<msg time="2025-05-29T14:49:40.368324" level="INFO">Clicking element 'xpath://*[@class="MuiDropzoneArea-root"]'.</msg>
<arg>${DROPZONE_AREA}</arg>
<doc>Click the element identified by ``locator``.</doc>
<status status="PASS" start="2025-05-29T14:49:40.368113" elapsed="0.047576"/>
</kw>
<kw name="Sleep" owner="BuiltIn">
<msg time="2025-05-29T14:49:41.417064" level="INFO">Slept 1 second.</msg>
<arg>1</arg>
<doc>Pauses the test executed for the given time.</doc>
<status status="PASS" start="2025-05-29T14:49:40.416371" elapsed="1.000810"/>
</kw>
<kw name="Set Variable" owner="BuiltIn">
<msg time="2025-05-29T14:49:41.417515" level="INFO">${file_input} = css:input[type="file"][accept="image/*"]</msg>
<var>${file_input}</var>
<arg>css:input[type="file"][accept="image/*"]</arg>
<doc>Returns the given values which can then be assigned to a variables.</doc>
<status status="PASS" start="2025-05-29T14:49:41.417356" elapsed="0.000182"/>
</kw>
<kw name="Choose File" owner="SeleniumLibrary">
<msg time="2025-05-29T14:49:41.417795" level="INFO">Sending C:\lasttry\Smartcliff_RobotFramework_Project\Resources\samplepic.jpg to browser.</msg>
<arg>${file_input}</arg>
<arg>${IMAGE_PATH}</arg>
<doc>Inputs the ``file_path`` into the file input field ``locator``.</doc>
<status status="PASS" start="2025-05-29T14:49:41.417629" elapsed="0.022968"/>
</kw>
<kw name="Sleep" owner="BuiltIn">
<msg time="2025-05-29T14:49:43.441630" level="INFO">Slept 2 seconds.</msg>
<arg>2</arg>
<doc>Pauses the test executed for the given time.</doc>
<status status="PASS" start="2025-05-29T14:49:41.440765" elapsed="2.001079"/>
</kw>
<kw name="Click Element" owner="SeleniumLibrary">
<msg time="2025-05-29T14:49:43.442439" level="INFO">Clicking element 'xpath = //*[@class="MuiButtonBase-root MuiButton-root MuiButton-contained MuiButton-containedPrimary MuiButton-sizeMedium MuiButton-containedSizeMedium MuiButton-fullWidth MuiButton-root MuiButton-contained MuiButton-containedPrimary MuiButton-sizeMedium MuiButton-containedSizeMedium MuiButton-fullWidth css-1qelgoy"]'.</msg>
<arg>${submit}</arg>
<doc>Click the element identified by ``locator``.</doc>
<status status="PASS" start="2025-05-29T14:49:43.442063" elapsed="0.054407"/>
</kw>
<kw name="Sleep" owner="BuiltIn">
<msg time="2025-05-29T14:49:48.497074" level="INFO">Slept 5 seconds.</msg>
<arg>5</arg>
<doc>Pauses the test executed for the given time.</doc>
<status status="PASS" start="2025-05-29T14:49:43.496680" elapsed="5.000505"/>
</kw>
<kw name="Get Location" owner="SeleniumLibrary">
<msg time="2025-05-29T14:49:48.504688" level="INFO">${current_url} = https://smart-cliff-admin.vercel.app/business/how-it-works-add</msg>
<var>${current_url}</var>
<doc>Returns the current browser window URL.</doc>
<status status="PASS" start="2025-05-29T14:49:48.497343" elapsed="0.007387"/>
</kw>
<kw name="Should Not Be Equal" owner="BuiltIn">
<arg>${initial_url}</arg>
<arg>${current_url}</arg>
<doc>Fails if the given objects are equal.</doc>
<status status="PASS" start="2025-05-29T14:49:48.504868" elapsed="0.000179"/>
</kw>
<arg>${Heading}</arg>
<arg>${Description_name}</arg>
<status status="PASS" start="2025-05-29T14:49:37.626209" elapsed="10.878898"/>
</kw>
<kw name="close the browser session" owner="GenericResources">
<kw name="Close Browser" owner="SeleniumLibrary">
<doc>Closes the current browser.</doc>
<status status="PASS" start="2025-05-29T14:49:48.505399" elapsed="2.257712"/>
</kw>
<status status="PASS" start="2025-05-29T14:49:48.505233" elapsed="2.257998"/>
</kw>
<arg>Heading=Good this is a title</arg>
<arg>Description_name=NA</arg>
<status status="PASS" start="2025-05-29T14:49:28.480923" elapsed="22.282355"/>
</kw>
<tag>datadriven</tag>
<tag>smoke</tag>
<status status="PASS" start="2025-05-29T14:49:28.479724" elapsed="22.283888"/>
</test>
<test id="s1-t3" name="Add New How It Work Entry with Invalid Data" line="13">
<kw name="Add New How It Work with Invalid Data">
<kw name="Run Keyword If" owner="BuiltIn">
<kw name="Set Variable" owner="BuiltIn">
<arg>${EMPTY}</arg>
<doc>Returns the given values which can then be assigned to a variables.</doc>
<status status="PASS" start="2025-05-29T14:49:50.765853" elapsed="0.000339"/>
</kw>
<msg time="2025-05-29T14:49:50.766259" level="INFO">${Heading} = </msg>
<var>${Heading}</var>
<arg>'${Heading}' == 'NA'</arg>
<arg>Set Variable</arg>
<arg>${EMPTY}</arg>
<arg>ELSE</arg>
<arg>Set Variable</arg>
<arg>${Heading}</arg>
<doc>Runs the given keyword with the given arguments, if ``condition`` is true.</doc>
<status status="PASS" start="2025-05-29T14:49:50.765679" elapsed="0.000600"/>
</kw>
<kw name="Run Keyword If" owner="BuiltIn">
<kw name="Set Variable" owner="BuiltIn">
<arg>${EMPTY}</arg>
<doc>Returns the given values which can then be assigned to a variables.</doc>
<status status="PASS" start="2025-05-29T14:49:50.766501" elapsed="0.000316"/>
</kw>
<msg time="2025-05-29T14:49:50.766873" level="INFO">${Description_name} = </msg>
<var>${Description_name}</var>
<arg>'${Description_name}' == 'NA'</arg>
<arg>Set Variable</arg>
<arg>${EMPTY}</arg>
<arg>ELSE</arg>
<arg>Set Variable</arg>
<arg>${Description_name}</arg>
<doc>Runs the given keyword with the given arguments, if ``condition`` is true.</doc>
<status status="PASS" start="2025-05-29T14:49:50.766362" elapsed="0.000530"/>
</kw>
<kw name="Log" owner="BuiltIn">
<msg time="2025-05-29T14:49:50.767046" level="INFO">Heading: </msg>
<arg>Heading: ${Heading}</arg>
<doc>Logs the given message with the given level.</doc>
<status status="PASS" start="2025-05-29T14:49:50.766966" elapsed="0.000107"/>
</kw>
<kw name="Log" owner="BuiltIn">
<msg time="2025-05-29T14:49:50.767202" level="INFO">Description: </msg>
<arg>Description: ${Description_name}</arg>
<doc>Logs the given message with the given level.</doc>
<status status="PASS" start="2025-05-29T14:49:50.767133" elapsed="0.000097"/>
</kw>
<kw name="Open the browser with url" owner="GenericResources">
<kw name="Evaluate" owner="BuiltIn">
<msg time="2025-05-29T14:49:50.767647" level="INFO">${options} = &lt;selenium.webdriver.chrome.options.Options object at 0x000001EFE4479950&gt;</msg>
<var>${options}</var>
<arg>sys.modules['selenium.webdriver'].ChromeOptions()</arg>
<arg>sys, selenium.webdriver</arg>
<doc>Evaluates the given expression in Python and returns the result.</doc>
<status status="PASS" start="2025-05-29T14:49:50.767484" elapsed="0.000184"/>
</kw>
<kw name="Call Method" owner="BuiltIn">
<arg>${options}</arg>
<arg>add_argument</arg>
<arg>--incognito</arg>
<doc>Calls the named method of the given object with the provided arguments.</doc>
<status status="PASS" start="2025-05-29T14:49:50.767741" elapsed="0.000084"/>
</kw>
<kw name="Call Method" owner="BuiltIn">
<arg>${options}</arg>
<arg>add_argument</arg>
<arg>--disable-extensions</arg>
<doc>Calls the named method of the given object with the provided arguments.</doc>
<status status="PASS" start="2025-05-29T14:49:50.767890" elapsed="0.000070"/>
</kw>
<kw name="Call Method" owner="BuiltIn">
<arg>${options}</arg>
<arg>add_argument</arg>
<arg>--disable-notifications</arg>
<doc>Calls the named method of the given object with the provided arguments.</doc>
<status status="PASS" start="2025-05-29T14:49:50.768018" elapsed="0.000070"/>
</kw>
<kw name="Call Method" owner="BuiltIn">
<arg>${options}</arg>
<arg>add_argument</arg>
<arg>--disable-popup-blocking</arg>
<doc>Calls the named method of the given object with the provided arguments.</doc>
<status status="PASS" start="2025-05-29T14:49:50.768146" elapsed="0.000069"/>
</kw>
<kw name="Call Method" owner="BuiltIn">
<arg>${options}</arg>
<arg>add_argument</arg>
<arg>--start-maximized</arg>
<doc>Calls the named method of the given object with the provided arguments.</doc>
<status status="PASS" start="2025-05-29T14:49:50.768272" elapsed="0.000068"/>
</kw>
<kw name="Evaluate" owner="BuiltIn">
<msg time="2025-05-29T14:49:50.768505" level="INFO">${prefs} = {'credentials_enable_service': False, 'profile.password_manager_enabled': False}</msg>
<var>${prefs}</var>
<arg>{"credentials_enable_service": False, "profile.password_manager_enabled": False}</arg>
<doc>Evaluates the given expression in Python and returns the result.</doc>
<status status="PASS" start="2025-05-29T14:49:50.768401" elapsed="0.000125"/>
</kw>
<kw name="Call Method" owner="BuiltIn">
<arg>${options}</arg>
<arg>add_experimental_option</arg>
<arg>prefs</arg>
<arg>${prefs}</arg>
<doc>Calls the named method of the given object with the provided arguments.</doc>
<status status="PASS" start="2025-05-29T14:49:50.768593" elapsed="0.000089"/>
</kw>
<kw name="Open Browser" owner="SeleniumLibrary">
<msg time="2025-05-29T14:49:50.768925" level="INFO">Opening browser 'chrome' to base url 'https://smart-cliff-admin.vercel.app/'.</msg>
<arg>${url}</arg>
<arg>${browser}</arg>
<arg>options=${options}</arg>
<doc>Opens a new browser instance to the optional ``url``.</doc>
<status status="PASS" start="2025-05-29T14:49:50.768775" elapsed="2.997919"/>
</kw>
<kw name="Maximize Browser Window" owner="SeleniumLibrary">
<doc>Maximizes current browser window.</doc>
<status status="PASS" start="2025-05-29T14:49:53.766907" elapsed="0.002397"/>
</kw>
<kw name="Set Selenium Implicit Wait" owner="SeleniumLibrary">
<arg>5</arg>
<doc>Sets the implicit wait value used by Selenium.</doc>
<status status="PASS" start="2025-05-29T14:49:53.769463" elapsed="0.001593"/>
</kw>
<status status="PASS" start="2025-05-29T14:49:50.767342" elapsed="3.003852"/>
</kw>
<kw name="fill the login form" owner="LoginResources">
<kw name="Input Text" owner="SeleniumLibrary">
<msg time="2025-05-29T14:49:53.771765" level="INFO">Typing text 'smart@gmail.com' into text field 'xpath=//div[@class='MuiInputBase-root MuiOutlinedInput-root MuiInputBase-colorPrimary MuiInputBase-fullWidth MuiInputBase-formControl css-1bp1ao6']/descendant::input[@name='email']'.</msg>
<arg>${user}</arg>
<arg>${Username}</arg>
<doc>Types the given ``text`` into the text field identified by ``locator``.</doc>
<status status="PASS" start="2025-05-29T14:49:53.771613" elapsed="0.169810"/>
</kw>
<kw name="Input Password" owner="SeleniumLibrary">
<msg time="2025-05-29T14:49:53.942275" level="INFO">Typing password into text field 'xpath=//div[@class='MuiInputBase-root MuiOutlinedInput-root MuiInputBase-colorPrimary MuiInputBase-fullWidth MuiInputBase-formControl css-1bp1ao6']/descendant::input[@name='password']'.</msg>
<msg time="2025-05-29T14:49:54.040508" level="INFO">Temporally setting log level to: NONE</msg>
<arg>${pass}</arg>
<arg>${Password}</arg>
<doc>Types the given password into the text field identified by ``locator``.</doc>
<status status="PASS" start="2025-05-29T14:49:53.941820" elapsed="0.177569"/>
</kw>
<kw name="Click Button" owner="SeleniumLibrary">
<msg time="2025-05-29T14:49:54.119787" level="INFO">Clicking button 'xpath=//button[@id='signin-submit']'.</msg>
<arg>${login}</arg>
<doc>Clicks the button identified by ``locator``.</doc>
<status status="PASS" start="2025-05-29T14:49:54.119582" elapsed="0.141039"/>
</kw>
<kw name="Sleep" owner="BuiltIn">
<msg time="2025-05-29T14:49:59.261555" level="INFO">Slept 5 seconds.</msg>
<arg>5</arg>
<doc>Pauses the test executed for the given time.</doc>
<status status="PASS" start="2025-05-29T14:49:54.260879" elapsed="5.000797"/>
</kw>
<arg>${Username}</arg>
<arg>${Password}</arg>
<status status="PASS" start="2025-05-29T14:49:53.771346" elapsed="5.490430"/>
</kw>
<kw name="User visit the How It Work page By clicking icon" owner="HowItWorkResources">
<kw name="Click Element" owner="SeleniumLibrary">
<msg time="2025-05-29T14:49:59.262327" level="INFO">Clicking element 'xpath = //*[@class="MuiList-root MuiList-padding css-1ontqvh"]//child::li[6]'.</msg>
<arg>${Bussiness}</arg>
<doc>Click the element identified by ``locator``.</doc>
<status status="PASS" start="2025-05-29T14:49:59.262177" elapsed="0.056981"/>
</kw>
<kw name="Click Element" owner="SeleniumLibrary">
<msg time="2025-05-29T14:49:59.319986" level="INFO">Clicking element 'xpath = //*[@class="MuiList-root MuiList-padding css-1ontqvh"]//child::li[6]//div[3]'.</msg>
<arg>${HowItWork}</arg>
<doc>Click the element identified by ``locator``.</doc>
<status status="PASS" start="2025-05-29T14:49:59.319605" elapsed="0.218579"/>
</kw>
<kw name="Element Should Be Visible" owner="SeleniumLibrary">
<msg time="2025-05-29T14:49:59.933031" level="INFO">Element 'xpath = //*[@class="MuiTypography-root MuiTypography-h4 css-1oijgnj"]' is displayed.</msg>
<arg>${HowItWorkPage}</arg>
<doc>Verifies that the element identified by ``locator`` is visible.</doc>
<status status="PASS" start="2025-05-29T14:49:59.538671" elapsed="0.394449"/>
</kw>
<status status="PASS" start="2025-05-29T14:49:59.261955" elapsed="0.671244"/>
</kw>
<kw name="Run Keyword If" owner="BuiltIn">
<kw name="Log" owner="BuiltIn">
<msg time="2025-05-29T14:49:59.933617" level="INFO">Warning: Heading is empty</msg>
<arg>Warning: Heading is empty</arg>
<doc>Logs the given message with the given level.</doc>
<status status="PASS" start="2025-05-29T14:49:59.933540" elapsed="0.000111"/>
</kw>
<arg>'${Heading}' == ''</arg>
<arg>Log</arg>
<arg>Warning: Heading is empty</arg>
<doc>Runs the given keyword with the given arguments, if ``condition`` is true.</doc>
<status status="PASS" start="2025-05-29T14:49:59.933320" elapsed="0.000373"/>
</kw>
<kw name="Run Keyword If" owner="BuiltIn">
<kw name="Log" owner="BuiltIn">
<msg time="2025-05-29T14:49:59.933974" level="INFO">Warning: Description is empty</msg>
<arg>Warning: Description is empty</arg>
<doc>Logs the given message with the given level.</doc>
<status status="PASS" start="2025-05-29T14:49:59.933912" elapsed="0.000093"/>
</kw>
<arg>'${Description_name}' == ''</arg>
<arg>Log</arg>
<arg>Warning: Description is empty</arg>
<doc>Runs the given keyword with the given arguments, if ``condition`` is true.</doc>
<status status="PASS" start="2025-05-29T14:49:59.933769" elapsed="0.000275"/>
</kw>
<kw name="Add New How It Work with Invalid Data" owner="HowItWorkResources">
<kw name="Get Element Count" owner="SeleniumLibrary">
<msg time="2025-05-29T14:49:59.942120" level="INFO">${row_count} = 7</msg>
<var>${row_count}</var>
<arg>${count}</arg>
<doc>Returns the number of elements matching ``locator``.</doc>
<status status="PASS" start="2025-05-29T14:49:59.934425" elapsed="0.007737"/>
</kw>
<kw name="Get Location" owner="SeleniumLibrary">
<msg time="2025-05-29T14:49:59.945565" level="INFO">${initial_url} = https://smart-cliff-admin.vercel.app/business/how-it-works-control</msg>
<var>${initial_url}</var>
<doc>Returns the current browser window URL.</doc>
<status status="PASS" start="2025-05-29T14:49:59.942302" elapsed="0.003302"/>
</kw>
<kw name="Click Element" owner="SeleniumLibrary">
<msg time="2025-05-29T14:49:59.945897" level="INFO">Clicking element 'xpath = //*[@class="MuiGrid-root MuiGrid-item MuiGrid-grid-xs-12 MuiGrid-grid-md-6 css-1gt1d87"]//child::button'.</msg>
<arg>${AddNer}</arg>
<doc>Click the element identified by ``locator``.</doc>
<status status="PASS" start="2025-05-29T14:49:59.945736" elapsed="0.097931"/>
</kw>
<kw name="Input Text" owner="SeleniumLibrary">
<msg time="2025-05-29T14:50:00.044191" level="INFO">Typing text '' into text field 'xpath = //*[@class="MuiInputBase-root MuiOutlinedInput-root MuiInputBase-colorPrimary MuiInputBase-fullWidth MuiInputBase-formControl css-1bp1ao6"]//input'.</msg>
<arg>${Title-path}</arg>
<arg>${Heading}</arg>
<doc>Types the given ``text`` into the text field identified by ``locator``.</doc>
<status status="PASS" start="2025-05-29T14:50:00.043913" elapsed="0.055714"/>
</kw>
<kw name="Input Text" owner="SeleniumLibrary">
<msg time="2025-05-29T14:50:00.100639" level="INFO">Typing text '' into text field 'xpath = //*[@class="MuiInputBase-root MuiOutlinedInput-root MuiInputBase-colorPrimary MuiInputBase-fullWidth MuiInputBase-formControl MuiInputBase-multiline css-15kq27i"]//textarea'.</msg>
<arg>${Description}</arg>
<arg>${Description_name}</arg>
<doc>Types the given ``text`` into the text field identified by ``locator``.</doc>
<status status="PASS" start="2025-05-29T14:50:00.100073" elapsed="0.089141"/>
</kw>
<kw name="Click Element" owner="SeleniumLibrary">
<msg time="2025-05-29T14:50:00.189575" level="INFO">Clicking element 'xpath =//*[@class="MuiInputBase-root MuiOutlinedInput-root MuiInputBase-colorPrimary MuiInputBase-formControl css-fvipm8"]'.</msg>
<arg>${TYPE}</arg>
<doc>Click the element identified by ``locator``.</doc>
<status status="PASS" start="2025-05-29T14:50:00.189382" elapsed="0.074950"/>
</kw>
<kw name="Click Element" owner="SeleniumLibrary">
<msg time="2025-05-29T14:50:00.264817" level="INFO">Clicking element 'xpath = (//*[@class="MuiButtonBase-root MuiMenuItem-root MuiMenuItem-gutters MuiMenuItem-root MuiMenuItem-gutters css-1km1ehz"])[2]'.</msg>
<arg>${Train_From_Us}</arg>
<doc>Click the element identified by ``locator``.</doc>
<status status="PASS" start="2025-05-29T14:50:00.264580" elapsed="0.100908"/>
</kw>
<kw name="Sleep" owner="BuiltIn">
<msg time="2025-05-29T14:50:02.366355" level="INFO">Slept 2 seconds.</msg>
<arg>2</arg>
<doc>Pauses the test executed for the given time.</doc>
<status status="PASS" start="2025-05-29T14:50:00.365747" elapsed="2.000753"/>
</kw>
<kw name="Click Element" owner="SeleniumLibrary">
<msg time="2025-05-29T14:50:02.366971" level="INFO">Clicking element 'xpath://*[@class="MuiDropzoneArea-root"]'.</msg>
<arg>${DROPZONE_AREA}</arg>
<doc>Click the element identified by ``locator``.</doc>
<status status="PASS" start="2025-05-29T14:50:02.366691" elapsed="0.041396"/>
</kw>
<kw name="Sleep" owner="BuiltIn">
<msg time="2025-05-29T14:50:03.408949" level="INFO">Slept 1 second.</msg>
<arg>1</arg>
<doc>Pauses the test executed for the given time.</doc>
<status status="PASS" start="2025-05-29T14:50:02.408255" elapsed="1.000823"/>
</kw>
<kw name="Set Variable" owner="BuiltIn">
<msg time="2025-05-29T14:50:03.409397" level="INFO">${file_input} = css:input[type="file"][accept="image/*"]</msg>
<var>${file_input}</var>
<arg>css:input[type="file"][accept="image/*"]</arg>
<doc>Returns the given values which can then be assigned to a variables.</doc>
<status status="PASS" start="2025-05-29T14:50:03.409239" elapsed="0.000306"/>
</kw>
<kw name="Choose File" owner="SeleniumLibrary">
<msg time="2025-05-29T14:50:03.409820" level="INFO">Sending C:\lasttry\Smartcliff_RobotFramework_Project\Resources\samplepic.jpg to browser.</msg>
<arg>${file_input}</arg>
<arg>${IMAGE_PATH}</arg>
<doc>Inputs the ``file_path`` into the file input field ``locator``.</doc>
<status status="PASS" start="2025-05-29T14:50:03.409651" elapsed="0.023532"/>
</kw>
<kw name="Sleep" owner="BuiltIn">
<msg time="2025-05-29T14:50:05.433840" level="INFO">Slept 2 seconds.</msg>
<arg>2</arg>
<doc>Pauses the test executed for the given time.</doc>
<status status="PASS" start="2025-05-29T14:50:03.433362" elapsed="2.000588"/>
</kw>
<kw name="Click Element" owner="SeleniumLibrary">
<msg time="2025-05-29T14:50:05.434287" level="INFO">Clicking element 'xpath = //*[@class="MuiButtonBase-root MuiButton-root MuiButton-contained MuiButton-containedPrimary MuiButton-sizeMedium MuiButton-containedSizeMedium MuiButton-fullWidth MuiButton-root MuiButton-contained MuiButton-containedPrimary MuiButton-sizeMedium MuiButton-containedSizeMedium MuiButton-fullWidth css-1qelgoy"]'.</msg>
<arg>${submit}</arg>
<doc>Click the element identified by ``locator``.</doc>
<status status="PASS" start="2025-05-29T14:50:05.434104" elapsed="0.051253"/>
</kw>
<kw name="Sleep" owner="BuiltIn">
<msg time="2025-05-29T14:50:10.486056" level="INFO">Slept 5 seconds.</msg>
<arg>5</arg>
<doc>Pauses the test executed for the given time.</doc>
<status status="PASS" start="2025-05-29T14:50:05.485587" elapsed="5.000974"/>
</kw>
<kw name="Get Location" owner="SeleniumLibrary">
<msg time="2025-05-29T14:50:10.497849" level="INFO">${current_url} = https://smart-cliff-admin.vercel.app/business/how-it-works-add</msg>
<var>${current_url}</var>
<doc>Returns the current browser window URL.</doc>
<status status="PASS" start="2025-05-29T14:50:10.487011" elapsed="0.010878"/>
</kw>
<kw name="Should Not Be Equal" owner="BuiltIn">
<arg>${initial_url}</arg>
<arg>${current_url}</arg>
<doc>Fails if the given objects are equal.</doc>
<status status="PASS" start="2025-05-29T14:50:10.498028" elapsed="0.000181"/>
</kw>
<arg>${Heading}</arg>
<arg>${Description_name}</arg>
<status status="PASS" start="2025-05-29T14:49:59.934195" elapsed="10.564075"/>
</kw>
<kw name="close the browser session" owner="GenericResources">
<kw name="Close Browser" owner="SeleniumLibrary">
<doc>Closes the current browser.</doc>
<status status="PASS" start="2025-05-29T14:50:10.498562" elapsed="2.252694"/>
</kw>
<status status="PASS" start="2025-05-29T14:50:10.498393" elapsed="2.252983"/>
</kw>
<arg>Heading=NA</arg>
<arg>Description_name=NA</arg>
<status status="PASS" start="2025-05-29T14:49:50.765457" elapsed="21.985966"/>
</kw>
<tag>datadriven</tag>
<tag>smoke</tag>
<status status="PASS" start="2025-05-29T14:49:50.764335" elapsed="21.987272"/>
</test>
<status status="PASS" start="2025-05-29T14:49:05.906609" elapsed="66.845418"/>
</suite>
<statistics>
<total>
<stat pass="3" fail="0" skip="0">All Tests</stat>
</total>
<tag>
<stat pass="3" fail="0" skip="0">datadriven</stat>
<stat pass="3" fail="0" skip="0">smoke</stat>
</tag>
<suite>
<stat name="Howitwork Datadriven" id="s1" pass="3" fail="0" skip="0">Howitwork Datadriven</stat>
</suite>
</statistics>
<errors>
<msg time="2025-05-29T14:49:28.479844" level="WARN">Multiple tests with name 'Add New How It Work Entry with Invalid Data' executed in suite 'Howitwork Datadriven'.</msg>
<msg time="2025-05-29T14:49:50.764407" level="WARN">Multiple tests with name 'Add New How It Work Entry with Invalid Data' executed in suite 'Howitwork Datadriven'.</msg>
</errors>
</robot>
