<?xml version="1.0" encoding="UTF-8"?>
<robot generator="Robot 7.2.2 (Python 3.13.3 on win32)" generated="2025-05-28T16:40:35.320898" rpa="false" schemaversion="5">
<suite id="s1" name="ClientTest" source="D:\Smartcliff-Robot-Framework\Smartcliff_RobotFramework_Project\TestCases\ClientTest.robot">
<test id="s1-t1" name="Access Clear functionality" line="14">
<kw name="Validate 'Clear Filters' Functionality">
<kw name="Open the browser with url" owner="GenericResources">
<kw name="Evaluate" owner="BuiltIn">
<msg time="2025-05-28T16:40:36.948919" level="INFO">${options} = &lt;selenium.webdriver.chrome.options.Options object at 0x0000021CE9CEFB60&gt;</msg>
<var>${options}</var>
<arg>sys.modules['selenium.webdriver'].ChromeOptions()</arg>
<arg>sys, selenium.webdriver</arg>
<doc>Evaluates the given expression in Python and returns the result.</doc>
<status status="PASS" start="2025-05-28T16:40:36.947759" elapsed="0.001324"/>
</kw>
<kw name="Call Method" owner="BuiltIn">
<arg>${options}</arg>
<arg>add_argument</arg>
<arg>--incognito</arg>
<doc>Calls the named method of the given object with the provided arguments.</doc>
<status status="PASS" start="2025-05-28T16:40:36.949676" elapsed="0.000627"/>
</kw>
<kw name="Call Method" owner="BuiltIn">
<arg>${options}</arg>
<arg>add_argument</arg>
<arg>--disable-extensions</arg>
<doc>Calls the named method of the given object with the provided arguments.</doc>
<status status="PASS" start="2025-05-28T16:40:36.950857" elapsed="0.000613"/>
</kw>
<kw name="Call Method" owner="BuiltIn">
<arg>${options}</arg>
<arg>add_argument</arg>
<arg>--disable-notifications</arg>
<doc>Calls the named method of the given object with the provided arguments.</doc>
<status status="PASS" start="2025-05-28T16:40:36.952012" elapsed="0.000532"/>
</kw>
<kw name="Call Method" owner="BuiltIn">
<arg>${options}</arg>
<arg>add_argument</arg>
<arg>--disable-popup-blocking</arg>
<doc>Calls the named method of the given object with the provided arguments.</doc>
<status status="PASS" start="2025-05-28T16:40:36.952979" elapsed="0.000512"/>
</kw>
<kw name="Call Method" owner="BuiltIn">
<arg>${options}</arg>
<arg>add_argument</arg>
<arg>--start-maximized</arg>
<doc>Calls the named method of the given object with the provided arguments.</doc>
<status status="PASS" start="2025-05-28T16:40:36.953950" elapsed="0.000581"/>
</kw>
<kw name="Evaluate" owner="BuiltIn">
<msg time="2025-05-28T16:40:37.009741" level="INFO">${prefs} = {'credentials_enable_service': False, 'profile.password_manager_enabled': False}</msg>
<var>${prefs}</var>
<arg>{"credentials_enable_service": False, "profile.password_manager_enabled": False}</arg>
<doc>Evaluates the given expression in Python and returns the result.</doc>
<status status="PASS" start="2025-05-28T16:40:36.961334" elapsed="0.048641"/>
</kw>
<kw name="Call Method" owner="BuiltIn">
<arg>${options}</arg>
<arg>add_experimental_option</arg>
<arg>prefs</arg>
<arg>${prefs}</arg>
<doc>Calls the named method of the given object with the provided arguments.</doc>
<status status="PASS" start="2025-05-28T16:40:37.010923" elapsed="0.020430"/>
</kw>
<kw name="Open Browser" owner="SeleniumLibrary">
<msg time="2025-05-28T16:40:37.050785" level="INFO">Opening browser 'chrome' to base url 'https://smart-cliff-admin.vercel.app/'.</msg>
<arg>${url}</arg>
<arg>${browser}</arg>
<arg>options=${options}</arg>
<doc>Opens a new browser instance to the optional ``url``.</doc>
<status status="PASS" start="2025-05-28T16:40:37.049569" elapsed="15.381681"/>
</kw>
<kw name="Maximize Browser Window" owner="SeleniumLibrary">
<doc>Maximizes current browser window.</doc>
<status status="PASS" start="2025-05-28T16:40:52.432051" elapsed="1.045672"/>
</kw>
<kw name="Set Selenium Implicit Wait" owner="SeleniumLibrary">
<arg>10</arg>
<doc>Sets the implicit wait value used by Selenium.</doc>
<status status="PASS" start="2025-05-28T16:40:53.478362" elapsed="0.054101"/>
</kw>
<status status="PASS" start="2025-05-28T16:40:36.945231" elapsed="16.587636"/>
</kw>
<kw name="fill the login form" owner="LoginResources">
<kw name="Input Text" owner="SeleniumLibrary">
<msg time="2025-05-28T16:40:53.537551" level="INFO">Typing text 'smart@gmail.com' into text field 'xpath=//div[@class='MuiInputBase-root MuiOutlinedInput-root MuiInputBase-colorPrimary MuiInputBase-fullWidth MuiInputBase-formControl css-1bp1ao6']/descendant::input[@name='email']'.</msg>
<arg>${user}</arg>
<arg>${Username}</arg>
<doc>Types the given ``text`` into the text field identified by ``locator``.</doc>
<status status="PASS" start="2025-05-28T16:40:53.534837" elapsed="17.041397"/>
</kw>
<kw name="Input Password" owner="SeleniumLibrary">
<msg time="2025-05-28T16:41:10.578730" level="INFO">Typing password into text field 'xpath=//div[@class='MuiInputBase-root MuiOutlinedInput-root MuiInputBase-colorPrimary MuiInputBase-fullWidth MuiInputBase-formControl css-1bp1ao6']/descendant::input[@name='password']'.</msg>
<msg time="2025-05-28T16:41:10.891982" level="INFO">Temporally setting log level to: NONE</msg>
<arg>${pass}</arg>
<arg>${Password}</arg>
<doc>Types the given password into the text field identified by ``locator``.</doc>
<status status="PASS" start="2025-05-28T16:41:10.577802" elapsed="0.610470"/>
</kw>
<kw name="Click Button" owner="SeleniumLibrary">
<msg time="2025-05-28T16:41:11.189468" level="INFO">Clicking button 'xpath=//button[@id='signin-submit']'.</msg>
<arg>${login}</arg>
<doc>Clicks the button identified by ``locator``.</doc>
<status status="PASS" start="2025-05-28T16:41:11.188756" elapsed="0.476111"/>
</kw>
<kw name="Sleep" owner="BuiltIn">
<msg time="2025-05-28T16:41:16.668923" level="INFO">Slept 5 seconds.</msg>
<arg>5</arg>
<doc>Pauses the test executed for the given time.</doc>
<status status="PASS" start="2025-05-28T16:41:11.666123" elapsed="5.003113"/>
</kw>
<arg>smart@gmail.com</arg>
<arg>1234</arg>
<status status="PASS" start="2025-05-28T16:40:53.533531" elapsed="23.136237"/>
</kw>
<kw name="Click the menu button to open the sidebar." owner="ClientResources">
<kw name="Wait Until Element Is Visible" owner="SeleniumLibrary">
<arg>${menu}</arg>
<arg>10</arg>
<doc>Waits until the element ``locator`` is visible.</doc>
<status status="PASS" start="2025-05-28T16:41:16.672086" elapsed="1.501343"/>
</kw>
<kw name="Click Button" owner="SeleniumLibrary">
<msg time="2025-05-28T16:41:18.174589" level="INFO">Clicking button 'xpath=//div[@class='MuiToolbar-root MuiToolbar-gutters MuiToolbar-regular css-i6s8oy']/child::button[1]'.</msg>
<arg>${menu}</arg>
<doc>Clicks the button identified by ``locator``.</doc>
<status status="PASS" start="2025-05-28T16:41:18.173980" elapsed="3.892968"/>
</kw>
<status status="PASS" start="2025-05-28T16:41:16.670644" elapsed="5.396660"/>
</kw>
<kw name="Click the Business option in the menu." owner="ClientResources">
<kw name="Wait Until Element Is Visible" owner="SeleniumLibrary">
<arg>${business}</arg>
<arg>10</arg>
<doc>Waits until the element ``locator`` is visible.</doc>
<status status="PASS" start="2025-05-28T16:41:22.068953" elapsed="0.372625"/>
</kw>
<kw name="Click Element" owner="SeleniumLibrary">
<msg time="2025-05-28T16:41:22.443014" level="INFO">Clicking element 'xpath=(//li[@class='MuiListItem-root MuiListItem-gutters css-bkmufr'])[6]/child::div'.</msg>
<arg>${business}</arg>
<doc>Click the element identified by ``locator``.</doc>
<status status="PASS" start="2025-05-28T16:41:22.442175" elapsed="0.817960"/>
</kw>
<status status="PASS" start="2025-05-28T16:41:22.068011" elapsed="1.192465"/>
</kw>
<kw name="Click the Client option under Business." owner="ClientResources">
<kw name="Click Element" owner="SeleniumLibrary">
<msg time="2025-05-28T16:41:23.269547" level="INFO">Clicking element 'xpath=(//div[@class='MuiListItemText-root css-1tsvksn'])[4]/child::span'.</msg>
<arg>${client}</arg>
<doc>Click the element identified by ``locator``.</doc>
<status status="PASS" start="2025-05-28T16:41:23.268819" elapsed="1.235337"/>
</kw>
<status status="PASS" start="2025-05-28T16:41:23.263343" elapsed="1.241114"/>
</kw>
<kw name="Enter a name in the input field." owner="ClientResources">
<kw name="Input Text" owner="SeleniumLibrary">
<msg time="2025-05-28T16:41:24.507218" level="INFO">Typing text 'Jeevika' into text field 'xpath=//div[@class='MuiInputBase-root MuiOutlinedInput-root MuiInputBase-colorPrimary MuiInputBase-fullWidth MuiInputBase-formControl MuiInputBase-sizeSmall MuiInputBase-adornedStart css-2xhzvc']/child::input'.</msg>
<arg>${search-name}</arg>
<arg>${name}</arg>
<doc>Types the given ``text`` into the text field identified by ``locator``.</doc>
<status status="PASS" start="2025-05-28T16:41:24.506606" elapsed="2.211462"/>
</kw>
<status status="PASS" start="2025-05-28T16:41:24.505811" elapsed="2.212588"/>
</kw>
<kw name="Click the 'Clear' button" owner="ClientResources">
<kw name="Click Button" owner="SeleniumLibrary">
<msg time="2025-05-28T16:41:26.720407" level="INFO">Clicking button 'xpath=//div[@class='MuiGrid-root MuiGrid-item MuiGrid-grid-xs-6 MuiGrid-grid-md-3 css-18tn63a']/child::button'.</msg>
<arg>${clear}</arg>
<doc>Clicks the button identified by ``locator``.</doc>
<status status="PASS" start="2025-05-28T16:41:26.719630" elapsed="0.473149"/>
</kw>
<status status="PASS" start="2025-05-28T16:41:26.718844" elapsed="0.474260"/>
</kw>
<kw name="verify that the filter is removed correctly." owner="ClientResources">
<kw name="Element Should Not Contain" owner="SeleniumLibrary">
<msg time="2025-05-28T16:41:27.298597" level="INFO">Element 'xpath=//div[@class='MuiInputBase-root MuiOutlinedInput-root MuiInputBase-colorPrimary MuiInputBase-fullWidth MuiInputBase-formControl MuiInputBase-sizeSmall MuiInputBase-adornedStart css-2xhzvc']/child::input' does not contain text 'Jeevika'.</msg>
<arg>${search-name}</arg>
<arg>${name}</arg>
<doc>Verifies that element ``locator`` does not contain text ``expected``.</doc>
<status status="PASS" start="2025-05-28T16:41:27.194396" elapsed="0.104471"/>
</kw>
<status status="PASS" start="2025-05-28T16:41:27.193578" elapsed="0.105663"/>
</kw>
<status status="PASS" start="2025-05-28T16:40:36.942624" elapsed="50.356829"/>
</kw>
<tag>clear</tag>
<status status="PASS" start="2025-05-28T16:40:36.940125" elapsed="50.364765"/>
</test>
<status status="PASS" start="2025-05-28T16:40:35.326325" elapsed="52.014421"/>
</suite>
<statistics>
<total>
<stat pass="1" fail="0" skip="0">All Tests</stat>
</total>
<tag>
<stat pass="1" fail="0" skip="0">clear</stat>
</tag>
<suite>
<stat name="ClientTest" id="s1" pass="1" fail="0" skip="0">ClientTest</stat>
</suite>
</statistics>
<errors>
</errors>
</robot>
